<?xml version="1.0" encoding="utf-8"?><testsuites name="pytest tests"><testsuite name="pytest" errors="0" failures="0" skipped="0" tests="65" time="6.734" timestamp="2025-12-02T15:50:57.828678+00:00" hostname="Admins-MBP"><testcase classname="tests.test_app.TestHealthEndpoints" name="test_root_endpoint" time="0.034" /><testcase classname="tests.test_app.TestHealthEndpoints" name="test_health_check_endpoint" time="0.006" /><testcase classname="tests.test_app.TestRecommendEndpoint" name="test_successful_recommendation" time="0.020" /><testcase classname="tests.test_app.TestRecommendEndpoint" name="test_recommendation_with_all_params" time="0.009" /><testcase classname="tests.test_app.TestRecommendEndpoint" name="test_recommendation_with_minimal_params" time="0.010" /><testcase classname="tests.test_app.TestRecommendEndpoint" name="test_handles_recommendation_error" time="0.010" /><testcase classname="tests.test_app.TestRecommendEndpoint" name="test_optional_fields_default_values" time="0.009" /><testcase classname="tests.test_app.TestCORS" name="test_cors_headers_present" time="0.007" /><testcase classname="tests.test_app.TestCORS" name="test_localhost_origin_allowed" time="0.008" /><testcase classname="tests.test_app.TestRequestValidation" name="test_mood_field_accepts_string" time="0.009" /><testcase classname="tests.test_app.TestRequestValidation" name="test_mood_field_accepts_null" time="0.010" /><testcase classname="tests.test_app.TestRequestValidation" name="test_number_recommended_accepts_integer" time="0.010" /><testcase classname="tests.test_app.TestRequestValidation" name="test_selected_genres_accepts_list" time="0.011" /><testcase classname="tests.test_filter_utils.TestSafeParseList" name="test_none_returns_empty_list" time="0.001" /><testcase classname="tests.test_filter_utils.TestSafeParseList" name="test_nan_returns_empty_list" time="0.004" /><testcase classname="tests.test_filter_utils.TestSafeParseList" name="test_float_returns_empty_list" time="0.001" /><testcase classname="tests.test_filter_utils.TestSafeParseList" name="test_already_list_returns_list" time="0.002" /><testcase classname="tests.test_filter_utils.TestSafeParseList" name="test_valid_string_parses_to_list" time="0.001" /><testcase classname="tests.test_filter_utils.TestSafeParseList" name="test_empty_string_returns_empty_list" time="0.003" /><testcase classname="tests.test_filter_utils.TestSafeParseList" name="test_invalid_string_returns_empty_list" time="0.001" /><testcase classname="tests.test_filter_utils.TestSafeParseList" name="test_list_with_none_filters_none" time="0.002" /><testcase classname="tests.test_filter_utils.TestFilterDataframe" name="test_empty_dataframe_returns_empty" time="0.008" /><testcase classname="tests.test_filter_utils.TestFilterDataframe" name="test_genre_filtering_by_mood" time="0.036" /><testcase classname="tests.test_filter_utils.TestFilterDataframe" name="test_genre_filtering_by_selected_genres" time="0.012" /><testcase classname="tests.test_filter_utils.TestFilterDataframe" name="test_country_filtering" time="0.011" /><testcase classname="tests.test_filter_utils.TestFilterDataframe" name="test_mainstream_popularity_filter" time="0.014" /><testcase classname="tests.test_filter_utils.TestFilterDataframe" name="test_niche_popularity_filter" time="0.012" /><testcase classname="tests.test_filter_utils.TestFilterDataframe" name="test_combined_filters" time="0.014" /><testcase classname="tests.test_filter_utils.TestFilterDataframe" name="test_removes_empty_genre_lists" time="0.013" /><testcase classname="tests.test_filter_utils.TestFilterDataframe" name="test_handles_invalid_genres" time="0.015" /><testcase classname="tests.test_filter_utils.TestFilterDataframeEdgeCases" name="test_no_matching_genres" time="0.009" /><testcase classname="tests.test_filter_utils.TestFilterDataframeEdgeCases" name="test_all_genres_invalid" time="0.011" /><testcase classname="tests.test_main.TestGetIds" name="test_single_id" time="0.003" /><testcase classname="tests.test_main.TestGetIds" name="test_ids_with_whitespace" time="0.001" /><testcase classname="tests.test_main.TestGetIds" name="test_empty_response" time="0.001" /><testcase classname="tests.test_main.TestGetIds" name="test_only_text_returns_empty" time="0.001" /><testcase classname="tests.test_main.TestIdsToJson" name="test_single_id_conversion" time="0.012" /><testcase classname="tests.test_main.TestIdsToJson" name="test_multiple_ids_conversion" time="0.008" /><testcase classname="tests.test_main.TestIdsToJson" name="test_json_contains_content_field" time="0.007" /><testcase classname="tests.test_main.TestIdsToJson" name="test_missing_id_skipped" time="0.009" /><testcase classname="tests.test_main.TestIdsToJson" name="test_empty_ids_list" time="0.007" /><testcase classname="tests.test_main.TestIdsToJson" name="test_poster_url_format" time="0.008" /><testcase classname="tests.test_main.TestRecommendMovies" name="test_basic_recommendation_flow" time="0.112" /><testcase classname="tests.test_main.TestRecommendMovies" name="test_empty_database_result" time="0.089" /><testcase classname="tests.test_main.TestRecommendMovies" name="test_no_matching_movies_after_filter" time="0.089" /><testcase classname="tests.test_main.TestRecommendMovies" name="test_handles_ai_error_gracefully" time="0.099" /><testcase classname="tests.test_main.TestRecommendMovies" name="test_previous_ids_excluded" time="0.100" /><testcase classname="tests.test_main.TestRecommendMovies" name="test_number_recommended_respected" time="0.107" /><testcase classname="tests.test_main.TestRecommendMoviesEdgeCases" name="test_handles_missing_optional_params" time="0.092" /><testcase classname="tests.test_main.TestRecommendMoviesEdgeCases" name="test_handles_database_connection_error" time="0.082" /><testcase classname="tests.test_sql_utils.TestBuildSqlQuery" name="test_no_filters_returns_base_query" time="0.001" /><testcase classname="tests.test_sql_utils.TestBuildSqlQuery" name="test_runtime_filter" time="0.001" /><testcase classname="tests.test_sql_utils.TestBuildSqlQuery" name="test_runtime_filter_min_zero" time="0.001" /><testcase classname="tests.test_sql_utils.TestBuildSqlQuery" name="test_language_filter" time="0.001" /><testcase classname="tests.test_sql_utils.TestBuildSqlQuery" name="test_era_old_filter" time="0.001" /><testcase classname="tests.test_sql_utils.TestBuildSqlQuery" name="test_era_actual_filter" time="0.001" /><testcase classname="tests.test_sql_utils.TestBuildSqlQuery" name="test_era_new_filter" time="0.001" /><testcase classname="tests.test_sql_utils.TestBuildSqlQuery" name="test_previous_ids_single" time="0.002" /><testcase classname="tests.test_sql_utils.TestBuildSqlQuery" name="test_previous_ids_multiple" time="0.003" /><testcase classname="tests.test_sql_utils.TestBuildSqlQuery" name="test_previous_ids_empty_list" time="0.002" /><testcase classname="tests.test_sql_utils.TestBuildSqlQuery" name="test_combined_filters" time="0.001" /><testcase classname="tests.test_sql_utils.TestBuildSqlQuery" name="test_query_always_ends_with_order_by" time="0.003" /><testcase classname="tests.test_sql_utils.TestBuildSqlQuery" name="test_query_selects_required_columns" time="0.003" /><testcase classname="tests.test_sql_utils.TestBuildSqlQueryEdgeCases" name="test_invalid_era_value" time="0.002" /><testcase classname="tests.test_sql_utils.TestBuildSqlQueryEdgeCases" name="test_very_large_runtime" time="0.002" /></testsuite></testsuites>