{"/Users/admin/agile_test/client/src/App.tsx": {"path":"/Users/admin/agile_test/client/src/App.tsx","statementMap":{"0":{"start":{"line":11,"column":17},"end":{"line":11,"column":null}},"1":{"start":{"line":13,"column":2},"end":{"line":48,"column":null}}},"fnMap":{"0":{"name":"App","decl":{"start":{"line":12,"column":16},"end":{"line":12,"column":22}},"loc":{"start":{"line":12,"column":22},"end":{"line":50,"column":null}},"line":12}},"branchMap":{},"s":{"0":3,"1":7},"f":{"0":7},"b":{},"meta":{"lastBranch":0,"lastFunction":1,"lastStatement":2,"seen":{"s:11:17:11:Infinity":0,"f:12:16:12:22":0,"s:13:2:48:Infinity":1}}}
,"/Users/admin/agile_test/client/src/utils.ts": {"path":"/Users/admin/agile_test/client/src/utils.ts","statementMap":{"0":{"start":{"line":1,"column":53},"end":{"line":52,"column":null}},"1":{"start":{"line":55,"column":26},"end":{"line":85,"column":null}},"2":{"start":{"line":56,"column":23},"end":{"line":56,"column":null}},"3":{"start":{"line":57,"column":26},"end":{"line":57,"column":null}},"4":{"start":{"line":58,"column":24},"end":{"line":58,"column":null}},"5":{"start":{"line":59,"column":22},"end":{"line":59,"column":null}},"6":{"start":{"line":60,"column":25},"end":{"line":60,"column":null}},"7":{"start":{"line":61,"column":26},"end":{"line":61,"column":null}},"8":{"start":{"line":62,"column":26},"end":{"line":62,"column":null}},"9":{"start":{"line":63,"column":27},"end":{"line":63,"column":null}},"10":{"start":{"line":66,"column":28},"end":{"line":66,"column":null}},"11":{"start":{"line":67,"column":24},"end":{"line":67,"column":null}},"12":{"start":{"line":69,"column":24},"end":{"line":69,"column":null}},"13":{"start":{"line":71,"column":4},"end":{"line":84,"column":null}},"14":{"start":{"line":75,"column":67},"end":{"line":75,"column":75}},"15":{"start":{"line":83,"column":76},"end":{"line":83,"column":84}}},"fnMap":{"0":{"name":"(anonymous_0)","decl":{"start":{"line":55,"column":26},"end":{"line":55,"column":27}},"loc":{"start":{"line":55,"column":59},"end":{"line":85,"column":null}},"line":55},"1":{"name":"(anonymous_1)","decl":{"start":{"line":75,"column":60},"end":{"line":75,"column":61}},"loc":{"start":{"line":75,"column":67},"end":{"line":75,"column":75}},"line":75},"2":{"name":"(anonymous_2)","decl":{"start":{"line":83,"column":69},"end":{"line":83,"column":70}},"loc":{"start":{"line":83,"column":76},"end":{"line":83,"column":84}},"line":83}},"branchMap":{"0":{"loc":{"start":{"line":73,"column":15},"end":{"line":73,"column":null}},"type":"binary-expr","locations":[{"start":{"line":73,"column":15},"end":{"line":73,"column":42}},{"start":{"line":73,"column":42},"end":{"line":73,"column":null}}],"line":73},"1":{"loc":{"start":{"line":74,"column":21},"end":{"line":74,"column":null}},"type":"binary-expr","locations":[{"start":{"line":74,"column":21},"end":{"line":74,"column":51}},{"start":{"line":74,"column":51},"end":{"line":74,"column":null}}],"line":74},"2":{"loc":{"start":{"line":75,"column":16},"end":{"line":75,"column":null}},"type":"cond-expr","locations":[{"start":{"line":75,"column":30},"end":{"line":75,"column":79}},{"start":{"line":75,"column":79},"end":{"line":75,"column":null}}],"line":75},"3":{"loc":{"start":{"line":76,"column":14},"end":{"line":76,"column":null}},"type":"cond-expr","locations":[{"start":{"line":76,"column":26},"end":{"line":76,"column":49}},{"start":{"line":76,"column":49},"end":{"line":76,"column":null}}],"line":76},"4":{"loc":{"start":{"line":77,"column":18},"end":{"line":77,"column":null}},"type":"cond-expr","locations":[{"start":{"line":77,"column":33},"end":{"line":77,"column":59}},{"start":{"line":77,"column":59},"end":{"line":77,"column":null}}],"line":77},"5":{"loc":{"start":{"line":78,"column":18},"end":{"line":78,"column":null}},"type":"cond-expr","locations":[{"start":{"line":78,"column":34},"end":{"line":78,"column":53}},{"start":{"line":78,"column":53},"end":{"line":78,"column":null}}],"line":78},"6":{"loc":{"start":{"line":79,"column":20},"end":{"line":79,"column":null}},"type":"cond-expr","locations":[{"start":{"line":79,"column":38},"end":{"line":79,"column":67}},{"start":{"line":79,"column":67},"end":{"line":79,"column":null}}],"line":79},"7":{"loc":{"start":{"line":80,"column":16},"end":{"line":80,"column":null}},"type":"cond-expr","locations":[{"start":{"line":80,"column":30},"end":{"line":80,"column":55}},{"start":{"line":80,"column":55},"end":{"line":80,"column":null}}],"line":80},"8":{"loc":{"start":{"line":81,"column":16},"end":{"line":81,"column":null}},"type":"cond-expr","locations":[{"start":{"line":81,"column":30},"end":{"line":81,"column":47}},{"start":{"line":81,"column":47},"end":{"line":81,"column":null}}],"line":81},"9":{"loc":{"start":{"line":82,"column":18},"end":{"line":82,"column":null}},"type":"cond-expr","locations":[{"start":{"line":82,"column":34},"end":{"line":82,"column":53}},{"start":{"line":82,"column":53},"end":{"line":82,"column":null}}],"line":82},"10":{"loc":{"start":{"line":83,"column":19},"end":{"line":83,"column":null}},"type":"cond-expr","locations":[{"start":{"line":83,"column":36},"end":{"line":83,"column":88}},{"start":{"line":83,"column":88},"end":{"line":83,"column":null}}],"line":83}},"s":{"0":3,"1":3,"2":4,"3":4,"4":4,"5":4,"6":4,"7":4,"8":4,"9":4,"10":4,"11":4,"12":4,"13":4,"14":12,"15":4},"f":{"0":4,"1":12,"2":4},"b":{"0":[4,0],"1":[4,0],"2":[4,0],"3":[4,0],"4":[4,0],"5":[4,0],"6":[4,0],"7":[4,0],"8":[4,0],"9":[4,0],"10":[4,0]},"meta":{"lastBranch":11,"lastFunction":3,"lastStatement":16,"seen":{"s:1:53:52:Infinity":0,"s:55:26:85:Infinity":1,"f:55:26:55:27":0,"s:56:23:56:Infinity":2,"s:57:26:57:Infinity":3,"s:58:24:58:Infinity":4,"s:59:22:59:Infinity":5,"s:60:25:60:Infinity":6,"s:61:26:61:Infinity":7,"s:62:26:62:Infinity":8,"s:63:27:63:Infinity":9,"s:66:28:66:Infinity":10,"s:67:24:67:Infinity":11,"s:69:24:69:Infinity":12,"s:71:4:84:Infinity":13,"b:73:15:73:42:73:42:73:Infinity":0,"b:74:21:74:51:74:51:74:Infinity":1,"b:75:30:75:79:75:79:75:Infinity":2,"f:75:60:75:61":1,"s:75:67:75:75":14,"b:76:26:76:49:76:49:76:Infinity":3,"b:77:33:77:59:77:59:77:Infinity":4,"b:78:34:78:53:78:53:78:Infinity":5,"b:79:38:79:67:79:67:79:Infinity":6,"b:80:30:80:55:80:55:80:Infinity":7,"b:81:30:81:47:81:47:81:Infinity":8,"b:82:34:82:53:82:53:82:Infinity":9,"b:83:36:83:88:83:88:83:Infinity":10,"f:83:69:83:70":2,"s:83:76:83:84":15}}}
,"/Users/admin/agile_test/client/src/components/FormField.tsx": {"path":"/Users/admin/agile_test/client/src/components/FormField.tsx","statementMap":{"0":{"start":{"line":16,"column":25},"end":{"line":41,"column":null}},"1":{"start":{"line":26,"column":2},"end":{"line":39,"column":null}}},"fnMap":{"0":{"name":"(anonymous_0)","decl":{"start":{"line":16,"column":25},"end":{"line":16,"column":26}},"loc":{"start":{"line":25,"column":22},"end":{"line":41,"column":null}},"line":25}},"branchMap":{"0":{"loc":{"start":{"line":19,"column":2},"end":{"line":19,"column":null}},"type":"default-arg","locations":[{"start":{"line":19,"column":9},"end":{"line":19,"column":null}}],"line":19},"1":{"loc":{"start":{"line":36,"column":19},"end":{"line":36,"column":null}},"type":"cond-expr","locations":[{"start":{"line":36,"column":27},"end":{"line":36,"column":50}},{"start":{"line":36,"column":50},"end":{"line":36,"column":null}}],"line":36},"2":{"loc":{"start":{"line":38,"column":7},"end":{"line":38,"column":null}},"type":"binary-expr","locations":[{"start":{"line":38,"column":7},"end":{"line":38,"column":16}},{"start":{"line":38,"column":16},"end":{"line":38,"column":null}}],"line":38}},"s":{"0":4,"1":393},"f":{"0":393},"b":{"0":[393],"1":[3,390],"2":[393,3]},"meta":{"lastBranch":3,"lastFunction":1,"lastStatement":2,"seen":{"s:16:25:41:Infinity":0,"f:16:25:16:26":0,"b:19:9:19:Infinity":0,"s:26:2:39:Infinity":1,"b:36:27:36:50:36:50:36:Infinity":1,"b:38:7:38:16:38:16:38:Infinity":2}}}
,"/Users/admin/agile_test/client/src/components/Loading.tsx": {"path":"/Users/admin/agile_test/client/src/components/Loading.tsx","statementMap":{"0":{"start":{"line":2,"column":53},"end":{"line":34,"column":null}},"1":{"start":{"line":5,"column":2},"end":{"line":32,"column":null}}},"fnMap":{"0":{"name":"(anonymous_0)","decl":{"start":{"line":2,"column":53},"end":{"line":2,"column":54}},"loc":{"start":{"line":4,"column":6},"end":{"line":34,"column":null}},"line":4}},"branchMap":{"0":{"loc":{"start":{"line":3,"column":2},"end":{"line":3,"column":null}},"type":"default-arg","locations":[{"start":{"line":3,"column":12},"end":{"line":3,"column":null}}],"line":3}},"s":{"0":3,"1":4},"f":{"0":4},"b":{"0":[4]},"meta":{"lastBranch":1,"lastFunction":1,"lastStatement":2,"seen":{"s:2:53:34:Infinity":0,"f:2:53:2:54":0,"b:3:12:3:Infinity":0,"s:5:2:32:Infinity":1}}}
,"/Users/admin/agile_test/client/src/components/LoadingBox.tsx": {"path":"/Users/admin/agile_test/client/src/components/LoadingBox.tsx","statementMap":{"0":{"start":{"line":2,"column":56},"end":{"line":34,"column":null}},"1":{"start":{"line":5,"column":2},"end":{"line":32,"column":null}}},"fnMap":{"0":{"name":"(anonymous_0)","decl":{"start":{"line":2,"column":56},"end":{"line":2,"column":57}},"loc":{"start":{"line":4,"column":6},"end":{"line":34,"column":null}},"line":4}},"branchMap":{"0":{"loc":{"start":{"line":3,"column":2},"end":{"line":3,"column":null}},"type":"default-arg","locations":[{"start":{"line":3,"column":12},"end":{"line":3,"column":null}}],"line":3}},"s":{"0":3,"1":0},"f":{"0":0},"b":{"0":[0]},"meta":{"lastBranch":1,"lastFunction":1,"lastStatement":2,"seen":{"s:2:56:34:Infinity":0,"f:2:56:2:57":0,"b:3:12:3:Infinity":0,"s:5:2:32:Infinity":1}}}
,"/Users/admin/agile_test/client/src/components/MovieModal.tsx": {"path":"/Users/admin/agile_test/client/src/components/MovieModal.tsx","statementMap":{"0":{"start":{"line":17,"column":20},"end":{"line":87,"column":null}},"1":{"start":{"line":18,"column":2},"end":{"line":18,"column":null}},"2":{"start":{"line":18,"column":14},"end":{"line":18,"column":null}},"3":{"start":{"line":20,"column":2},"end":{"line":85,"column":null}},"4":{"start":{"line":47,"column":16},"end":{"line":52,"column":null}},"5":{"start":{"line":73,"column":18},"end":{"line":78,"column":null}}},"fnMap":{"0":{"name":"(anonymous_0)","decl":{"start":{"line":17,"column":20},"end":{"line":17,"column":21}},"loc":{"start":{"line":17,"column":71},"end":{"line":87,"column":null}},"line":17},"1":{"name":"(anonymous_1)","decl":{"start":{"line":46,"column":32},"end":{"line":46,"column":33}},"loc":{"start":{"line":47,"column":16},"end":{"line":52,"column":null}},"line":47},"2":{"name":"(anonymous_2)","decl":{"start":{"line":72,"column":37},"end":{"line":72,"column":38}},"loc":{"start":{"line":73,"column":18},"end":{"line":78,"column":null}},"line":73}},"branchMap":{"0":{"loc":{"start":{"line":18,"column":2},"end":{"line":18,"column":null}},"type":"if","locations":[{"start":{"line":18,"column":2},"end":{"line":18,"column":null}},{"start":{},"end":{}}],"line":18},"1":{"loc":{"start":{"line":28,"column":25},"end":{"line":28,"column":null}},"type":"binary-expr","locations":[{"start":{"line":28,"column":25},"end":{"line":28,"column":43}},{"start":{"line":28,"column":43},"end":{"line":28,"column":null}}],"line":28},"2":{"loc":{"start":{"line":67,"column":17},"end":{"line":67,"column":null}},"type":"binary-expr","locations":[{"start":{"line":67,"column":17},"end":{"line":67,"column":50}},{"start":{"line":67,"column":50},"end":{"line":67,"column":null}}],"line":67}},"s":{"0":3,"1":3,"2":3,"3":0,"4":0,"5":0},"f":{"0":3,"1":0,"2":0},"b":{"0":[3,0],"1":[0,0],"2":[3,0]},"meta":{"lastBranch":3,"lastFunction":3,"lastStatement":6,"seen":{"s:17:20:87:Infinity":0,"f:17:20:17:21":0,"b:18:2:18:Infinity:undefined:undefined:undefined:undefined":0,"s:18:2:18:Infinity":1,"s:18:14:18:Infinity":2,"s:20:2:85:Infinity":3,"b:28:25:28:43:28:43:28:Infinity":1,"f:46:32:46:33":1,"s:47:16:52:Infinity":4,"b:67:17:67:50:67:50:67:Infinity":2,"f:72:37:72:38":2,"s:73:18:78:Infinity":5}}}
,"/Users/admin/agile_test/client/src/components/NavBar.tsx": {"path":"/Users/admin/agile_test/client/src/components/NavBar.tsx","statementMap":{"0":{"start":{"line":7,"column":15},"end":{"line":79,"column":null}},"1":{"start":{"line":8,"column":21},"end":{"line":8,"column":null}},"2":{"start":{"line":9,"column":8},"end":{"line":9,"column":null}},"3":{"start":{"line":10,"column":8},"end":{"line":10,"column":null}},"4":{"start":{"line":12,"column":23},"end":{"line":28,"column":null}},"5":{"start":{"line":13,"column":4},"end":{"line":27,"column":null}},"6":{"start":{"line":14,"column":6},"end":{"line":14,"column":null}},"7":{"start":{"line":15,"column":6},"end":{"line":18,"column":null}},"8":{"start":{"line":20,"column":6},"end":{"line":20,"column":null}},"9":{"start":{"line":22,"column":18},"end":{"line":22,"column":null}},"10":{"start":{"line":23,"column":6},"end":{"line":25,"column":null}},"11":{"start":{"line":26,"column":6},"end":{"line":26,"column":null}},"12":{"start":{"line":30,"column":24},"end":{"line":30,"column":null}},"13":{"start":{"line":32,"column":2},"end":{"line":77,"column":null}},"14":{"start":{"line":38,"column":25},"end":{"line":38,"column":null}},"15":{"start":{"line":57,"column":29},"end":{"line":57,"column":null}}},"fnMap":{"0":{"name":"(anonymous_0)","decl":{"start":{"line":7,"column":15},"end":{"line":7,"column":21}},"loc":{"start":{"line":7,"column":21},"end":{"line":79,"column":null}},"line":7},"1":{"name":"(anonymous_1)","decl":{"start":{"line":12,"column":23},"end":{"line":12,"column":35}},"loc":{"start":{"line":12,"column":35},"end":{"line":28,"column":null}},"line":12},"2":{"name":"(anonymous_2)","decl":{"start":{"line":38,"column":19},"end":{"line":38,"column":25}},"loc":{"start":{"line":38,"column":25},"end":{"line":38,"column":null}},"line":38},"3":{"name":"(anonymous_3)","decl":{"start":{"line":57,"column":23},"end":{"line":57,"column":29}},"loc":{"start":{"line":57,"column":29},"end":{"line":57,"column":null}},"line":57}},"branchMap":{"0":{"loc":{"start":{"line":51,"column":15},"end":{"line":51,"column":null}},"type":"binary-expr","locations":[{"start":{"line":51,"column":15},"end":{"line":51,"column":36}},{"start":{"line":51,"column":36},"end":{"line":51,"column":51}},{"start":{"line":51,"column":51},"end":{"line":51,"column":null}}],"line":51},"1":{"loc":{"start":{"line":55,"column":11},"end":{"line":64,"column":null}},"type":"binary-expr","locations":[{"start":{"line":55,"column":11},"end":{"line":55,"column":null}},{"start":{"line":56,"column":12},"end":{"line":64,"column":null}}],"line":55}},"s":{"0":3,"1":16,"2":16,"3":16,"4":16,"5":2,"6":2,"7":2,"8":2,"9":0,"10":0,"11":0,"12":16,"13":16,"14":0,"15":0},"f":{"0":16,"1":2,"2":0,"3":0},"b":{"0":[16,0,0],"1":[16,13]},"meta":{"lastBranch":2,"lastFunction":4,"lastStatement":16,"seen":{"s:7:15:79:Infinity":0,"f:7:15:7:21":0,"s:8:21:8:Infinity":1,"s:9:8:9:Infinity":2,"s:10:8:10:Infinity":3,"s:12:23:28:Infinity":4,"f:12:23:12:35":1,"s:13:4:27:Infinity":5,"s:14:6:14:Infinity":6,"s:15:6:18:Infinity":7,"s:20:6:20:Infinity":8,"s:22:18:22:Infinity":9,"s:23:6:25:Infinity":10,"s:26:6:26:Infinity":11,"s:30:24:30:Infinity":12,"s:32:2:77:Infinity":13,"f:38:19:38:25":2,"s:38:25:38:Infinity":14,"b:51:15:51:36:51:36:51:51:51:51:51:Infinity":0,"b:55:11:55:Infinity:56:12:64:Infinity":1,"f:57:23:57:29":3,"s:57:29:57:Infinity":15}}}
,"/Users/admin/agile_test/client/src/components/ui/button.tsx": {"path":"/Users/admin/agile_test/client/src/components/ui/button.tsx","statementMap":{"0":{"start":{"line":8,"column":6},"end":{"line":38,"column":null}},"1":{"start":{"line":50,"column":15},"end":{"line":50,"column":null}},"2":{"start":{"line":52,"column":2},"end":{"line":57,"column":null}}},"fnMap":{"0":{"name":"Button","decl":{"start":{"line":40,"column":9},"end":{"line":40,"column":16}},"loc":{"start":{"line":49,"column":5},"end":{"line":59,"column":null}},"line":49}},"branchMap":{"0":{"loc":{"start":{"line":44,"column":2},"end":{"line":44,"column":null}},"type":"default-arg","locations":[{"start":{"line":44,"column":12},"end":{"line":44,"column":null}}],"line":44},"1":{"loc":{"start":{"line":50,"column":15},"end":{"line":50,"column":null}},"type":"cond-expr","locations":[{"start":{"line":50,"column":25},"end":{"line":50,"column":32}},{"start":{"line":50,"column":32},"end":{"line":50,"column":null}}],"line":50}},"s":{"0":3,"1":181,"2":181},"f":{"0":181},"b":{"0":[181],"1":[0,181]},"meta":{"lastBranch":2,"lastFunction":1,"lastStatement":3,"seen":{"s:8:6:38:Infinity":0,"f:40:9:40:16":0,"b:44:12:44:Infinity":0,"s:50:15:50:Infinity":1,"b:50:25:50:32:50:32:50:Infinity":1,"s:52:2:57:Infinity":2}}}
,"/Users/admin/agile_test/client/src/components/ui/card.tsx": {"path":"/Users/admin/agile_test/client/src/components/ui/card.tsx","statementMap":{"0":{"start":{"line":6,"column":2},"end":{"line":14,"column":null}},"1":{"start":{"line":19,"column":2},"end":{"line":27,"column":null}},"2":{"start":{"line":32,"column":2},"end":{"line":37,"column":null}},"3":{"start":{"line":42,"column":2},"end":{"line":47,"column":null}},"4":{"start":{"line":52,"column":2},"end":{"line":60,"column":null}},"5":{"start":{"line":65,"column":2},"end":{"line":70,"column":null}},"6":{"start":{"line":75,"column":2},"end":{"line":80,"column":null}}},"fnMap":{"0":{"name":"Card","decl":{"start":{"line":5,"column":9},"end":{"line":5,"column":14}},"loc":{"start":{"line":5,"column":68},"end":{"line":16,"column":null}},"line":5},"1":{"name":"CardHeader","decl":{"start":{"line":18,"column":9},"end":{"line":18,"column":20}},"loc":{"start":{"line":18,"column":74},"end":{"line":29,"column":null}},"line":18},"2":{"name":"CardTitle","decl":{"start":{"line":31,"column":9},"end":{"line":31,"column":19}},"loc":{"start":{"line":31,"column":73},"end":{"line":39,"column":null}},"line":31},"3":{"name":"CardDescription","decl":{"start":{"line":41,"column":9},"end":{"line":41,"column":25}},"loc":{"start":{"line":41,"column":79},"end":{"line":49,"column":null}},"line":41},"4":{"name":"CardAction","decl":{"start":{"line":51,"column":9},"end":{"line":51,"column":20}},"loc":{"start":{"line":51,"column":74},"end":{"line":62,"column":null}},"line":51},"5":{"name":"CardContent","decl":{"start":{"line":64,"column":9},"end":{"line":64,"column":21}},"loc":{"start":{"line":64,"column":75},"end":{"line":72,"column":null}},"line":64},"6":{"name":"CardFooter","decl":{"start":{"line":74,"column":9},"end":{"line":74,"column":20}},"loc":{"start":{"line":74,"column":74},"end":{"line":82,"column":null}},"line":74}},"branchMap":{},"s":{"0":141,"1":141,"2":141,"3":138,"4":0,"5":141,"6":0},"f":{"0":141,"1":141,"2":141,"3":138,"4":0,"5":141,"6":0},"b":{},"meta":{"lastBranch":0,"lastFunction":7,"lastStatement":7,"seen":{"f:5:9:5:14":0,"s:6:2:14:Infinity":0,"f:18:9:18:20":1,"s:19:2:27:Infinity":1,"f:31:9:31:19":2,"s:32:2:37:Infinity":2,"f:41:9:41:25":3,"s:42:2:47:Infinity":3,"f:51:9:51:20":4,"s:52:2:60:Infinity":4,"f:64:9:64:21":5,"s:65:2:70:Infinity":5,"f:74:9:74:20":6,"s:75:2:80:Infinity":6}}}
,"/Users/admin/agile_test/client/src/components/ui/dialog.tsx": {"path":"/Users/admin/agile_test/client/src/components/ui/dialog.tsx","statementMap":{"0":{"start":{"line":10,"column":2},"end":{"line":10,"column":null}},"1":{"start":{"line":16,"column":2},"end":{"line":16,"column":null}},"2":{"start":{"line":22,"column":2},"end":{"line":22,"column":null}},"3":{"start":{"line":28,"column":2},"end":{"line":28,"column":null}},"4":{"start":{"line":35,"column":2},"end":{"line":43,"column":null}},"5":{"start":{"line":55,"column":2},"end":{"line":77,"column":null}},"6":{"start":{"line":82,"column":2},"end":{"line":87,"column":null}},"7":{"start":{"line":92,"column":2},"end":{"line":100,"column":null}},"8":{"start":{"line":108,"column":2},"end":{"line":113,"column":null}},"9":{"start":{"line":121,"column":2},"end":{"line":126,"column":null}}},"fnMap":{"0":{"name":"Dialog","decl":{"start":{"line":7,"column":9},"end":{"line":7,"column":16}},"loc":{"start":{"line":9,"column":54},"end":{"line":11,"column":null}},"line":9},"1":{"name":"DialogTrigger","decl":{"start":{"line":13,"column":9},"end":{"line":13,"column":23}},"loc":{"start":{"line":15,"column":57},"end":{"line":17,"column":null}},"line":15},"2":{"name":"DialogPortal","decl":{"start":{"line":19,"column":9},"end":{"line":19,"column":22}},"loc":{"start":{"line":21,"column":56},"end":{"line":23,"column":null}},"line":21},"3":{"name":"DialogClose","decl":{"start":{"line":25,"column":9},"end":{"line":25,"column":21}},"loc":{"start":{"line":27,"column":55},"end":{"line":29,"column":null}},"line":27},"4":{"name":"DialogOverlay","decl":{"start":{"line":31,"column":9},"end":{"line":31,"column":23}},"loc":{"start":{"line":34,"column":57},"end":{"line":45,"column":null}},"line":34},"5":{"name":"DialogContent","decl":{"start":{"line":47,"column":9},"end":{"line":47,"column":23}},"loc":{"start":{"line":54,"column":3},"end":{"line":79,"column":null}},"line":54},"6":{"name":"DialogHeader","decl":{"start":{"line":81,"column":9},"end":{"line":81,"column":22}},"loc":{"start":{"line":81,"column":76},"end":{"line":89,"column":null}},"line":81},"7":{"name":"DialogFooter","decl":{"start":{"line":91,"column":9},"end":{"line":91,"column":22}},"loc":{"start":{"line":91,"column":76},"end":{"line":102,"column":null}},"line":91},"8":{"name":"DialogTitle","decl":{"start":{"line":104,"column":9},"end":{"line":104,"column":21}},"loc":{"start":{"line":107,"column":55},"end":{"line":115,"column":null}},"line":107},"9":{"name":"DialogDescription","decl":{"start":{"line":117,"column":9},"end":{"line":117,"column":27}},"loc":{"start":{"line":120,"column":61},"end":{"line":128,"column":null}},"line":120}},"branchMap":{"0":{"loc":{"start":{"line":50,"column":2},"end":{"line":50,"column":null}},"type":"default-arg","locations":[{"start":{"line":50,"column":20},"end":{"line":50,"column":null}}],"line":50},"1":{"loc":{"start":{"line":67,"column":9},"end":{"line":74,"column":null}},"type":"binary-expr","locations":[{"start":{"line":67,"column":9},"end":{"line":67,"column":null}},{"start":{"line":68,"column":10},"end":{"line":74,"column":null}}],"line":67}},"s":{"0":0,"1":0,"2":0,"3":0,"4":0,"5":0,"6":0,"7":0,"8":0,"9":0},"f":{"0":0,"1":0,"2":0,"3":0,"4":0,"5":0,"6":0,"7":0,"8":0,"9":0},"b":{"0":[0],"1":[0,0]},"meta":{"lastBranch":2,"lastFunction":10,"lastStatement":10,"seen":{"f:7:9:7:16":0,"s:10:2:10:Infinity":0,"f:13:9:13:23":1,"s:16:2:16:Infinity":1,"f:19:9:19:22":2,"s:22:2:22:Infinity":2,"f:25:9:25:21":3,"s:28:2:28:Infinity":3,"f:31:9:31:23":4,"s:35:2:43:Infinity":4,"f:47:9:47:23":5,"b:50:20:50:Infinity":0,"s:55:2:77:Infinity":5,"b:67:9:67:Infinity:68:10:74:Infinity":1,"f:81:9:81:22":6,"s:82:2:87:Infinity":6,"f:91:9:91:22":7,"s:92:2:100:Infinity":7,"f:104:9:104:21":8,"s:108:2:113:Infinity":8,"f:117:9:117:27":9,"s:121:2:126:Infinity":9}}}
,"/Users/admin/agile_test/client/src/components/ui/input.tsx": {"path":"/Users/admin/agile_test/client/src/components/ui/input.tsx","statementMap":{"0":{"start":{"line":6,"column":2},"end":{"line":17,"column":null}}},"fnMap":{"0":{"name":"Input","decl":{"start":{"line":5,"column":9},"end":{"line":5,"column":15}},"loc":{"start":{"line":5,"column":77},"end":{"line":19,"column":null}},"line":5}},"branchMap":{},"s":{"0":393},"f":{"0":393},"b":{},"meta":{"lastBranch":0,"lastFunction":1,"lastStatement":1,"seen":{"f:5:9:5:15":0,"s:6:2:17:Infinity":0}}}
,"/Users/admin/agile_test/client/src/components/ui/label.tsx": {"path":"/Users/admin/agile_test/client/src/components/ui/label.tsx","statementMap":{"0":{"start":{"line":10,"column":2},"end":{"line":18,"column":null}}},"fnMap":{"0":{"name":"Label","decl":{"start":{"line":6,"column":9},"end":{"line":6,"column":15}},"loc":{"start":{"line":9,"column":53},"end":{"line":20,"column":null}},"line":9}},"branchMap":{},"s":{"0":393},"f":{"0":393},"b":{},"meta":{"lastBranch":0,"lastFunction":1,"lastStatement":1,"seen":{"f:6:9:6:15":0,"s:10:2:18:Infinity":0}}}
,"/Users/admin/agile_test/client/src/components/ui/sonner.tsx": {"path":"/Users/admin/agile_test/client/src/components/ui/sonner.tsx","statementMap":{"0":{"start":{"line":11,"column":16},"end":{"line":36,"column":null}},"1":{"start":{"line":12,"column":27},"end":{"line":12,"column":null}},"2":{"start":{"line":14,"column":2},"end":{"line":34,"column":null}}},"fnMap":{"0":{"name":"(anonymous_0)","decl":{"start":{"line":11,"column":16},"end":{"line":11,"column":17}},"loc":{"start":{"line":11,"column":48},"end":{"line":36,"column":null}},"line":11}},"branchMap":{"0":{"loc":{"start":{"line":12,"column":10},"end":{"line":12,"column":27}},"type":"default-arg","locations":[{"start":{"line":12,"column":18},"end":{"line":12,"column":27}}],"line":12}},"s":{"0":3,"1":7,"2":7},"f":{"0":7},"b":{"0":[7]},"meta":{"lastBranch":1,"lastFunction":1,"lastStatement":3,"seen":{"s:11:16:36:Infinity":0,"f:11:16:11:17":0,"s:12:27:12:Infinity":1,"b:12:18:12:27":0,"s:14:2:34:Infinity":2}}}
,"/Users/admin/agile_test/client/src/context/AuthContext.tsx": {"path":"/Users/admin/agile_test/client/src/context/AuthContext.tsx","statementMap":{"0":{"start":{"line":12,"column":13},"end":{"line":14,"column":null}},"1":{"start":{"line":16,"column":28},"end":{"line":43,"column":null}},"2":{"start":{"line":17,"column":22},"end":{"line":17,"column":null}},"3":{"start":{"line":18,"column":28},"end":{"line":18,"column":null}},"4":{"start":{"line":20,"column":2},"end":{"line":27,"column":null}},"5":{"start":{"line":21,"column":10},"end":{"line":24,"column":null}},"6":{"start":{"line":22,"column":6},"end":{"line":22,"column":null}},"7":{"start":{"line":23,"column":6},"end":{"line":23,"column":null}},"8":{"start":{"line":26,"column":4},"end":{"line":26,"column":null}},"9":{"start":{"line":26,"column":17},"end":{"line":26,"column":null}},"10":{"start":{"line":29,"column":17},"end":{"line":32,"column":null}},"11":{"start":{"line":30,"column":4},"end":{"line":30,"column":null}},"12":{"start":{"line":31,"column":4},"end":{"line":31,"column":null}},"13":{"start":{"line":34,"column":27},"end":{"line":36,"column":null}},"14":{"start":{"line":35,"column":4},"end":{"line":35,"column":null}},"15":{"start":{"line":38,"column":2},"end":{"line":41,"column":null}},"16":{"start":{"line":45,"column":23},"end":{"line":51,"column":null}},"17":{"start":{"line":46,"column":8},"end":{"line":46,"column":null}},"18":{"start":{"line":47,"column":2},"end":{"line":49,"column":null}},"19":{"start":{"line":48,"column":4},"end":{"line":48,"column":null}},"20":{"start":{"line":50,"column":2},"end":{"line":50,"column":null}}},"fnMap":{"0":{"name":"(anonymous_0)","decl":{"start":{"line":16,"column":28},"end":{"line":16,"column":29}},"loc":{"start":{"line":16,"column":67},"end":{"line":43,"column":null}},"line":16},"1":{"name":"(anonymous_1)","decl":{"start":{"line":20,"column":12},"end":{"line":20,"column":18}},"loc":{"start":{"line":20,"column":18},"end":{"line":27,"column":5}},"line":20},"2":{"name":"(anonymous_2)","decl":{"start":{"line":21,"column":43},"end":{"line":21,"column":44}},"loc":{"start":{"line":21,"column":61},"end":{"line":24,"column":5}},"line":21},"3":{"name":"(anonymous_3)","decl":{"start":{"line":26,"column":11},"end":{"line":26,"column":17}},"loc":{"start":{"line":26,"column":17},"end":{"line":26,"column":null}},"line":26},"4":{"name":"(anonymous_4)","decl":{"start":{"line":29,"column":17},"end":{"line":29,"column":29}},"loc":{"start":{"line":29,"column":29},"end":{"line":32,"column":null}},"line":29},"5":{"name":"(anonymous_5)","decl":{"start":{"line":34,"column":27},"end":{"line":34,"column":28}},"loc":{"start":{"line":34,"column":58},"end":{"line":36,"column":null}},"line":34},"6":{"name":"(anonymous_6)","decl":{"start":{"line":45,"column":23},"end":{"line":45,"column":46}},"loc":{"start":{"line":45,"column":46},"end":{"line":51,"column":null}},"line":45}},"branchMap":{"0":{"loc":{"start":{"line":47,"column":2},"end":{"line":49,"column":null}},"type":"if","locations":[{"start":{"line":47,"column":2},"end":{"line":49,"column":null}},{"start":{},"end":{}}],"line":47}},"s":{"0":3,"1":3,"2":15,"3":15,"4":15,"5":7,"6":5,"7":5,"8":7,"9":7,"10":15,"11":2,"12":2,"13":15,"14":3,"15":15,"16":3,"17":169,"18":169,"19":0,"20":169},"f":{"0":15,"1":7,"2":5,"3":7,"4":2,"5":3,"6":169},"b":{"0":[0,169]},"meta":{"lastBranch":1,"lastFunction":7,"lastStatement":21,"seen":{"s:12:13:14:Infinity":0,"s:16:28:43:Infinity":1,"f:16:28:16:29":0,"s:17:22:17:Infinity":2,"s:18:28:18:Infinity":3,"s:20:2:27:Infinity":4,"f:20:12:20:18":1,"s:21:10:24:Infinity":5,"f:21:43:21:44":2,"s:22:6:22:Infinity":6,"s:23:6:23:Infinity":7,"s:26:4:26:Infinity":8,"f:26:11:26:17":3,"s:26:17:26:Infinity":9,"s:29:17:32:Infinity":10,"f:29:17:29:29":4,"s:30:4:30:Infinity":11,"s:31:4:31:Infinity":12,"s:34:27:36:Infinity":13,"f:34:27:34:28":5,"s:35:4:35:Infinity":14,"s:38:2:41:Infinity":15,"s:45:23:51:Infinity":16,"f:45:23:45:46":6,"s:46:8:46:Infinity":17,"b:47:2:49:Infinity:undefined:undefined:undefined:undefined":0,"s:47:2:49:Infinity":18,"s:48:4:48:Infinity":19,"s:50:2:50:Infinity":20}}}
,"/Users/admin/agile_test/client/src/lib/utils.ts": {"path":"/Users/admin/agile_test/client/src/lib/utils.ts","statementMap":{"0":{"start":{"line":5,"column":2},"end":{"line":5,"column":null}}},"fnMap":{"0":{"name":"cn","decl":{"start":{"line":4,"column":16},"end":{"line":4,"column":22}},"loc":{"start":{"line":4,"column":44},"end":{"line":6,"column":null}},"line":4}},"branchMap":{},"s":{"0":2062},"f":{"0":2062},"b":{},"meta":{"lastBranch":0,"lastFunction":1,"lastStatement":1,"seen":{"f:4:16:4:22":0,"s:5:2:5:Infinity":0}}}
,"/Users/admin/agile_test/client/src/pages/Dashboard.tsx": {"path":"/Users/admin/agile_test/client/src/pages/Dashboard.tsx","statementMap":{"0":{"start":{"line":55,"column":19},"end":{"line":58,"column":null}},"1":{"start":{"line":56,"column":2},"end":{"line":56,"column":null}},"2":{"start":{"line":56,"column":13},"end":{"line":56,"column":null}},"3":{"start":{"line":57,"column":2},"end":{"line":57,"column":null}},"4":{"start":{"line":60,"column":18},"end":{"line":311,"column":null}},"5":{"start":{"line":61,"column":13},"end":{"line":61,"column":null}},"6":{"start":{"line":62,"column":2},"end":{"line":62,"column":null}},"7":{"start":{"line":63,"column":8},"end":{"line":63,"column":null}},"8":{"start":{"line":64,"column":44},"end":{"line":64,"column":null}},"9":{"start":{"line":65,"column":28},"end":{"line":65,"column":null}},"10":{"start":{"line":67,"column":40},"end":{"line":67,"column":null}},"11":{"start":{"line":68,"column":36},"end":{"line":68,"column":null}},"12":{"start":{"line":70,"column":25},"end":{"line":73,"column":null}},"13":{"start":{"line":71,"column":4},"end":{"line":71,"column":null}},"14":{"start":{"line":72,"column":4},"end":{"line":72,"column":null}},"15":{"start":{"line":75,"column":2},"end":{"line":110,"column":null}},"16":{"start":{"line":76,"column":4},"end":{"line":76,"column":null}},"17":{"start":{"line":76,"column":15},"end":{"line":76,"column":null}},"18":{"start":{"line":79,"column":10},"end":{"line":84,"column":null}},"19":{"start":{"line":85,"column":10},"end":{"line":85,"column":null}},"20":{"start":{"line":87,"column":10},"end":{"line":107,"column":null}},"21":{"start":{"line":90,"column":39},"end":{"line":90,"column":null}},"22":{"start":{"line":91,"column":8},"end":{"line":96,"column":null}},"23":{"start":{"line":92,"column":10},"end":{"line":95,"column":null}},"24":{"start":{"line":97,"column":8},"end":{"line":97,"column":null}},"25":{"start":{"line":98,"column":8},"end":{"line":98,"column":null}},"26":{"start":{"line":101,"column":8},"end":{"line":101,"column":null}},"27":{"start":{"line":102,"column":8},"end":{"line":104,"column":null}},"28":{"start":{"line":105,"column":8},"end":{"line":105,"column":null}},"29":{"start":{"line":109,"column":4},"end":{"line":109,"column":null}},"30":{"start":{"line":109,"column":17},"end":{"line":109,"column":null}},"31":{"start":{"line":112,"column":30},"end":{"line":114,"column":null}},"32":{"start":{"line":113,"column":4},"end":{"line":113,"column":null}},"33":{"start":{"line":116,"column":37},"end":{"line":130,"column":null}},"34":{"start":{"line":117,"column":4},"end":{"line":117,"column":null}},"35":{"start":{"line":117,"column":15},"end":{"line":117,"column":null}},"36":{"start":{"line":119,"column":4},"end":{"line":129,"column":null}},"37":{"start":{"line":120,"column":6},"end":{"line":120,"column":null}},"38":{"start":{"line":121,"column":6},"end":{"line":123,"column":null}},"39":{"start":{"line":125,"column":6},"end":{"line":125,"column":null}},"40":{"start":{"line":126,"column":6},"end":{"line":128,"column":null}},"41":{"start":{"line":132,"column":21},"end":{"line":143,"column":null}},"42":{"start":{"line":133,"column":4},"end":{"line":133,"column":null}},"43":{"start":{"line":133,"column":20},"end":{"line":133,"column":null}},"44":{"start":{"line":134,"column":17},"end":{"line":134,"column":null}},"45":{"start":{"line":135,"column":4},"end":{"line":142,"column":null}},"46":{"start":{"line":145,"column":2},"end":{"line":147,"column":null}},"47":{"start":{"line":146,"column":4},"end":{"line":146,"column":null}},"48":{"start":{"line":149,"column":2},"end":{"line":309,"column":null}},"49":{"start":{"line":196,"column":14},"end":{"line":299,"column":null}},"50":{"start":{"line":233,"column":37},"end":{"line":233,"column":null}},"51":{"start":{"line":242,"column":22},"end":{"line":295,"column":null}},"52":{"start":{"line":245,"column":39},"end":{"line":245,"column":null}},"53":{"start":{"line":262,"column":30},"end":{"line":267,"column":null}},"54":{"start":{"line":285,"column":32},"end":{"line":290,"column":null}}},"fnMap":{"0":{"name":"(anonymous_0)","decl":{"start":{"line":55,"column":19},"end":{"line":55,"column":20}},"loc":{"start":{"line":55,"column":37},"end":{"line":58,"column":null}},"line":55},"1":{"name":"(anonymous_1)","decl":{"start":{"line":60,"column":18},"end":{"line":60,"column":24}},"loc":{"start":{"line":60,"column":24},"end":{"line":311,"column":null}},"line":60},"2":{"name":"(anonymous_2)","decl":{"start":{"line":70,"column":25},"end":{"line":70,"column":26}},"loc":{"start":{"line":70,"column":43},"end":{"line":73,"column":null}},"line":70},"3":{"name":"(anonymous_3)","decl":{"start":{"line":75,"column":12},"end":{"line":75,"column":18}},"loc":{"start":{"line":75,"column":18},"end":{"line":110,"column":5}},"line":75},"4":{"name":"(anonymous_4)","decl":{"start":{"line":89,"column":6},"end":{"line":89,"column":7}},"loc":{"start":{"line":89,"column":20},"end":{"line":99,"column":null}},"line":89},"5":{"name":"(anonymous_5)","decl":{"start":{"line":91,"column":25},"end":{"line":91,"column":26}},"loc":{"start":{"line":91,"column":34},"end":{"line":96,"column":9}},"line":91},"6":{"name":"(anonymous_6)","decl":{"start":{"line":100,"column":6},"end":{"line":100,"column":7}},"loc":{"start":{"line":100,"column":17},"end":{"line":106,"column":null}},"line":100},"7":{"name":"(anonymous_7)","decl":{"start":{"line":109,"column":11},"end":{"line":109,"column":17}},"loc":{"start":{"line":109,"column":17},"end":{"line":109,"column":null}},"line":109},"8":{"name":"(anonymous_8)","decl":{"start":{"line":112,"column":30},"end":{"line":112,"column":36}},"loc":{"start":{"line":112,"column":36},"end":{"line":114,"column":null}},"line":112},"9":{"name":"(anonymous_9)","decl":{"start":{"line":116,"column":37},"end":{"line":116,"column":44}},"loc":{"start":{"line":116,"column":62},"end":{"line":130,"column":null}},"line":116},"10":{"name":"(anonymous_10)","decl":{"start":{"line":132,"column":21},"end":{"line":132,"column":22}},"loc":{"start":{"line":132,"column":47},"end":{"line":143,"column":null}},"line":132},"11":{"name":"(anonymous_11)","decl":{"start":{"line":195,"column":33},"end":{"line":195,"column":34}},"loc":{"start":{"line":196,"column":14},"end":{"line":299,"column":null}},"line":196},"12":{"name":"(anonymous_12)","decl":{"start":{"line":233,"column":31},"end":{"line":233,"column":37}},"loc":{"start":{"line":233,"column":37},"end":{"line":233,"column":null}},"line":233},"13":{"name":"(anonymous_13)","decl":{"start":{"line":241,"column":36},"end":{"line":241,"column":37}},"loc":{"start":{"line":242,"column":22},"end":{"line":295,"column":null}},"line":242},"14":{"name":"(anonymous_14)","decl":{"start":{"line":245,"column":33},"end":{"line":245,"column":39}},"loc":{"start":{"line":245,"column":39},"end":{"line":245,"column":null}},"line":245},"15":{"name":"(anonymous_15)","decl":{"start":{"line":261,"column":46},"end":{"line":261,"column":47}},"loc":{"start":{"line":262,"column":30},"end":{"line":267,"column":null}},"line":262},"16":{"name":"(anonymous_16)","decl":{"start":{"line":284,"column":52},"end":{"line":284,"column":53}},"loc":{"start":{"line":285,"column":32},"end":{"line":290,"column":null}},"line":285}},"branchMap":{"0":{"loc":{"start":{"line":56,"column":2},"end":{"line":56,"column":null}},"type":"if","locations":[{"start":{"line":56,"column":2},"end":{"line":56,"column":null}},{"start":{},"end":{}}],"line":56},"1":{"loc":{"start":{"line":76,"column":4},"end":{"line":76,"column":null}},"type":"if","locations":[{"start":{"line":76,"column":4},"end":{"line":76,"column":null}},{"start":{},"end":{}}],"line":76},"2":{"loc":{"start":{"line":117,"column":4},"end":{"line":117,"column":null}},"type":"if","locations":[{"start":{"line":117,"column":4},"end":{"line":117,"column":null}},{"start":{},"end":{}}],"line":117},"3":{"loc":{"start":{"line":133,"column":4},"end":{"line":133,"column":null}},"type":"if","locations":[{"start":{"line":133,"column":4},"end":{"line":133,"column":null}},{"start":{},"end":{}}],"line":133},"4":{"loc":{"start":{"line":145,"column":2},"end":{"line":147,"column":null}},"type":"if","locations":[{"start":{"line":145,"column":2},"end":{"line":147,"column":null}},{"start":{},"end":{}}],"line":145},"5":{"loc":{"start":{"line":176,"column":9},"end":{"line":301,"column":null}},"type":"cond-expr","locations":[{"start":{"line":177,"column":10},"end":{"line":192,"column":null}},{"start":{"line":194,"column":10},"end":{"line":301,"column":null}}],"line":176},"6":{"loc":{"start":{"line":216,"column":25},"end":{"line":221,"column":null}},"type":"cond-expr","locations":[{"start":{"line":217,"column":26},"end":{"line":217,"column":null}},{"start":{"line":219,"column":26},"end":{"line":221,"column":null}}],"line":216}},"s":{"0":3,"1":0,"2":0,"3":0,"4":3,"5":6,"6":6,"7":6,"8":6,"9":6,"10":6,"11":6,"12":6,"13":0,"14":0,"15":6,"16":3,"17":0,"18":3,"19":3,"20":3,"21":3,"22":3,"23":0,"24":3,"25":3,"26":0,"27":0,"28":0,"29":3,"30":3,"31":6,"32":1,"33":6,"34":0,"35":0,"36":0,"37":0,"38":0,"39":0,"40":0,"41":6,"42":0,"43":0,"44":0,"45":0,"46":6,"47":3,"48":3,"49":0,"50":0,"51":0,"52":0,"53":0,"54":0},"f":{"0":0,"1":6,"2":0,"3":3,"4":3,"5":0,"6":0,"7":3,"8":1,"9":0,"10":0,"11":0,"12":0,"13":0,"14":0,"15":0,"16":0},"b":{"0":[0,0],"1":[0,3],"2":[0,0],"3":[0,0],"4":[3,3],"5":[3,0],"6":[0,0]},"meta":{"lastBranch":7,"lastFunction":17,"lastStatement":55,"seen":{"s:55:19:58:Infinity":0,"f:55:19:55:20":0,"b:56:2:56:Infinity:undefined:undefined:undefined:undefined":0,"s:56:2:56:Infinity":1,"s:56:13:56:Infinity":2,"s:57:2:57:Infinity":3,"s:60:18:311:Infinity":4,"f:60:18:60:24":1,"s:61:13:61:Infinity":5,"s:62:2:62:Infinity":6,"s:63:8:63:Infinity":7,"s:64:44:64:Infinity":8,"s:65:28:65:Infinity":9,"s:67:40:67:Infinity":10,"s:68:36:68:Infinity":11,"s:70:25:73:Infinity":12,"f:70:25:70:26":2,"s:71:4:71:Infinity":13,"s:72:4:72:Infinity":14,"s:75:2:110:Infinity":15,"f:75:12:75:18":3,"b:76:4:76:Infinity:undefined:undefined:undefined:undefined":1,"s:76:4:76:Infinity":16,"s:76:15:76:Infinity":17,"s:79:10:84:Infinity":18,"s:85:10:85:Infinity":19,"s:87:10:107:Infinity":20,"f:89:6:89:7":4,"s:90:39:90:Infinity":21,"s:91:8:96:Infinity":22,"f:91:25:91:26":5,"s:92:10:95:Infinity":23,"s:97:8:97:Infinity":24,"s:98:8:98:Infinity":25,"f:100:6:100:7":6,"s:101:8:101:Infinity":26,"s:102:8:104:Infinity":27,"s:105:8:105:Infinity":28,"s:109:4:109:Infinity":29,"f:109:11:109:17":7,"s:109:17:109:Infinity":30,"s:112:30:114:Infinity":31,"f:112:30:112:36":8,"s:113:4:113:Infinity":32,"s:116:37:130:Infinity":33,"f:116:37:116:44":9,"b:117:4:117:Infinity:undefined:undefined:undefined:undefined":2,"s:117:4:117:Infinity":34,"s:117:15:117:Infinity":35,"s:119:4:129:Infinity":36,"s:120:6:120:Infinity":37,"s:121:6:123:Infinity":38,"s:125:6:125:Infinity":39,"s:126:6:128:Infinity":40,"s:132:21:143:Infinity":41,"f:132:21:132:22":10,"b:133:4:133:Infinity:undefined:undefined:undefined:undefined":3,"s:133:4:133:Infinity":42,"s:133:20:133:Infinity":43,"s:134:17:134:Infinity":44,"s:135:4:142:Infinity":45,"b:145:2:147:Infinity:undefined:undefined:undefined:undefined":4,"s:145:2:147:Infinity":46,"s:146:4:146:Infinity":47,"s:149:2:309:Infinity":48,"b:177:10:192:Infinity:194:10:301:Infinity":5,"f:195:33:195:34":11,"s:196:14:299:Infinity":49,"b:217:26:217:Infinity:219:26:221:Infinity":6,"f:233:31:233:37":12,"s:233:37:233:Infinity":50,"f:241:36:241:37":13,"s:242:22:295:Infinity":51,"f:245:33:245:39":14,"s:245:39:245:Infinity":52,"f:261:46:261:47":15,"s:262:30:267:Infinity":53,"f:284:52:284:53":16,"s:285:32:290:Infinity":54}}}
,"/Users/admin/agile_test/client/src/pages/Login.tsx": {"path":"/Users/admin/agile_test/client/src/pages/Login.tsx","statementMap":{"0":{"start":{"line":23,"column":14},"end":{"line":146,"column":null}},"1":{"start":{"line":24,"column":8},"end":{"line":24,"column":null}},"2":{"start":{"line":25,"column":8},"end":{"line":25,"column":null}},"3":{"start":{"line":26,"column":25},"end":{"line":26,"column":null}},"4":{"start":{"line":28,"column":30},"end":{"line":31,"column":null}},"5":{"start":{"line":33,"column":26},"end":{"line":33,"column":null}},"6":{"start":{"line":34,"column":32},"end":{"line":34,"column":null}},"7":{"start":{"line":36,"column":23},"end":{"line":42,"column":null}},"8":{"start":{"line":37,"column":17},"end":{"line":37,"column":null}},"9":{"start":{"line":38,"column":18},"end":{"line":38,"column":null}},"10":{"start":{"line":40,"column":4},"end":{"line":40,"column":null}},"11":{"start":{"line":40,"column":27},"end":{"line":40,"column":52}},"12":{"start":{"line":41,"column":4},"end":{"line":41,"column":null}},"13":{"start":{"line":41,"column":25},"end":{"line":41,"column":54}},"14":{"start":{"line":44,"column":23},"end":{"line":86,"column":null}},"15":{"start":{"line":45,"column":4},"end":{"line":45,"column":null}},"16":{"start":{"line":46,"column":4},"end":{"line":46,"column":null}},"17":{"start":{"line":48,"column":19},"end":{"line":48,"column":null}},"18":{"start":{"line":49,"column":4},"end":{"line":58,"column":null}},"19":{"start":{"line":50,"column":51},"end":{"line":50,"column":null}},"20":{"start":{"line":51,"column":6},"end":{"line":55,"column":null}},"21":{"start":{"line":52,"column":8},"end":{"line":54,"column":null}},"22":{"start":{"line":53,"column":10},"end":{"line":53,"column":null}},"23":{"start":{"line":56,"column":6},"end":{"line":56,"column":null}},"24":{"start":{"line":57,"column":6},"end":{"line":57,"column":null}},"25":{"start":{"line":60,"column":30},"end":{"line":60,"column":null}},"26":{"start":{"line":62,"column":4},"end":{"line":85,"column":null}},"27":{"start":{"line":63,"column":6},"end":{"line":63,"column":null}},"28":{"start":{"line":64,"column":19},"end":{"line":64,"column":null}},"29":{"start":{"line":65,"column":6},"end":{"line":65,"column":null}},"30":{"start":{"line":67,"column":6},"end":{"line":69,"column":null}},"31":{"start":{"line":71,"column":20},"end":{"line":71,"column":null}},"32":{"start":{"line":72,"column":6},"end":{"line":72,"column":null}},"33":{"start":{"line":74,"column":18},"end":{"line":74,"column":null}},"34":{"start":{"line":75,"column":6},"end":{"line":82,"column":null}},"35":{"start":{"line":84,"column":6},"end":{"line":84,"column":null}},"36":{"start":{"line":88,"column":2},"end":{"line":144,"column":null}}},"fnMap":{"0":{"name":"(anonymous_0)","decl":{"start":{"line":23,"column":14},"end":{"line":23,"column":20}},"loc":{"start":{"line":23,"column":20},"end":{"line":146,"column":null}},"line":23},"1":{"name":"(anonymous_1)","decl":{"start":{"line":36,"column":23},"end":{"line":36,"column":24}},"loc":{"start":{"line":36,"column":67},"end":{"line":42,"column":null}},"line":36},"2":{"name":"(anonymous_2)","decl":{"start":{"line":40,"column":16},"end":{"line":40,"column":17}},"loc":{"start":{"line":40,"column":27},"end":{"line":40,"column":52}},"line":40},"3":{"name":"(anonymous_3)","decl":{"start":{"line":41,"column":14},"end":{"line":41,"column":15}},"loc":{"start":{"line":41,"column":25},"end":{"line":41,"column":54}},"line":41},"4":{"name":"(anonymous_4)","decl":{"start":{"line":44,"column":23},"end":{"line":44,"column":30}},"loc":{"start":{"line":44,"column":70},"end":{"line":86,"column":null}},"line":44},"5":{"name":"(anonymous_5)","decl":{"start":{"line":51,"column":34},"end":{"line":51,"column":35}},"loc":{"start":{"line":51,"column":45},"end":{"line":55,"column":7}},"line":51}},"branchMap":{"0":{"loc":{"start":{"line":49,"column":4},"end":{"line":58,"column":null}},"type":"if","locations":[{"start":{"line":49,"column":4},"end":{"line":58,"column":null}},{"start":{},"end":{}}],"line":49},"1":{"loc":{"start":{"line":52,"column":8},"end":{"line":54,"column":null}},"type":"if","locations":[{"start":{"line":52,"column":8},"end":{"line":54,"column":null}},{"start":{},"end":{}}],"line":52},"2":{"loc":{"start":{"line":52,"column":12},"end":{"line":52,"column":41}},"type":"binary-expr","locations":[{"start":{"line":52,"column":12},"end":{"line":52,"column":26}},{"start":{"line":52,"column":26},"end":{"line":52,"column":41}}],"line":52},"3":{"loc":{"start":{"line":71,"column":20},"end":{"line":71,"column":null}},"type":"binary-expr","locations":[{"start":{"line":71,"column":20},"end":{"line":71,"column":62}},{"start":{"line":71,"column":62},"end":{"line":71,"column":null}}],"line":71},"4":{"loc":{"start":{"line":77,"column":10},"end":{"line":80,"column":null}},"type":"cond-expr","locations":[{"start":{"line":78,"column":12},"end":{"line":78,"column":null}},{"start":{"line":80,"column":12},"end":{"line":80,"column":null}}],"line":77},"5":{"loc":{"start":{"line":130,"column":15},"end":{"line":130,"column":null}},"type":"cond-expr","locations":[{"start":{"line":130,"column":27},"end":{"line":130,"column":45}},{"start":{"line":130,"column":45},"end":{"line":130,"column":null}}],"line":130}},"s":{"0":3,"1":81,"2":81,"3":81,"4":81,"5":81,"6":81,"7":81,"8":61,"9":61,"10":61,"11":61,"12":61,"13":61,"14":81,"15":5,"16":5,"17":5,"18":5,"19":1,"20":1,"21":2,"22":2,"23":1,"24":1,"25":4,"26":4,"27":4,"28":4,"29":2,"30":2,"31":2,"32":5,"33":2,"34":2,"35":4,"36":81},"f":{"0":81,"1":61,"2":61,"3":61,"4":5,"5":2},"b":{"0":[1,4],"1":[2,0],"2":[2,2],"3":[2,2],"4":[2,0],"5":[4,77]},"meta":{"lastBranch":6,"lastFunction":6,"lastStatement":37,"seen":{"s:23:14:146:Infinity":0,"f:23:14:23:20":0,"s:24:8:24:Infinity":1,"s:25:8:25:Infinity":2,"s:26:25:26:Infinity":3,"s:28:30:31:Infinity":4,"s:33:26:33:Infinity":5,"s:34:32:34:Infinity":6,"s:36:23:42:Infinity":7,"f:36:23:36:24":1,"s:37:17:37:Infinity":8,"s:38:18:38:Infinity":9,"s:40:4:40:Infinity":10,"f:40:16:40:17":2,"s:40:27:40:52":11,"s:41:4:41:Infinity":12,"f:41:14:41:15":3,"s:41:25:41:54":13,"s:44:23:86:Infinity":14,"f:44:23:44:30":4,"s:45:4:45:Infinity":15,"s:46:4:46:Infinity":16,"s:48:19:48:Infinity":17,"b:49:4:58:Infinity:undefined:undefined:undefined:undefined":0,"s:49:4:58:Infinity":18,"s:50:51:50:Infinity":19,"s:51:6:55:Infinity":20,"f:51:34:51:35":5,"b:52:8:54:Infinity:undefined:undefined:undefined:undefined":1,"s:52:8:54:Infinity":21,"b:52:12:52:26:52:26:52:41":2,"s:53:10:53:Infinity":22,"s:56:6:56:Infinity":23,"s:57:6:57:Infinity":24,"s:60:30:60:Infinity":25,"s:62:4:85:Infinity":26,"s:63:6:63:Infinity":27,"s:64:19:64:Infinity":28,"s:65:6:65:Infinity":29,"s:67:6:69:Infinity":30,"s:71:20:71:Infinity":31,"b:71:20:71:62:71:62:71:Infinity":3,"s:72:6:72:Infinity":32,"s:74:18:74:Infinity":33,"s:75:6:82:Infinity":34,"b:78:12:78:Infinity:80:12:80:Infinity":4,"s:84:6:84:Infinity":35,"s:88:2:144:Infinity":36,"b:130:27:130:45:130:45:130:Infinity":5}}}
,"/Users/admin/agile_test/client/src/pages/Preferences.tsx": {"path":"/Users/admin/agile_test/client/src/pages/Preferences.tsx","statementMap":{"0":{"start":{"line":13,"column":21},"end":{"line":27,"column":null}},"1":{"start":{"line":29,"column":20},"end":{"line":40,"column":null}},"2":{"start":{"line":42,"column":37},"end":{"line":706,"column":null}},"3":{"start":{"line":43,"column":8},"end":{"line":43,"column":null}},"4":{"start":{"line":45,"column":38},"end":{"line":45,"column":null}},"5":{"start":{"line":46,"column":30},"end":{"line":46,"column":null}},"6":{"start":{"line":47,"column":30},"end":{"line":47,"column":null}},"7":{"start":{"line":48,"column":28},"end":{"line":48,"column":null}},"8":{"start":{"line":49,"column":20},"end":{"line":49,"column":null}},"9":{"start":{"line":50,"column":34},"end":{"line":50,"column":null}},"10":{"start":{"line":51,"column":26},"end":{"line":51,"column":null}},"11":{"start":{"line":52,"column":34},"end":{"line":52,"column":null}},"12":{"start":{"line":53,"column":26},"end":{"line":53,"column":null}},"13":{"start":{"line":54,"column":32},"end":{"line":54,"column":null}},"14":{"start":{"line":56,"column":22},"end":{"line":68,"column":null}},"15":{"start":{"line":57,"column":4},"end":{"line":67,"column":null}},"16":{"start":{"line":58,"column":19},"end":{"line":60,"column":null}},"17":{"start":{"line":59,"column":29},"end":{"line":59,"column":40}},"18":{"start":{"line":62,"column":6},"end":{"line":64,"column":null}},"19":{"start":{"line":63,"column":8},"end":{"line":63,"column":null}},"20":{"start":{"line":63,"column":32},"end":{"line":63,"column":64}},"21":{"start":{"line":66,"column":6},"end":{"line":66,"column":null}},"22":{"start":{"line":70,"column":35},"end":{"line":156,"column":null}},"23":{"start":{"line":71,"column":4},"end":{"line":71,"column":null}},"24":{"start":{"line":73,"column":42},"end":{"line":82,"column":null}},"25":{"start":{"line":84,"column":24},"end":{"line":84,"column":null}},"26":{"start":{"line":86,"column":4},"end":{"line":100,"column":null}},"27":{"start":{"line":87,"column":45},"end":{"line":87,"column":null}},"28":{"start":{"line":89,"column":6},"end":{"line":96,"column":null}},"29":{"start":{"line":90,"column":22},"end":{"line":90,"column":null}},"30":{"start":{"line":91,"column":8},"end":{"line":91,"column":null}},"31":{"start":{"line":91,"column":20},"end":{"line":91,"column":null}},"32":{"start":{"line":93,"column":8},"end":{"line":95,"column":null}},"33":{"start":{"line":94,"column":10},"end":{"line":94,"column":null}},"34":{"start":{"line":98,"column":6},"end":{"line":98,"column":null}},"35":{"start":{"line":99,"column":6},"end":{"line":99,"column":null}},"36":{"start":{"line":102,"column":18},"end":{"line":102,"column":null}},"37":{"start":{"line":104,"column":4},"end":{"line":104,"column":null}},"38":{"start":{"line":105,"column":4},"end":{"line":155,"column":null}},"39":{"start":{"line":106,"column":23},"end":{"line":126,"column":null}},"40":{"start":{"line":128,"column":21},"end":{"line":128,"column":null}},"41":{"start":{"line":130,"column":6},"end":{"line":152,"column":null}},"42":{"start":{"line":131,"column":8},"end":{"line":131,"column":null}},"43":{"start":{"line":132,"column":8},"end":{"line":142,"column":null}},"44":{"start":{"line":144,"column":8},"end":{"line":144,"column":null}},"45":{"start":{"line":146,"column":8},"end":{"line":151,"column":null}},"46":{"start":{"line":154,"column":6},"end":{"line":154,"column":null}},"47":{"start":{"line":158,"column":2},"end":{"line":160,"column":null}},"48":{"start":{"line":159,"column":4},"end":{"line":159,"column":null}},"49":{"start":{"line":162,"column":2},"end":{"line":704,"column":null}},"50":{"start":{"line":190,"column":18},"end":{"line":190,"column":null}},"51":{"start":{"line":191,"column":18},"end":{"line":194,"column":null}},"52":{"start":{"line":191,"column":39},"end":{"line":194,"column":20}},"53":{"start":{"line":200,"column":18},"end":{"line":202,"column":null}},"54":{"start":{"line":223,"column":33},"end":{"line":223,"column":null}},"55":{"start":{"line":245,"column":33},"end":{"line":245,"column":null}},"56":{"start":{"line":302,"column":33},"end":{"line":302,"column":null}},"57":{"start":{"line":602,"column":33},"end":{"line":602,"column":null}},"58":{"start":{"line":623,"column":33},"end":{"line":623,"column":null}},"59":{"start":{"line":642,"column":18},"end":{"line":657,"column":null}},"60":{"start":{"line":651,"column":38},"end":{"line":651,"column":null}},"61":{"start":{"line":678,"column":18},"end":{"line":678,"column":null}},"62":{"start":{"line":679,"column":18},"end":{"line":682,"column":null}},"63":{"start":{"line":679,"column":39},"end":{"line":682,"column":20}}},"fnMap":{"0":{"name":"(anonymous_0)","decl":{"start":{"line":42,"column":37},"end":{"line":42,"column":43}},"loc":{"start":{"line":42,"column":43},"end":{"line":706,"column":null}},"line":42},"1":{"name":"(anonymous_1)","decl":{"start":{"line":56,"column":22},"end":{"line":56,"column":23}},"loc":{"start":{"line":56,"column":41},"end":{"line":68,"column":null}},"line":56},"2":{"name":"(anonymous_2)","decl":{"start":{"line":57,"column":14},"end":{"line":57,"column":15}},"loc":{"start":{"line":57,"column":24},"end":{"line":67,"column":5}},"line":57},"3":{"name":"(anonymous_3)","decl":{"start":{"line":59,"column":22},"end":{"line":59,"column":23}},"loc":{"start":{"line":59,"column":29},"end":{"line":59,"column":40}},"line":59},"4":{"name":"(anonymous_4)","decl":{"start":{"line":63,"column":18},"end":{"line":63,"column":19}},"loc":{"start":{"line":63,"column":32},"end":{"line":63,"column":64}},"line":63},"5":{"name":"(anonymous_5)","decl":{"start":{"line":70,"column":35},"end":{"line":70,"column":47}},"loc":{"start":{"line":70,"column":47},"end":{"line":156,"column":null}},"line":70},"6":{"name":"(anonymous_6)","decl":{"start":{"line":89,"column":39},"end":{"line":89,"column":40}},"loc":{"start":{"line":89,"column":55},"end":{"line":96,"column":7}},"line":89},"7":{"name":"(anonymous_7)","decl":{"start":{"line":189,"column":26},"end":{"line":189,"column":27}},"loc":{"start":{"line":189,"column":33},"end":{"line":195,"column":null}},"line":189},"8":{"name":"(anonymous_8)","decl":{"start":{"line":191,"column":28},"end":{"line":191,"column":29}},"loc":{"start":{"line":191,"column":39},"end":{"line":194,"column":20}},"line":191},"9":{"name":"(anonymous_9)","decl":{"start":{"line":199,"column":33},"end":{"line":199,"column":34}},"loc":{"start":{"line":200,"column":18},"end":{"line":202,"column":null}},"line":200},"10":{"name":"(anonymous_10)","decl":{"start":{"line":223,"column":26},"end":{"line":223,"column":27}},"loc":{"start":{"line":223,"column":33},"end":{"line":223,"column":null}},"line":223},"11":{"name":"(anonymous_11)","decl":{"start":{"line":245,"column":26},"end":{"line":245,"column":27}},"loc":{"start":{"line":245,"column":33},"end":{"line":245,"column":null}},"line":245},"12":{"name":"(anonymous_12)","decl":{"start":{"line":302,"column":26},"end":{"line":302,"column":27}},"loc":{"start":{"line":302,"column":33},"end":{"line":302,"column":null}},"line":302},"13":{"name":"(anonymous_13)","decl":{"start":{"line":602,"column":26},"end":{"line":602,"column":27}},"loc":{"start":{"line":602,"column":33},"end":{"line":602,"column":null}},"line":602},"14":{"name":"(anonymous_14)","decl":{"start":{"line":623,"column":26},"end":{"line":623,"column":27}},"loc":{"start":{"line":623,"column":33},"end":{"line":623,"column":null}},"line":623},"15":{"name":"(anonymous_15)","decl":{"start":{"line":641,"column":34},"end":{"line":641,"column":35}},"loc":{"start":{"line":642,"column":18},"end":{"line":657,"column":null}},"line":642},"16":{"name":"(anonymous_16)","decl":{"start":{"line":651,"column":32},"end":{"line":651,"column":38}},"loc":{"start":{"line":651,"column":38},"end":{"line":651,"column":null}},"line":651},"17":{"name":"(anonymous_17)","decl":{"start":{"line":677,"column":26},"end":{"line":677,"column":27}},"loc":{"start":{"line":677,"column":33},"end":{"line":683,"column":null}},"line":677},"18":{"name":"(anonymous_18)","decl":{"start":{"line":679,"column":28},"end":{"line":679,"column":29}},"loc":{"start":{"line":679,"column":39},"end":{"line":682,"column":20}},"line":679}},"branchMap":{"0":{"loc":{"start":{"line":58,"column":19},"end":{"line":60,"column":null}},"type":"cond-expr","locations":[{"start":{"line":59,"column":10},"end":{"line":59,"column":null}},{"start":{"line":60,"column":10},"end":{"line":60,"column":null}}],"line":58},"1":{"loc":{"start":{"line":62,"column":6},"end":{"line":64,"column":null}},"type":"if","locations":[{"start":{"line":62,"column":6},"end":{"line":64,"column":null}},{"start":{},"end":{}}],"line":62},"2":{"loc":{"start":{"line":62,"column":10},"end":{"line":62,"column":44}},"type":"binary-expr","locations":[{"start":{"line":62,"column":10},"end":{"line":62,"column":29}},{"start":{"line":62,"column":29},"end":{"line":62,"column":44}}],"line":62},"3":{"loc":{"start":{"line":86,"column":4},"end":{"line":100,"column":null}},"type":"if","locations":[{"start":{"line":86,"column":4},"end":{"line":100,"column":null}},{"start":{},"end":{}}],"line":86},"4":{"loc":{"start":{"line":91,"column":8},"end":{"line":91,"column":null}},"type":"if","locations":[{"start":{"line":91,"column":8},"end":{"line":91,"column":null}},{"start":{},"end":{}}],"line":91},"5":{"loc":{"start":{"line":93,"column":8},"end":{"line":95,"column":null}},"type":"if","locations":[{"start":{"line":93,"column":8},"end":{"line":95,"column":null}},{"start":{},"end":{}}],"line":93},"6":{"loc":{"start":{"line":114,"column":20},"end":{"line":114,"column":null}},"type":"cond-expr","locations":[{"start":{"line":114,"column":47},"end":{"line":114,"column":54}},{"start":{"line":114,"column":54},"end":{"line":114,"column":null}}],"line":114},"7":{"loc":{"start":{"line":115,"column":19},"end":{"line":115,"column":null}},"type":"cond-expr","locations":[{"start":{"line":115,"column":45},"end":{"line":115,"column":52}},{"start":{"line":115,"column":52},"end":{"line":115,"column":null}}],"line":115},"8":{"loc":{"start":{"line":116,"column":15},"end":{"line":116,"column":null}},"type":"cond-expr","locations":[{"start":{"line":116,"column":37},"end":{"line":116,"column":44}},{"start":{"line":116,"column":44},"end":{"line":116,"column":null}}],"line":116},"9":{"loc":{"start":{"line":118,"column":12},"end":{"line":122,"column":null}},"type":"cond-expr","locations":[{"start":{"line":119,"column":16},"end":{"line":119,"column":null}},{"start":{"line":120,"column":16},"end":{"line":122,"column":null}}],"line":118},"10":{"loc":{"start":{"line":120,"column":16},"end":{"line":122,"column":null}},"type":"cond-expr","locations":[{"start":{"line":121,"column":16},"end":{"line":121,"column":null}},{"start":{"line":122,"column":16},"end":{"line":122,"column":null}}],"line":120},"11":{"loc":{"start":{"line":130,"column":6},"end":{"line":152,"column":null}},"type":"if","locations":[{"start":{"line":130,"column":6},"end":{"line":152,"column":null}},{"start":{"line":143,"column":13},"end":{"line":152,"column":null}}],"line":130},"12":{"loc":{"start":{"line":158,"column":2},"end":{"line":160,"column":null}},"type":"if","locations":[{"start":{"line":158,"column":2},"end":{"line":160,"column":null}},{"start":{},"end":{}}],"line":158},"13":{"loc":{"start":{"line":205,"column":15},"end":{"line":208,"column":null}},"type":"binary-expr","locations":[{"start":{"line":205,"column":15},"end":{"line":205,"column":null}},{"start":{"line":206,"column":16},"end":{"line":208,"column":null}}],"line":205},"14":{"loc":{"start":{"line":660,"column":15},"end":{"line":661,"column":null}},"type":"binary-expr","locations":[{"start":{"line":660,"column":15},"end":{"line":660,"column":null}},{"start":{"line":661,"column":16},"end":{"line":661,"column":null}}],"line":660},"15":{"loc":{"start":{"line":688,"column":15},"end":{"line":689,"column":null}},"type":"binary-expr","locations":[{"start":{"line":688,"column":15},"end":{"line":688,"column":null}},{"start":{"line":689,"column":16},"end":{"line":689,"column":null}}],"line":688}},"s":{"0":3,"1":3,"2":3,"3":13,"4":13,"5":13,"6":13,"7":13,"8":13,"9":13,"10":13,"11":13,"12":13,"13":13,"14":13,"15":2,"16":2,"17":0,"18":2,"19":0,"20":0,"21":2,"22":13,"23":1,"24":1,"25":1,"26":1,"27":0,"28":0,"29":0,"30":0,"31":0,"32":0,"33":0,"34":0,"35":0,"36":1,"37":1,"38":1,"39":1,"40":1,"41":1,"42":0,"43":0,"44":1,"45":1,"46":0,"47":13,"48":1,"49":12,"50":1,"51":1,"52":1,"53":120,"54":1,"55":1,"56":1,"57":1,"58":1,"59":156,"60":2,"61":2,"62":2,"63":2},"f":{"0":13,"1":2,"2":2,"3":0,"4":0,"5":1,"6":0,"7":1,"8":1,"9":120,"10":1,"11":1,"12":1,"13":1,"14":1,"15":156,"16":2,"17":2,"18":2},"b":{"0":[0,2],"1":[0,2],"2":[2,2],"3":[0,1],"4":[0,0],"5":[0,0],"6":[0,1],"7":[0,1],"8":[0,1],"9":[1,0],"10":[0,0],"11":[0,1],"12":[1,12],"13":[12,0],"14":[13,0],"15":[13,0]},"meta":{"lastBranch":16,"lastFunction":19,"lastStatement":64,"seen":{"s:13:21:27:Infinity":0,"s:29:20:40:Infinity":1,"s:42:37:706:Infinity":2,"f:42:37:42:43":0,"s:43:8:43:Infinity":3,"s:45:38:45:Infinity":4,"s:46:30:46:Infinity":5,"s:47:30:47:Infinity":6,"s:48:28:48:Infinity":7,"s:49:20:49:Infinity":8,"s:50:34:50:Infinity":9,"s:51:26:51:Infinity":10,"s:52:34:52:Infinity":11,"s:53:26:53:Infinity":12,"s:54:32:54:Infinity":13,"s:56:22:68:Infinity":14,"f:56:22:56:23":1,"s:57:4:67:Infinity":15,"f:57:14:57:15":2,"s:58:19:60:Infinity":16,"b:59:10:59:Infinity:60:10:60:Infinity":0,"f:59:22:59:23":3,"s:59:29:59:40":17,"b:62:6:64:Infinity:undefined:undefined:undefined:undefined":1,"s:62:6:64:Infinity":18,"b:62:10:62:29:62:29:62:44":2,"s:63:8:63:Infinity":19,"f:63:18:63:19":4,"s:63:32:63:64":20,"s:66:6:66:Infinity":21,"s:70:35:156:Infinity":22,"f:70:35:70:47":5,"s:71:4:71:Infinity":23,"s:73:42:82:Infinity":24,"s:84:24:84:Infinity":25,"b:86:4:100:Infinity:undefined:undefined:undefined:undefined":3,"s:86:4:100:Infinity":26,"s:87:45:87:Infinity":27,"s:89:6:96:Infinity":28,"f:89:39:89:40":6,"s:90:22:90:Infinity":29,"b:91:8:91:Infinity:undefined:undefined:undefined:undefined":4,"s:91:8:91:Infinity":30,"s:91:20:91:Infinity":31,"b:93:8:95:Infinity:undefined:undefined:undefined:undefined":5,"s:93:8:95:Infinity":32,"s:94:10:94:Infinity":33,"s:98:6:98:Infinity":34,"s:99:6:99:Infinity":35,"s:102:18:102:Infinity":36,"s:104:4:104:Infinity":37,"s:105:4:155:Infinity":38,"s:106:23:126:Infinity":39,"b:114:47:114:54:114:54:114:Infinity":6,"b:115:45:115:52:115:52:115:Infinity":7,"b:116:37:116:44:116:44:116:Infinity":8,"b:119:16:119:Infinity:120:16:122:Infinity":9,"b:121:16:121:Infinity:122:16:122:Infinity":10,"s:128:21:128:Infinity":40,"b:130:6:152:Infinity:143:13:152:Infinity":11,"s:130:6:152:Infinity":41,"s:131:8:131:Infinity":42,"s:132:8:142:Infinity":43,"s:144:8:144:Infinity":44,"s:146:8:151:Infinity":45,"s:154:6:154:Infinity":46,"b:158:2:160:Infinity:undefined:undefined:undefined:undefined":12,"s:158:2:160:Infinity":47,"s:159:4:159:Infinity":48,"s:162:2:704:Infinity":49,"f:189:26:189:27":7,"s:190:18:190:Infinity":50,"s:191:18:194:Infinity":51,"f:191:28:191:29":8,"s:191:39:194:20":52,"f:199:33:199:34":9,"s:200:18:202:Infinity":53,"b:205:15:205:Infinity:206:16:208:Infinity":13,"f:223:26:223:27":10,"s:223:33:223:Infinity":54,"f:245:26:245:27":11,"s:245:33:245:Infinity":55,"f:302:26:302:27":12,"s:302:33:302:Infinity":56,"f:602:26:602:27":13,"s:602:33:602:Infinity":57,"f:623:26:623:27":14,"s:623:33:623:Infinity":58,"f:641:34:641:35":15,"s:642:18:657:Infinity":59,"f:651:32:651:38":16,"s:651:38:651:Infinity":60,"b:660:15:660:Infinity:661:16:661:Infinity":14,"f:677:26:677:27":17,"s:678:18:678:Infinity":61,"s:679:18:682:Infinity":62,"f:679:28:679:29":18,"s:679:39:682:20":63,"b:688:15:688:Infinity:689:16:689:Infinity":15}}}
,"/Users/admin/agile_test/client/src/pages/Results.tsx": {"path":"/Users/admin/agile_test/client/src/pages/Results.tsx","statementMap":{"0":{"start":{"line":41,"column":16},"end":{"line":305,"column":null}},"1":{"start":{"line":42,"column":8},"end":{"line":42,"column":null}},"2":{"start":{"line":43,"column":13},"end":{"line":43,"column":null}},"3":{"start":{"line":44,"column":30},"end":{"line":44,"column":null}},"4":{"start":{"line":45,"column":30},"end":{"line":45,"column":null}},"5":{"start":{"line":46,"column":32},"end":{"line":46,"column":null}},"6":{"start":{"line":47,"column":29},"end":{"line":47,"column":null}},"7":{"start":{"line":48,"column":26},"end":{"line":52,"column":null}},"8":{"start":{"line":48,"column":48},"end":{"line":51,"column":null}},"9":{"start":{"line":49,"column":40},"end":{"line":50,"column":null}},"10":{"start":{"line":54,"column":2},"end":{"line":61,"column":null}},"11":{"start":{"line":55,"column":4},"end":{"line":55,"column":null}},"12":{"start":{"line":55,"column":33},"end":{"line":55,"column":null}},"13":{"start":{"line":57,"column":4},"end":{"line":60,"column":null}},"14":{"start":{"line":57,"column":25},"end":{"line":60,"column":5}},"15":{"start":{"line":59,"column":57},"end":{"line":59,"column":61}},"16":{"start":{"line":64,"column":22},"end":{"line":64,"column":null}},"17":{"start":{"line":68,"column":30},"end":{"line":142,"column":null}},"18":{"start":{"line":69,"column":4},"end":{"line":74,"column":null}},"19":{"start":{"line":70,"column":6},"end":{"line":72,"column":null}},"20":{"start":{"line":73,"column":6},"end":{"line":73,"column":null}},"21":{"start":{"line":76,"column":4},"end":{"line":81,"column":null}},"22":{"start":{"line":77,"column":6},"end":{"line":79,"column":null}},"23":{"start":{"line":80,"column":6},"end":{"line":80,"column":null}},"24":{"start":{"line":83,"column":4},"end":{"line":83,"column":null}},"25":{"start":{"line":85,"column":4},"end":{"line":141,"column":null}},"26":{"start":{"line":87,"column":12},"end":{"line":92,"column":null}},"27":{"start":{"line":95,"column":33},"end":{"line":121,"column":null}},"28":{"start":{"line":107,"column":39},"end":{"line":119,"column":10}},"29":{"start":{"line":123,"column":6},"end":{"line":123,"column":null}},"30":{"start":{"line":126,"column":6},"end":{"line":126,"column":null}},"31":{"start":{"line":128,"column":6},"end":{"line":130,"column":null}},"32":{"start":{"line":132,"column":6},"end":{"line":132,"column":null}},"33":{"start":{"line":133,"column":6},"end":{"line":138,"column":null}},"34":{"start":{"line":140,"column":6},"end":{"line":140,"column":null}},"35":{"start":{"line":148,"column":38},"end":{"line":208,"column":null}},"36":{"start":{"line":149,"column":4},"end":{"line":149,"column":null}},"37":{"start":{"line":150,"column":4},"end":{"line":207,"column":null}},"38":{"start":{"line":151,"column":23},"end":{"line":173,"column":null}},"39":{"start":{"line":175,"column":6},"end":{"line":175,"column":null}},"40":{"start":{"line":177,"column":21},"end":{"line":177,"column":null}},"41":{"start":{"line":179,"column":6},"end":{"line":204,"column":null}},"42":{"start":{"line":180,"column":8},"end":{"line":180,"column":null}},"43":{"start":{"line":181,"column":8},"end":{"line":191,"column":null}},"44":{"start":{"line":193,"column":8},"end":{"line":193,"column":null}},"45":{"start":{"line":195,"column":26},"end":{"line":197,"column":null}},"46":{"start":{"line":195,"column":57},"end":{"line":196,"column":null}},"47":{"start":{"line":198,"column":8},"end":{"line":198,"column":null}},"48":{"start":{"line":198,"column":28},"end":{"line":198,"column":51}},"49":{"start":{"line":200,"column":8},"end":{"line":203,"column":null}},"50":{"start":{"line":200,"column":29},"end":{"line":203,"column":9}},"51":{"start":{"line":202,"column":65},"end":{"line":202,"column":69}},"52":{"start":{"line":206,"column":6},"end":{"line":206,"column":null}},"53":{"start":{"line":210,"column":2},"end":{"line":303,"column":null}},"54":{"start":{"line":256,"column":29},"end":{"line":256,"column":null}},"55":{"start":{"line":269,"column":29},"end":{"line":269,"column":null}},"56":{"start":{"line":308,"column":18},"end":{"line":375,"column":null}},"57":{"start":{"line":309,"column":2},"end":{"line":373,"column":null}},"58":{"start":{"line":312,"column":8},"end":{"line":371,"column":null}},"59":{"start":{"line":333,"column":16},"end":{"line":338,"column":null}},"60":{"start":{"line":361,"column":18},"end":{"line":366,"column":null}},"61":{"start":{"line":378,"column":18},"end":{"line":448,"column":null}},"62":{"start":{"line":379,"column":2},"end":{"line":446,"column":null}},"63":{"start":{"line":410,"column":14},"end":{"line":441,"column":null}},"64":{"start":{"line":422,"column":22},"end":{"line":427,"column":null}}},"fnMap":{"0":{"name":"(anonymous_0)","decl":{"start":{"line":41,"column":16},"end":{"line":41,"column":22}},"loc":{"start":{"line":41,"column":22},"end":{"line":305,"column":null}},"line":41},"1":{"name":"(anonymous_1)","decl":{"start":{"line":48,"column":48},"end":{"line":48,"column":null}},"loc":{"start":{"line":48,"column":48},"end":{"line":51,"column":null}},"line":48},"2":{"name":"(anonymous_2)","decl":{"start":{"line":49,"column":39},"end":{"line":49,"column":40}},"loc":{"start":{"line":49,"column":40},"end":{"line":50,"column":null}},"line":49},"3":{"name":"(anonymous_3)","decl":{"start":{"line":54,"column":12},"end":{"line":54,"column":18}},"loc":{"start":{"line":54,"column":18},"end":{"line":61,"column":5}},"line":54},"4":{"name":"(anonymous_4)","decl":{"start":{"line":57,"column":15},"end":{"line":57,"column":16}},"loc":{"start":{"line":57,"column":25},"end":{"line":60,"column":5}},"line":57},"5":{"name":"(anonymous_5)","decl":{"start":{"line":59,"column":35},"end":{"line":59,"column":36}},"loc":{"start":{"line":59,"column":57},"end":{"line":59,"column":61}},"line":59},"6":{"name":"(anonymous_6)","decl":{"start":{"line":68,"column":30},"end":{"line":68,"column":42}},"loc":{"start":{"line":68,"column":42},"end":{"line":142,"column":null}},"line":68},"7":{"name":"(anonymous_7)","decl":{"start":{"line":107,"column":27},"end":{"line":107,"column":28}},"loc":{"start":{"line":107,"column":39},"end":{"line":119,"column":10}},"line":107},"8":{"name":"(anonymous_8)","decl":{"start":{"line":148,"column":38},"end":{"line":148,"column":50}},"loc":{"start":{"line":148,"column":50},"end":{"line":208,"column":null}},"line":148},"9":{"name":"(anonymous_9)","decl":{"start":{"line":195,"column":56},"end":{"line":195,"column":57}},"loc":{"start":{"line":195,"column":57},"end":{"line":196,"column":null}},"line":195},"10":{"name":"(anonymous_10)","decl":{"start":{"line":198,"column":18},"end":{"line":198,"column":19}},"loc":{"start":{"line":198,"column":28},"end":{"line":198,"column":51}},"line":198},"11":{"name":"(anonymous_11)","decl":{"start":{"line":200,"column":19},"end":{"line":200,"column":20}},"loc":{"start":{"line":200,"column":29},"end":{"line":203,"column":9}},"line":200},"12":{"name":"(anonymous_12)","decl":{"start":{"line":202,"column":43},"end":{"line":202,"column":44}},"loc":{"start":{"line":202,"column":65},"end":{"line":202,"column":69}},"line":202},"13":{"name":"(anonymous_13)","decl":{"start":{"line":256,"column":23},"end":{"line":256,"column":29}},"loc":{"start":{"line":256,"column":29},"end":{"line":256,"column":null}},"line":256},"14":{"name":"(anonymous_14)","decl":{"start":{"line":269,"column":23},"end":{"line":269,"column":29}},"loc":{"start":{"line":269,"column":29},"end":{"line":269,"column":null}},"line":269},"15":{"name":"(anonymous_15)","decl":{"start":{"line":308,"column":18},"end":{"line":308,"column":19}},"loc":{"start":{"line":308,"column":68},"end":{"line":375,"column":null}},"line":308},"16":{"name":"(anonymous_16)","decl":{"start":{"line":311,"column":18},"end":{"line":311,"column":19}},"loc":{"start":{"line":312,"column":8},"end":{"line":371,"column":null}},"line":312},"17":{"name":"(anonymous_17)","decl":{"start":{"line":332,"column":32},"end":{"line":332,"column":33}},"loc":{"start":{"line":333,"column":16},"end":{"line":338,"column":null}},"line":333},"18":{"name":"(anonymous_18)","decl":{"start":{"line":360,"column":37},"end":{"line":360,"column":38}},"loc":{"start":{"line":361,"column":18},"end":{"line":366,"column":null}},"line":361},"19":{"name":"(anonymous_19)","decl":{"start":{"line":378,"column":18},"end":{"line":378,"column":19}},"loc":{"start":{"line":378,"column":68},"end":{"line":448,"column":null}},"line":378},"20":{"name":"(anonymous_20)","decl":{"start":{"line":409,"column":24},"end":{"line":409,"column":25}},"loc":{"start":{"line":410,"column":14},"end":{"line":441,"column":null}},"line":410},"21":{"name":"(anonymous_21)","decl":{"start":{"line":421,"column":38},"end":{"line":421,"column":39}},"loc":{"start":{"line":422,"column":22},"end":{"line":427,"column":null}},"line":422}},"branchMap":{"0":{"loc":{"start":{"line":49,"column":5},"end":{"line":49,"column":35}},"type":"binary-expr","locations":[{"start":{"line":49,"column":5},"end":{"line":49,"column":31}},{"start":{"line":49,"column":31},"end":{"line":49,"column":35}}],"line":49},"1":{"loc":{"start":{"line":55,"column":4},"end":{"line":55,"column":null}},"type":"if","locations":[{"start":{"line":55,"column":4},"end":{"line":55,"column":null}},{"start":{},"end":{}}],"line":55},"2":{"loc":{"start":{"line":69,"column":4},"end":{"line":74,"column":null}},"type":"if","locations":[{"start":{"line":69,"column":4},"end":{"line":74,"column":null}},{"start":{},"end":{}}],"line":69},"3":{"loc":{"start":{"line":76,"column":4},"end":{"line":81,"column":null}},"type":"if","locations":[{"start":{"line":76,"column":4},"end":{"line":81,"column":null}},{"start":{},"end":{}}],"line":76},"4":{"loc":{"start":{"line":98,"column":16},"end":{"line":98,"column":null}},"type":"binary-expr","locations":[{"start":{"line":98,"column":16},"end":{"line":98,"column":44}},{"start":{"line":98,"column":44},"end":{"line":98,"column":null}}],"line":98},"5":{"loc":{"start":{"line":99,"column":20},"end":{"line":99,"column":null}},"type":"binary-expr","locations":[{"start":{"line":99,"column":20},"end":{"line":99,"column":44}},{"start":{"line":99,"column":44},"end":{"line":99,"column":null}}],"line":99},"6":{"loc":{"start":{"line":100,"column":20},"end":{"line":100,"column":null}},"type":"binary-expr","locations":[{"start":{"line":100,"column":20},"end":{"line":100,"column":44}},{"start":{"line":100,"column":44},"end":{"line":100,"column":null}}],"line":100},"7":{"loc":{"start":{"line":101,"column":19},"end":{"line":101,"column":null}},"type":"binary-expr","locations":[{"start":{"line":101,"column":19},"end":{"line":101,"column":42}},{"start":{"line":101,"column":42},"end":{"line":101,"column":null}}],"line":101},"8":{"loc":{"start":{"line":102,"column":15},"end":{"line":102,"column":null}},"type":"binary-expr","locations":[{"start":{"line":102,"column":15},"end":{"line":102,"column":34}},{"start":{"line":102,"column":34},"end":{"line":102,"column":null}}],"line":102},"9":{"loc":{"start":{"line":103,"column":22},"end":{"line":103,"column":null}},"type":"binary-expr","locations":[{"start":{"line":103,"column":22},"end":{"line":103,"column":48}},{"start":{"line":103,"column":48},"end":{"line":103,"column":null}}],"line":103},"10":{"loc":{"start":{"line":104,"column":18},"end":{"line":104,"column":null}},"type":"binary-expr","locations":[{"start":{"line":104,"column":18},"end":{"line":104,"column":40}},{"start":{"line":104,"column":40},"end":{"line":104,"column":null}}],"line":104},"11":{"loc":{"start":{"line":105,"column":22},"end":{"line":105,"column":null}},"type":"binary-expr","locations":[{"start":{"line":105,"column":22},"end":{"line":105,"column":48}},{"start":{"line":105,"column":48},"end":{"line":105,"column":null}}],"line":105},"12":{"loc":{"start":{"line":135,"column":10},"end":{"line":137,"column":null}},"type":"cond-expr","locations":[{"start":{"line":136,"column":14},"end":{"line":136,"column":null}},{"start":{"line":137,"column":14},"end":{"line":137,"column":null}}],"line":135},"13":{"loc":{"start":{"line":160,"column":12},"end":{"line":160,"column":null}},"type":"cond-expr","locations":[{"start":{"line":160,"column":45},"end":{"line":160,"column":52}},{"start":{"line":160,"column":52},"end":{"line":160,"column":null}}],"line":160},"14":{"loc":{"start":{"line":161,"column":19},"end":{"line":161,"column":null}},"type":"cond-expr","locations":[{"start":{"line":161,"column":51},"end":{"line":161,"column":58}},{"start":{"line":161,"column":58},"end":{"line":161,"column":null}}],"line":161},"15":{"loc":{"start":{"line":162,"column":15},"end":{"line":162,"column":null}},"type":"cond-expr","locations":[{"start":{"line":162,"column":43},"end":{"line":162,"column":50}},{"start":{"line":162,"column":50},"end":{"line":162,"column":null}}],"line":162},"16":{"loc":{"start":{"line":164,"column":12},"end":{"line":168,"column":null}},"type":"cond-expr","locations":[{"start":{"line":165,"column":16},"end":{"line":165,"column":null}},{"start":{"line":166,"column":16},"end":{"line":168,"column":null}}],"line":164},"17":{"loc":{"start":{"line":166,"column":16},"end":{"line":168,"column":null}},"type":"cond-expr","locations":[{"start":{"line":167,"column":16},"end":{"line":167,"column":null}},{"start":{"line":168,"column":16},"end":{"line":168,"column":null}}],"line":166},"18":{"loc":{"start":{"line":179,"column":6},"end":{"line":204,"column":null}},"type":"if","locations":[{"start":{"line":179,"column":6},"end":{"line":204,"column":null}},{"start":{"line":192,"column":13},"end":{"line":204,"column":null}}],"line":179},"19":{"loc":{"start":{"line":220,"column":11},"end":{"line":227,"column":null}},"type":"binary-expr","locations":[{"start":{"line":220,"column":11},"end":{"line":220,"column":null}},{"start":{"line":221,"column":12},"end":{"line":227,"column":null}}],"line":220},"20":{"loc":{"start":{"line":224,"column":17},"end":{"line":224,"column":null}},"type":"binary-expr","locations":[{"start":{"line":224,"column":17},"end":{"line":224,"column":45}},{"start":{"line":224,"column":45},"end":{"line":224,"column":null}}],"line":224},"21":{"loc":{"start":{"line":240,"column":15},"end":{"line":240,"column":null}},"type":"cond-expr","locations":[{"start":{"line":240,"column":26},"end":{"line":240,"column":40}},{"start":{"line":240,"column":40},"end":{"line":240,"column":null}}],"line":240},"22":{"loc":{"start":{"line":257,"column":23},"end":{"line":257,"column":null}},"type":"cond-expr","locations":[{"start":{"line":257,"column":46},"end":{"line":257,"column":58}},{"start":{"line":257,"column":58},"end":{"line":257,"column":null}}],"line":257},"23":{"loc":{"start":{"line":260,"column":16},"end":{"line":262,"column":null}},"type":"cond-expr","locations":[{"start":{"line":261,"column":20},"end":{"line":261,"column":null}},{"start":{"line":262,"column":20},"end":{"line":262,"column":null}}],"line":260},"24":{"loc":{"start":{"line":270,"column":23},"end":{"line":270,"column":null}},"type":"cond-expr","locations":[{"start":{"line":270,"column":46},"end":{"line":270,"column":58}},{"start":{"line":270,"column":58},"end":{"line":270,"column":null}}],"line":270},"25":{"loc":{"start":{"line":273,"column":16},"end":{"line":275,"column":null}},"type":"cond-expr","locations":[{"start":{"line":274,"column":20},"end":{"line":274,"column":null}},{"start":{"line":275,"column":20},"end":{"line":275,"column":null}}],"line":273},"26":{"loc":{"start":{"line":287,"column":26},"end":{"line":287,"column":null}},"type":"cond-expr","locations":[{"start":{"line":287,"column":38},"end":{"line":287,"column":73}},{"start":{"line":287,"column":73},"end":{"line":287,"column":null}}],"line":287},"27":{"loc":{"start":{"line":288,"column":13},"end":{"line":291,"column":null}},"type":"cond-expr","locations":[{"start":{"line":289,"column":14},"end":{"line":289,"column":null}},{"start":{"line":291,"column":14},"end":{"line":291,"column":null}}],"line":288},"28":{"loc":{"start":{"line":296,"column":11},"end":{"line":299,"column":null}},"type":"binary-expr","locations":[{"start":{"line":296,"column":11},"end":{"line":296,"column":null}},{"start":{"line":297,"column":12},"end":{"line":299,"column":null}}],"line":296},"29":{"loc":{"start":{"line":359,"column":17},"end":{"line":359,"column":65}},"type":"binary-expr","locations":[{"start":{"line":359,"column":17},"end":{"line":359,"column":50}},{"start":{"line":359,"column":50},"end":{"line":359,"column":65}}],"line":359}},"s":{"0":3,"1":2,"2":2,"3":2,"4":2,"5":2,"6":2,"7":2,"8":1,"9":4,"10":2,"11":1,"12":0,"13":1,"14":1,"15":4,"16":2,"17":2,"18":0,"19":0,"20":0,"21":0,"22":0,"23":0,"24":0,"25":0,"26":0,"27":0,"28":0,"29":0,"30":0,"31":0,"32":0,"33":0,"34":0,"35":2,"36":0,"37":0,"38":0,"39":0,"40":0,"41":0,"42":0,"43":0,"44":0,"45":0,"46":0,"47":0,"48":0,"49":0,"50":0,"51":0,"52":0,"53":2,"54":0,"55":0,"56":3,"57":2,"58":8,"59":24,"60":8,"61":3,"62":0,"63":0,"64":0},"f":{"0":2,"1":1,"2":4,"3":1,"4":1,"5":4,"6":0,"7":0,"8":0,"9":0,"10":0,"11":0,"12":0,"13":0,"14":0,"15":2,"16":8,"17":24,"18":8,"19":0,"20":0,"21":0},"b":{"0":[1,0],"1":[0,1],"2":[0,0],"3":[0,0],"4":[0,0],"5":[0,0],"6":[0,0],"7":[0,0],"8":[0,0],"9":[0,0],"10":[0,0],"11":[0,0],"12":[0,0],"13":[0,0],"14":[0,0],"15":[0,0],"16":[0,0],"17":[0,0],"18":[0,0],"19":[2,2],"20":[2,0],"21":[0,2],"22":[2,0],"23":[2,0],"24":[0,2],"25":[0,2],"26":[0,2],"27":[2,0],"28":[2,0],"29":[8,0]},"meta":{"lastBranch":30,"lastFunction":22,"lastStatement":65,"seen":{"s:41:16:305:Infinity":0,"f:41:16:41:22":0,"s:42:8:42:Infinity":1,"s:43:13:43:Infinity":2,"s:44:30:44:Infinity":3,"s:45:30:45:Infinity":4,"s:46:32:46:Infinity":5,"s:47:29:47:Infinity":6,"s:48:26:52:Infinity":7,"f:48:48:48:Infinity":1,"s:48:48:51:Infinity":8,"b:49:5:49:31:49:31:49:35":0,"f:49:39:49:40":2,"s:49:40:50:Infinity":9,"s:54:2:61:Infinity":10,"f:54:12:54:18":3,"b:55:4:55:Infinity:undefined:undefined:undefined:undefined":1,"s:55:4:55:Infinity":11,"s:55:33:55:Infinity":12,"s:57:4:60:Infinity":13,"f:57:15:57:16":4,"s:57:25:60:5":14,"f:59:35:59:36":5,"s:59:57:59:61":15,"s:64:22:64:Infinity":16,"s:68:30:142:Infinity":17,"f:68:30:68:42":6,"b:69:4:74:Infinity:undefined:undefined:undefined:undefined":2,"s:69:4:74:Infinity":18,"s:70:6:72:Infinity":19,"s:73:6:73:Infinity":20,"b:76:4:81:Infinity:undefined:undefined:undefined:undefined":3,"s:76:4:81:Infinity":21,"s:77:6:79:Infinity":22,"s:80:6:80:Infinity":23,"s:83:4:83:Infinity":24,"s:85:4:141:Infinity":25,"s:87:12:92:Infinity":26,"s:95:33:121:Infinity":27,"b:98:16:98:44:98:44:98:Infinity":4,"b:99:20:99:44:99:44:99:Infinity":5,"b:100:20:100:44:100:44:100:Infinity":6,"b:101:19:101:42:101:42:101:Infinity":7,"b:102:15:102:34:102:34:102:Infinity":8,"b:103:22:103:48:103:48:103:Infinity":9,"b:104:18:104:40:104:40:104:Infinity":10,"b:105:22:105:48:105:48:105:Infinity":11,"f:107:27:107:28":7,"s:107:39:119:10":28,"s:123:6:123:Infinity":29,"s:126:6:126:Infinity":30,"s:128:6:130:Infinity":31,"s:132:6:132:Infinity":32,"s:133:6:138:Infinity":33,"b:136:14:136:Infinity:137:14:137:Infinity":12,"s:140:6:140:Infinity":34,"s:148:38:208:Infinity":35,"f:148:38:148:50":8,"s:149:4:149:Infinity":36,"s:150:4:207:Infinity":37,"s:151:23:173:Infinity":38,"b:160:45:160:52:160:52:160:Infinity":13,"b:161:51:161:58:161:58:161:Infinity":14,"b:162:43:162:50:162:50:162:Infinity":15,"b:165:16:165:Infinity:166:16:168:Infinity":16,"b:167:16:167:Infinity:168:16:168:Infinity":17,"s:175:6:175:Infinity":39,"s:177:21:177:Infinity":40,"b:179:6:204:Infinity:192:13:204:Infinity":18,"s:179:6:204:Infinity":41,"s:180:8:180:Infinity":42,"s:181:8:191:Infinity":43,"s:193:8:193:Infinity":44,"s:195:26:197:Infinity":45,"f:195:56:195:57":9,"s:195:57:196:Infinity":46,"s:198:8:198:Infinity":47,"f:198:18:198:19":10,"s:198:28:198:51":48,"s:200:8:203:Infinity":49,"f:200:19:200:20":11,"s:200:29:203:9":50,"f:202:43:202:44":12,"s:202:65:202:69":51,"s:206:6:206:Infinity":52,"s:210:2:303:Infinity":53,"b:220:11:220:Infinity:221:12:227:Infinity":19,"b:224:17:224:45:224:45:224:Infinity":20,"b:240:26:240:40:240:40:240:Infinity":21,"f:256:23:256:29":13,"s:256:29:256:Infinity":54,"b:257:46:257:58:257:58:257:Infinity":22,"b:261:20:261:Infinity:262:20:262:Infinity":23,"f:269:23:269:29":14,"s:269:29:269:Infinity":55,"b:270:46:270:58:270:58:270:Infinity":24,"b:274:20:274:Infinity:275:20:275:Infinity":25,"b:287:38:287:73:287:73:287:Infinity":26,"b:289:14:289:Infinity:291:14:291:Infinity":27,"b:296:11:296:Infinity:297:12:299:Infinity":28,"s:308:18:375:Infinity":56,"f:308:18:308:19":15,"s:309:2:373:Infinity":57,"f:311:18:311:19":16,"s:312:8:371:Infinity":58,"f:332:32:332:33":17,"s:333:16:338:Infinity":59,"b:359:17:359:50:359:50:359:65":29,"f:360:37:360:38":18,"s:361:18:366:Infinity":60,"s:378:18:448:Infinity":61,"f:378:18:378:19":19,"s:379:2:446:Infinity":62,"f:409:24:409:25":20,"s:410:14:441:Infinity":63,"f:421:38:421:39":21,"s:422:22:427:Infinity":64}}}
,"/Users/admin/agile_test/client/src/pages/SignUp.tsx": {"path":"/Users/admin/agile_test/client/src/pages/SignUp.tsx","statementMap":{"0":{"start":{"line":21,"column":15},"end":{"line":156,"column":null}},"1":{"start":{"line":22,"column":8},"end":{"line":22,"column":null}},"2":{"start":{"line":23,"column":25},"end":{"line":23,"column":null}},"3":{"start":{"line":24,"column":30},"end":{"line":29,"column":null}},"4":{"start":{"line":30,"column":26},"end":{"line":30,"column":null}},"5":{"start":{"line":31,"column":32},"end":{"line":31,"column":null}},"6":{"start":{"line":33,"column":23},"end":{"line":41,"column":null}},"7":{"start":{"line":34,"column":17},"end":{"line":34,"column":null}},"8":{"start":{"line":35,"column":18},"end":{"line":35,"column":null}},"9":{"start":{"line":36,"column":4},"end":{"line":36,"column":null}},"10":{"start":{"line":36,"column":43},"end":{"line":36,"column":68}},"11":{"start":{"line":37,"column":4},"end":{"line":40,"column":null}},"12":{"start":{"line":37,"column":50},"end":{"line":40,"column":6}},"13":{"start":{"line":43,"column":23},"end":{"line":88,"column":null}},"14":{"start":{"line":44,"column":4},"end":{"line":44,"column":null}},"15":{"start":{"line":45,"column":4},"end":{"line":45,"column":null}},"16":{"start":{"line":47,"column":19},"end":{"line":47,"column":null}},"17":{"start":{"line":48,"column":4},"end":{"line":57,"column":null}},"18":{"start":{"line":49,"column":51},"end":{"line":49,"column":null}},"19":{"start":{"line":50,"column":6},"end":{"line":54,"column":null}},"20":{"start":{"line":51,"column":8},"end":{"line":53,"column":null}},"21":{"start":{"line":52,"column":10},"end":{"line":52,"column":null}},"22":{"start":{"line":55,"column":6},"end":{"line":55,"column":null}},"23":{"start":{"line":56,"column":6},"end":{"line":56,"column":null}},"24":{"start":{"line":59,"column":43},"end":{"line":59,"column":null}},"25":{"start":{"line":61,"column":4},"end":{"line":61,"column":null}},"26":{"start":{"line":62,"column":4},"end":{"line":87,"column":null}},"27":{"start":{"line":63,"column":19},"end":{"line":63,"column":null}},"28":{"start":{"line":65,"column":6},"end":{"line":65,"column":null}},"29":{"start":{"line":67,"column":6},"end":{"line":72,"column":null}},"30":{"start":{"line":74,"column":6},"end":{"line":74,"column":null}},"31":{"start":{"line":76,"column":6},"end":{"line":78,"column":null}},"32":{"start":{"line":79,"column":6},"end":{"line":79,"column":null}},"33":{"start":{"line":81,"column":18},"end":{"line":81,"column":null}},"34":{"start":{"line":82,"column":6},"end":{"line":84,"column":null}},"35":{"start":{"line":86,"column":6},"end":{"line":86,"column":null}},"36":{"start":{"line":90,"column":2},"end":{"line":154,"column":null}}},"fnMap":{"0":{"name":"(anonymous_0)","decl":{"start":{"line":21,"column":15},"end":{"line":21,"column":21}},"loc":{"start":{"line":21,"column":21},"end":{"line":156,"column":null}},"line":21},"1":{"name":"(anonymous_1)","decl":{"start":{"line":33,"column":23},"end":{"line":33,"column":24}},"loc":{"start":{"line":33,"column":67},"end":{"line":41,"column":null}},"line":33},"2":{"name":"(anonymous_2)","decl":{"start":{"line":36,"column":16},"end":{"line":36,"column":17}},"loc":{"start":{"line":36,"column":43},"end":{"line":36,"column":68}},"line":36},"3":{"name":"(anonymous_3)","decl":{"start":{"line":37,"column":14},"end":{"line":37,"column":15}},"loc":{"start":{"line":37,"column":50},"end":{"line":40,"column":6}},"line":37},"4":{"name":"(anonymous_4)","decl":{"start":{"line":43,"column":23},"end":{"line":43,"column":30}},"loc":{"start":{"line":43,"column":53},"end":{"line":88,"column":null}},"line":43},"5":{"name":"(anonymous_5)","decl":{"start":{"line":50,"column":34},"end":{"line":50,"column":35}},"loc":{"start":{"line":50,"column":43},"end":{"line":54,"column":7}},"line":50}},"branchMap":{"0":{"loc":{"start":{"line":48,"column":4},"end":{"line":57,"column":null}},"type":"if","locations":[{"start":{"line":48,"column":4},"end":{"line":57,"column":null}},{"start":{},"end":{}}],"line":48},"1":{"loc":{"start":{"line":51,"column":8},"end":{"line":53,"column":null}},"type":"if","locations":[{"start":{"line":51,"column":8},"end":{"line":53,"column":null}},{"start":{},"end":{}}],"line":51},"2":{"loc":{"start":{"line":51,"column":12},"end":{"line":51,"column":37}},"type":"binary-expr","locations":[{"start":{"line":51,"column":12},"end":{"line":51,"column":24}},{"start":{"line":51,"column":24},"end":{"line":51,"column":37}}],"line":51},"3":{"loc":{"start":{"line":140,"column":15},"end":{"line":140,"column":null}},"type":"cond-expr","locations":[{"start":{"line":140,"column":27},"end":{"line":140,"column":43}},{"start":{"line":140,"column":43},"end":{"line":140,"column":null}}],"line":140}},"s":{"0":3,"1":57,"2":57,"3":57,"4":57,"5":57,"6":57,"7":54,"8":54,"9":54,"10":54,"11":54,"12":54,"13":57,"14":1,"15":1,"16":1,"17":1,"18":0,"19":0,"20":0,"21":0,"22":0,"23":0,"24":1,"25":1,"26":1,"27":1,"28":1,"29":1,"30":1,"31":1,"32":1,"33":0,"34":0,"35":1,"36":57},"f":{"0":57,"1":54,"2":54,"3":54,"4":1,"5":0},"b":{"0":[0,1],"1":[0,0],"2":[0,0],"3":[1,56]},"meta":{"lastBranch":4,"lastFunction":6,"lastStatement":37,"seen":{"s:21:15:156:Infinity":0,"f:21:15:21:21":0,"s:22:8:22:Infinity":1,"s:23:25:23:Infinity":2,"s:24:30:29:Infinity":3,"s:30:26:30:Infinity":4,"s:31:32:31:Infinity":5,"s:33:23:41:Infinity":6,"f:33:23:33:24":1,"s:34:17:34:Infinity":7,"s:35:18:35:Infinity":8,"s:36:4:36:Infinity":9,"f:36:16:36:17":2,"s:36:43:36:68":10,"s:37:4:40:Infinity":11,"f:37:14:37:15":3,"s:37:50:40:6":12,"s:43:23:88:Infinity":13,"f:43:23:43:30":4,"s:44:4:44:Infinity":14,"s:45:4:45:Infinity":15,"s:47:19:47:Infinity":16,"b:48:4:57:Infinity:undefined:undefined:undefined:undefined":0,"s:48:4:57:Infinity":17,"s:49:51:49:Infinity":18,"s:50:6:54:Infinity":19,"f:50:34:50:35":5,"b:51:8:53:Infinity:undefined:undefined:undefined:undefined":1,"s:51:8:53:Infinity":20,"b:51:12:51:24:51:24:51:37":2,"s:52:10:52:Infinity":21,"s:55:6:55:Infinity":22,"s:56:6:56:Infinity":23,"s:59:43:59:Infinity":24,"s:61:4:61:Infinity":25,"s:62:4:87:Infinity":26,"s:63:19:63:Infinity":27,"s:65:6:65:Infinity":28,"s:67:6:72:Infinity":29,"s:74:6:74:Infinity":30,"s:76:6:78:Infinity":31,"s:79:6:79:Infinity":32,"s:81:18:81:Infinity":33,"s:82:6:84:Infinity":34,"s:86:6:86:Infinity":35,"s:90:2:154:Infinity":36,"b:140:27:140:43:140:43:140:Infinity":3}}}
,"/Users/admin/agile_test/client/src/routes/ProtectedRoute.tsx": {"path":"/Users/admin/agile_test/client/src/routes/ProtectedRoute.tsx","statementMap":{"0":{"start":{"line":10,"column":30},"end":{"line":23,"column":null}},"1":{"start":{"line":11,"column":22},"end":{"line":11,"column":null}},"2":{"start":{"line":12,"column":8},"end":{"line":12,"column":null}},"3":{"start":{"line":14,"column":2},"end":{"line":16,"column":null}},"4":{"start":{"line":15,"column":4},"end":{"line":15,"column":null}},"5":{"start":{"line":18,"column":2},"end":{"line":20,"column":null}},"6":{"start":{"line":19,"column":4},"end":{"line":19,"column":null}},"7":{"start":{"line":22,"column":2},"end":{"line":22,"column":null}}},"fnMap":{"0":{"name":"(anonymous_0)","decl":{"start":{"line":10,"column":30},"end":{"line":10,"column":31}},"loc":{"start":{"line":10,"column":67},"end":{"line":23,"column":null}},"line":10}},"branchMap":{"0":{"loc":{"start":{"line":14,"column":2},"end":{"line":16,"column":null}},"type":"if","locations":[{"start":{"line":14,"column":2},"end":{"line":16,"column":null}},{"start":{},"end":{}}],"line":14},"1":{"loc":{"start":{"line":18,"column":2},"end":{"line":20,"column":null}},"type":"if","locations":[{"start":{"line":18,"column":2},"end":{"line":20,"column":null}},{"start":{},"end":{}}],"line":18}},"s":{"0":3,"1":7,"2":7,"3":7,"4":0,"5":7,"6":2,"7":5},"f":{"0":7},"b":{"0":[0,7],"1":[2,5]},"meta":{"lastBranch":2,"lastFunction":1,"lastStatement":8,"seen":{"s:10:30:23:Infinity":0,"f:10:30:10:31":0,"s:11:22:11:Infinity":1,"s:12:8:12:Infinity":2,"b:14:2:16:Infinity:undefined:undefined:undefined:undefined":0,"s:14:2:16:Infinity":3,"s:15:4:15:Infinity":4,"b:18:2:20:Infinity:undefined:undefined:undefined:undefined":1,"s:18:2:20:Infinity":5,"s:19:4:19:Infinity":6,"s:22:2:22:Infinity":7}}}
,"/Users/admin/agile_test/client/src/schemas/auth.ts": {"path":"/Users/admin/agile_test/client/src/schemas/auth.ts","statementMap":{"0":{"start":{"line":3,"column":28},"end":{"line":11,"column":null}},"1":{"start":{"line":8,"column":20},"end":{"line":8,"column":60}},"2":{"start":{"line":13,"column":28},"end":{"line":16,"column":null}}},"fnMap":{"0":{"name":"(anonymous_0)","decl":{"start":{"line":8,"column":10},"end":{"line":8,"column":11}},"loc":{"start":{"line":8,"column":20},"end":{"line":8,"column":60}},"line":8}},"branchMap":{},"s":{"0":3,"1":1,"2":3},"f":{"0":1},"b":{},"meta":{"lastBranch":0,"lastFunction":1,"lastStatement":3,"seen":{"s:3:28:11:Infinity":0,"f:8:10:8:11":0,"s:8:20:8:60":1,"s:13:28:16:Infinity":2}}}
,"/Users/admin/agile_test/client/src/schemas/preferencesSchema.ts": {"path":"/Users/admin/agile_test/client/src/schemas/preferencesSchema.ts","statementMap":{"0":{"start":{"line":3,"column":33},"end":{"line":20,"column":null}}},"fnMap":{},"branchMap":{},"s":{"0":3},"f":{},"b":{},"meta":{"lastBranch":0,"lastFunction":0,"lastStatement":1,"seen":{"s:3:33:20:Infinity":0}}}
}
