{"/Users/admin/agile_test/client/src/App.tsx": {"path":"/Users/admin/agile_test/client/src/App.tsx","statementMap":{"0":{"start":{"line":13,"column":2},"end":{"line":48,"column":null}}},"fnMap":{"0":{"name":"App","decl":{"start":{"line":12,"column":16},"end":{"line":12,"column":22}},"loc":{"start":{"line":12,"column":22},"end":{"line":50,"column":null}},"line":12}},"branchMap":{},"s":{"0":7},"f":{"0":7},"b":{},"meta":{"lastBranch":0,"lastFunction":1,"lastStatement":1,"seen":{"f:12:16:12:22":0,"s:13:2:48:Infinity":0}}}
,"/Users/admin/agile_test/client/src/utils.ts": {"path":"/Users/admin/agile_test/client/src/utils.ts","statementMap":{"0":{"start":{"line":1,"column":53},"end":{"line":52,"column":null}},"1":{"start":{"line":55,"column":26},"end":{"line":85,"column":null}},"2":{"start":{"line":56,"column":23},"end":{"line":56,"column":null}},"3":{"start":{"line":57,"column":26},"end":{"line":57,"column":null}},"4":{"start":{"line":58,"column":24},"end":{"line":58,"column":null}},"5":{"start":{"line":59,"column":22},"end":{"line":59,"column":null}},"6":{"start":{"line":60,"column":25},"end":{"line":60,"column":null}},"7":{"start":{"line":61,"column":26},"end":{"line":61,"column":null}},"8":{"start":{"line":62,"column":26},"end":{"line":62,"column":null}},"9":{"start":{"line":63,"column":27},"end":{"line":63,"column":null}},"10":{"start":{"line":66,"column":28},"end":{"line":66,"column":null}},"11":{"start":{"line":67,"column":24},"end":{"line":67,"column":null}},"12":{"start":{"line":69,"column":24},"end":{"line":69,"column":null}},"13":{"start":{"line":71,"column":4},"end":{"line":84,"column":null}},"14":{"start":{"line":75,"column":67},"end":{"line":75,"column":75}},"15":{"start":{"line":83,"column":76},"end":{"line":83,"column":84}}},"fnMap":{"0":{"name":"(anonymous_0)","decl":{"start":{"line":55,"column":26},"end":{"line":55,"column":27}},"loc":{"start":{"line":55,"column":59},"end":{"line":85,"column":null}},"line":55},"1":{"name":"(anonymous_1)","decl":{"start":{"line":75,"column":60},"end":{"line":75,"column":61}},"loc":{"start":{"line":75,"column":67},"end":{"line":75,"column":75}},"line":75},"2":{"name":"(anonymous_2)","decl":{"start":{"line":83,"column":69},"end":{"line":83,"column":70}},"loc":{"start":{"line":83,"column":76},"end":{"line":83,"column":84}},"line":83}},"branchMap":{"0":{"loc":{"start":{"line":73,"column":15},"end":{"line":73,"column":null}},"type":"binary-expr","locations":[{"start":{"line":73,"column":15},"end":{"line":73,"column":42}},{"start":{"line":73,"column":42},"end":{"line":73,"column":null}}],"line":73},"1":{"loc":{"start":{"line":74,"column":21},"end":{"line":74,"column":null}},"type":"binary-expr","locations":[{"start":{"line":74,"column":21},"end":{"line":74,"column":51}},{"start":{"line":74,"column":51},"end":{"line":74,"column":null}}],"line":74},"2":{"loc":{"start":{"line":75,"column":16},"end":{"line":75,"column":null}},"type":"cond-expr","locations":[{"start":{"line":75,"column":30},"end":{"line":75,"column":79}},{"start":{"line":75,"column":79},"end":{"line":75,"column":null}}],"line":75},"3":{"loc":{"start":{"line":76,"column":14},"end":{"line":76,"column":null}},"type":"cond-expr","locations":[{"start":{"line":76,"column":26},"end":{"line":76,"column":49}},{"start":{"line":76,"column":49},"end":{"line":76,"column":null}}],"line":76},"4":{"loc":{"start":{"line":77,"column":18},"end":{"line":77,"column":null}},"type":"cond-expr","locations":[{"start":{"line":77,"column":33},"end":{"line":77,"column":59}},{"start":{"line":77,"column":59},"end":{"line":77,"column":null}}],"line":77},"5":{"loc":{"start":{"line":78,"column":18},"end":{"line":78,"column":null}},"type":"cond-expr","locations":[{"start":{"line":78,"column":34},"end":{"line":78,"column":53}},{"start":{"line":78,"column":53},"end":{"line":78,"column":null}}],"line":78},"6":{"loc":{"start":{"line":79,"column":20},"end":{"line":79,"column":null}},"type":"cond-expr","locations":[{"start":{"line":79,"column":38},"end":{"line":79,"column":67}},{"start":{"line":79,"column":67},"end":{"line":79,"column":null}}],"line":79},"7":{"loc":{"start":{"line":80,"column":16},"end":{"line":80,"column":null}},"type":"cond-expr","locations":[{"start":{"line":80,"column":30},"end":{"line":80,"column":55}},{"start":{"line":80,"column":55},"end":{"line":80,"column":null}}],"line":80},"8":{"loc":{"start":{"line":81,"column":16},"end":{"line":81,"column":null}},"type":"cond-expr","locations":[{"start":{"line":81,"column":30},"end":{"line":81,"column":47}},{"start":{"line":81,"column":47},"end":{"line":81,"column":null}}],"line":81},"9":{"loc":{"start":{"line":82,"column":18},"end":{"line":82,"column":null}},"type":"cond-expr","locations":[{"start":{"line":82,"column":34},"end":{"line":82,"column":53}},{"start":{"line":82,"column":53},"end":{"line":82,"column":null}}],"line":82},"10":{"loc":{"start":{"line":83,"column":19},"end":{"line":83,"column":null}},"type":"cond-expr","locations":[{"start":{"line":83,"column":36},"end":{"line":83,"column":88}},{"start":{"line":83,"column":88},"end":{"line":83,"column":null}}],"line":83}},"s":{"0":3,"1":3,"2":4,"3":4,"4":4,"5":4,"6":4,"7":4,"8":4,"9":4,"10":4,"11":4,"12":4,"13":4,"14":12,"15":4},"f":{"0":4,"1":12,"2":4},"b":{"0":[4,0],"1":[4,0],"2":[4,0],"3":[4,0],"4":[4,0],"5":[4,0],"6":[4,0],"7":[4,0],"8":[4,0],"9":[4,0],"10":[4,0]},"meta":{"lastBranch":11,"lastFunction":3,"lastStatement":16,"seen":{"s:1:53:52:Infinity":0,"s:55:26:85:Infinity":1,"f:55:26:55:27":0,"s:56:23:56:Infinity":2,"s:57:26:57:Infinity":3,"s:58:24:58:Infinity":4,"s:59:22:59:Infinity":5,"s:60:25:60:Infinity":6,"s:61:26:61:Infinity":7,"s:62:26:62:Infinity":8,"s:63:27:63:Infinity":9,"s:66:28:66:Infinity":10,"s:67:24:67:Infinity":11,"s:69:24:69:Infinity":12,"s:71:4:84:Infinity":13,"b:73:15:73:42:73:42:73:Infinity":0,"b:74:21:74:51:74:51:74:Infinity":1,"b:75:30:75:79:75:79:75:Infinity":2,"f:75:60:75:61":1,"s:75:67:75:75":14,"b:76:26:76:49:76:49:76:Infinity":3,"b:77:33:77:59:77:59:77:Infinity":4,"b:78:34:78:53:78:53:78:Infinity":5,"b:79:38:79:67:79:67:79:Infinity":6,"b:80:30:80:55:80:55:80:Infinity":7,"b:81:30:81:47:81:47:81:Infinity":8,"b:82:34:82:53:82:53:82:Infinity":9,"b:83:36:83:88:83:88:83:Infinity":10,"f:83:69:83:70":2,"s:83:76:83:84":15}}}
,"/Users/admin/agile_test/client/src/components/FormField.tsx": {"path":"/Users/admin/agile_test/client/src/components/FormField.tsx","statementMap":{"0":{"start":{"line":16,"column":25},"end":{"line":41,"column":null}},"1":{"start":{"line":26,"column":2},"end":{"line":39,"column":null}}},"fnMap":{"0":{"name":"(anonymous_0)","decl":{"start":{"line":16,"column":25},"end":{"line":16,"column":26}},"loc":{"start":{"line":25,"column":22},"end":{"line":41,"column":null}},"line":25}},"branchMap":{"0":{"loc":{"start":{"line":19,"column":2},"end":{"line":19,"column":null}},"type":"default-arg","locations":[{"start":{"line":19,"column":9},"end":{"line":19,"column":null}}],"line":19},"1":{"loc":{"start":{"line":36,"column":19},"end":{"line":36,"column":null}},"type":"cond-expr","locations":[{"start":{"line":36,"column":27},"end":{"line":36,"column":50}},{"start":{"line":36,"column":50},"end":{"line":36,"column":null}}],"line":36},"2":{"loc":{"start":{"line":38,"column":7},"end":{"line":38,"column":null}},"type":"binary-expr","locations":[{"start":{"line":38,"column":7},"end":{"line":38,"column":16}},{"start":{"line":38,"column":16},"end":{"line":38,"column":null}}],"line":38}},"s":{"0":4,"1":393},"f":{"0":393},"b":{"0":[393],"1":[3,390],"2":[393,3]},"meta":{"lastBranch":3,"lastFunction":1,"lastStatement":2,"seen":{"s:16:25:41:Infinity":0,"f:16:25:16:26":0,"b:19:9:19:Infinity":0,"s:26:2:39:Infinity":1,"b:36:27:36:50:36:50:36:Infinity":1,"b:38:7:38:16:38:16:38:Infinity":2}}}
,"/Users/admin/agile_test/client/src/components/Loading.tsx": {"path":"/Users/admin/agile_test/client/src/components/Loading.tsx","statementMap":{"0":{"start":{"line":2,"column":53},"end":{"line":34,"column":null}},"1":{"start":{"line":5,"column":2},"end":{"line":32,"column":null}}},"fnMap":{"0":{"name":"(anonymous_0)","decl":{"start":{"line":2,"column":53},"end":{"line":2,"column":54}},"loc":{"start":{"line":4,"column":6},"end":{"line":34,"column":null}},"line":4}},"branchMap":{"0":{"loc":{"start":{"line":3,"column":2},"end":{"line":3,"column":null}},"type":"default-arg","locations":[{"start":{"line":3,"column":12},"end":{"line":3,"column":null}}],"line":3}},"s":{"0":3,"1":4},"f":{"0":4},"b":{"0":[4]},"meta":{"lastBranch":1,"lastFunction":1,"lastStatement":2,"seen":{"s:2:53:34:Infinity":0,"f:2:53:2:54":0,"b:3:12:3:Infinity":0,"s:5:2:32:Infinity":1}}}
,"/Users/admin/agile_test/client/src/components/LoadingBox.tsx": {"path":"/Users/admin/agile_test/client/src/components/LoadingBox.tsx","statementMap":{"0":{"start":{"line":2,"column":56},"end":{"line":34,"column":null}},"1":{"start":{"line":5,"column":2},"end":{"line":32,"column":null}}},"fnMap":{"0":{"name":"(anonymous_0)","decl":{"start":{"line":2,"column":56},"end":{"line":2,"column":57}},"loc":{"start":{"line":4,"column":6},"end":{"line":34,"column":null}},"line":4}},"branchMap":{"0":{"loc":{"start":{"line":3,"column":2},"end":{"line":3,"column":null}},"type":"default-arg","locations":[{"start":{"line":3,"column":12},"end":{"line":3,"column":null}}],"line":3}},"s":{"0":3,"1":0},"f":{"0":0},"b":{"0":[0]},"meta":{"lastBranch":1,"lastFunction":1,"lastStatement":2,"seen":{"s:2:56:34:Infinity":0,"f:2:56:2:57":0,"b:3:12:3:Infinity":0,"s:5:2:32:Infinity":1}}}
,"/Users/admin/agile_test/client/src/components/MovieModal.tsx": {"path":"/Users/admin/agile_test/client/src/components/MovieModal.tsx","statementMap":{"0":{"start":{"line":17,"column":20},"end":{"line":87,"column":null}},"1":{"start":{"line":18,"column":2},"end":{"line":18,"column":null}},"2":{"start":{"line":18,"column":14},"end":{"line":18,"column":null}},"3":{"start":{"line":20,"column":2},"end":{"line":85,"column":null}},"4":{"start":{"line":47,"column":16},"end":{"line":52,"column":null}},"5":{"start":{"line":73,"column":18},"end":{"line":78,"column":null}}},"fnMap":{"0":{"name":"(anonymous_0)","decl":{"start":{"line":17,"column":20},"end":{"line":17,"column":21}},"loc":{"start":{"line":17,"column":71},"end":{"line":87,"column":null}},"line":17},"1":{"name":"(anonymous_1)","decl":{"start":{"line":46,"column":32},"end":{"line":46,"column":33}},"loc":{"start":{"line":47,"column":16},"end":{"line":52,"column":null}},"line":47},"2":{"name":"(anonymous_2)","decl":{"start":{"line":72,"column":37},"end":{"line":72,"column":38}},"loc":{"start":{"line":73,"column":18},"end":{"line":78,"column":null}},"line":73}},"branchMap":{"0":{"loc":{"start":{"line":18,"column":2},"end":{"line":18,"column":null}},"type":"if","locations":[{"start":{"line":18,"column":2},"end":{"line":18,"column":null}},{"start":{},"end":{}}],"line":18},"1":{"loc":{"start":{"line":28,"column":25},"end":{"line":28,"column":null}},"type":"binary-expr","locations":[{"start":{"line":28,"column":25},"end":{"line":28,"column":43}},{"start":{"line":28,"column":43},"end":{"line":28,"column":null}}],"line":28},"2":{"loc":{"start":{"line":67,"column":17},"end":{"line":67,"column":null}},"type":"binary-expr","locations":[{"start":{"line":67,"column":17},"end":{"line":67,"column":50}},{"start":{"line":67,"column":50},"end":{"line":67,"column":null}}],"line":67}},"s":{"0":3,"1":3,"2":3,"3":0,"4":0,"5":0},"f":{"0":3,"1":0,"2":0},"b":{"0":[3,0],"1":[0,0],"2":[3,0]},"meta":{"lastBranch":3,"lastFunction":3,"lastStatement":6,"seen":{"s:17:20:87:Infinity":0,"f:17:20:17:21":0,"b:18:2:18:Infinity:undefined:undefined:undefined:undefined":0,"s:18:2:18:Infinity":1,"s:18:14:18:Infinity":2,"s:20:2:85:Infinity":3,"b:28:25:28:43:28:43:28:Infinity":1,"f:46:32:46:33":1,"s:47:16:52:Infinity":4,"b:67:17:67:50:67:50:67:Infinity":2,"f:72:37:72:38":2,"s:73:18:78:Infinity":5}}}
,"/Users/admin/agile_test/client/src/components/NavBar.tsx": {"path":"/Users/admin/agile_test/client/src/components/NavBar.tsx","statementMap":{"0":{"start":{"line":7,"column":15},"end":{"line":79,"column":null}},"1":{"start":{"line":8,"column":21},"end":{"line":8,"column":null}},"2":{"start":{"line":9,"column":8},"end":{"line":9,"column":null}},"3":{"start":{"line":10,"column":8},"end":{"line":10,"column":null}},"4":{"start":{"line":12,"column":23},"end":{"line":28,"column":null}},"5":{"start":{"line":13,"column":4},"end":{"line":27,"column":null}},"6":{"start":{"line":14,"column":6},"end":{"line":14,"column":null}},"7":{"start":{"line":15,"column":6},"end":{"line":18,"column":null}},"8":{"start":{"line":20,"column":6},"end":{"line":20,"column":null}},"9":{"start":{"line":22,"column":18},"end":{"line":22,"column":null}},"10":{"start":{"line":23,"column":6},"end":{"line":25,"column":null}},"11":{"start":{"line":26,"column":6},"end":{"line":26,"column":null}},"12":{"start":{"line":30,"column":24},"end":{"line":30,"column":null}},"13":{"start":{"line":32,"column":2},"end":{"line":77,"column":null}},"14":{"start":{"line":38,"column":25},"end":{"line":38,"column":null}},"15":{"start":{"line":57,"column":29},"end":{"line":57,"column":null}}},"fnMap":{"0":{"name":"(anonymous_0)","decl":{"start":{"line":7,"column":15},"end":{"line":7,"column":21}},"loc":{"start":{"line":7,"column":21},"end":{"line":79,"column":null}},"line":7},"1":{"name":"(anonymous_1)","decl":{"start":{"line":12,"column":23},"end":{"line":12,"column":35}},"loc":{"start":{"line":12,"column":35},"end":{"line":28,"column":null}},"line":12},"2":{"name":"(anonymous_2)","decl":{"start":{"line":38,"column":19},"end":{"line":38,"column":25}},"loc":{"start":{"line":38,"column":25},"end":{"line":38,"column":null}},"line":38},"3":{"name":"(anonymous_3)","decl":{"start":{"line":57,"column":23},"end":{"line":57,"column":29}},"loc":{"start":{"line":57,"column":29},"end":{"line":57,"column":null}},"line":57}},"branchMap":{"0":{"loc":{"start":{"line":51,"column":15},"end":{"line":51,"column":null}},"type":"binary-expr","locations":[{"start":{"line":51,"column":15},"end":{"line":51,"column":36}},{"start":{"line":51,"column":36},"end":{"line":51,"column":51}},{"start":{"line":51,"column":51},"end":{"line":51,"column":null}}],"line":51},"1":{"loc":{"start":{"line":55,"column":11},"end":{"line":64,"column":null}},"type":"binary-expr","locations":[{"start":{"line":55,"column":11},"end":{"line":55,"column":null}},{"start":{"line":56,"column":12},"end":{"line":64,"column":null}}],"line":55}},"s":{"0":3,"1":16,"2":16,"3":16,"4":16,"5":2,"6":2,"7":2,"8":2,"9":0,"10":0,"11":0,"12":16,"13":16,"14":0,"15":0},"f":{"0":16,"1":2,"2":0,"3":0},"b":{"0":[16,0,0],"1":[16,13]},"meta":{"lastBranch":2,"lastFunction":4,"lastStatement":16,"seen":{"s:7:15:79:Infinity":0,"f:7:15:7:21":0,"s:8:21:8:Infinity":1,"s:9:8:9:Infinity":2,"s:10:8:10:Infinity":3,"s:12:23:28:Infinity":4,"f:12:23:12:35":1,"s:13:4:27:Infinity":5,"s:14:6:14:Infinity":6,"s:15:6:18:Infinity":7,"s:20:6:20:Infinity":8,"s:22:18:22:Infinity":9,"s:23:6:25:Infinity":10,"s:26:6:26:Infinity":11,"s:30:24:30:Infinity":12,"s:32:2:77:Infinity":13,"f:38:19:38:25":2,"s:38:25:38:Infinity":14,"b:51:15:51:36:51:36:51:51:51:51:51:Infinity":0,"b:55:11:55:Infinity:56:12:64:Infinity":1,"f:57:23:57:29":3,"s:57:29:57:Infinity":15}}}
,"/Users/admin/agile_test/client/src/components/ui/button.tsx": {"path":"/Users/admin/agile_test/client/src/components/ui/button.tsx","statementMap":{"0":{"start":{"line":7,"column":6},"end":{"line":37,"column":null}},"1":{"start":{"line":49,"column":15},"end":{"line":49,"column":null}},"2":{"start":{"line":51,"column":2},"end":{"line":56,"column":null}}},"fnMap":{"0":{"name":"Button","decl":{"start":{"line":39,"column":9},"end":{"line":39,"column":16}},"loc":{"start":{"line":48,"column":5},"end":{"line":58,"column":null}},"line":48}},"branchMap":{"0":{"loc":{"start":{"line":43,"column":2},"end":{"line":43,"column":null}},"type":"default-arg","locations":[{"start":{"line":43,"column":12},"end":{"line":43,"column":null}}],"line":43},"1":{"loc":{"start":{"line":49,"column":15},"end":{"line":49,"column":null}},"type":"cond-expr","locations":[{"start":{"line":49,"column":25},"end":{"line":49,"column":32}},{"start":{"line":49,"column":32},"end":{"line":49,"column":null}}],"line":49}},"s":{"0":3,"1":181,"2":181},"f":{"0":181},"b":{"0":[181],"1":[0,181]},"meta":{"lastBranch":2,"lastFunction":1,"lastStatement":3,"seen":{"s:7:6:37:Infinity":0,"f:39:9:39:16":0,"b:43:12:43:Infinity":0,"s:49:15:49:Infinity":1,"b:49:25:49:32:49:32:49:Infinity":1,"s:51:2:56:Infinity":2}}}
,"/Users/admin/agile_test/client/src/components/ui/card.tsx": {"path":"/Users/admin/agile_test/client/src/components/ui/card.tsx","statementMap":{"0":{"start":{"line":6,"column":2},"end":{"line":14,"column":null}},"1":{"start":{"line":19,"column":2},"end":{"line":27,"column":null}},"2":{"start":{"line":32,"column":2},"end":{"line":37,"column":null}},"3":{"start":{"line":42,"column":2},"end":{"line":47,"column":null}},"4":{"start":{"line":52,"column":2},"end":{"line":60,"column":null}},"5":{"start":{"line":65,"column":2},"end":{"line":70,"column":null}},"6":{"start":{"line":75,"column":2},"end":{"line":80,"column":null}}},"fnMap":{"0":{"name":"Card","decl":{"start":{"line":5,"column":9},"end":{"line":5,"column":14}},"loc":{"start":{"line":5,"column":68},"end":{"line":16,"column":null}},"line":5},"1":{"name":"CardHeader","decl":{"start":{"line":18,"column":9},"end":{"line":18,"column":20}},"loc":{"start":{"line":18,"column":74},"end":{"line":29,"column":null}},"line":18},"2":{"name":"CardTitle","decl":{"start":{"line":31,"column":9},"end":{"line":31,"column":19}},"loc":{"start":{"line":31,"column":73},"end":{"line":39,"column":null}},"line":31},"3":{"name":"CardDescription","decl":{"start":{"line":41,"column":9},"end":{"line":41,"column":25}},"loc":{"start":{"line":41,"column":79},"end":{"line":49,"column":null}},"line":41},"4":{"name":"CardAction","decl":{"start":{"line":51,"column":9},"end":{"line":51,"column":20}},"loc":{"start":{"line":51,"column":74},"end":{"line":62,"column":null}},"line":51},"5":{"name":"CardContent","decl":{"start":{"line":64,"column":9},"end":{"line":64,"column":21}},"loc":{"start":{"line":64,"column":75},"end":{"line":72,"column":null}},"line":64},"6":{"name":"CardFooter","decl":{"start":{"line":74,"column":9},"end":{"line":74,"column":20}},"loc":{"start":{"line":74,"column":74},"end":{"line":82,"column":null}},"line":74}},"branchMap":{},"s":{"0":141,"1":141,"2":141,"3":138,"4":0,"5":141,"6":0},"f":{"0":141,"1":141,"2":141,"3":138,"4":0,"5":141,"6":0},"b":{},"meta":{"lastBranch":0,"lastFunction":7,"lastStatement":7,"seen":{"f:5:9:5:14":0,"s:6:2:14:Infinity":0,"f:18:9:18:20":1,"s:19:2:27:Infinity":1,"f:31:9:31:19":2,"s:32:2:37:Infinity":2,"f:41:9:41:25":3,"s:42:2:47:Infinity":3,"f:51:9:51:20":4,"s:52:2:60:Infinity":4,"f:64:9:64:21":5,"s:65:2:70:Infinity":5,"f:74:9:74:20":6,"s:75:2:80:Infinity":6}}}
,"/Users/admin/agile_test/client/src/components/ui/dialog.tsx": {"path":"/Users/admin/agile_test/client/src/components/ui/dialog.tsx","statementMap":{"0":{"start":{"line":10,"column":2},"end":{"line":10,"column":null}},"1":{"start":{"line":16,"column":2},"end":{"line":16,"column":null}},"2":{"start":{"line":22,"column":2},"end":{"line":22,"column":null}},"3":{"start":{"line":28,"column":2},"end":{"line":28,"column":null}},"4":{"start":{"line":35,"column":2},"end":{"line":43,"column":null}},"5":{"start":{"line":55,"column":2},"end":{"line":77,"column":null}},"6":{"start":{"line":82,"column":2},"end":{"line":87,"column":null}},"7":{"start":{"line":92,"column":2},"end":{"line":100,"column":null}},"8":{"start":{"line":108,"column":2},"end":{"line":113,"column":null}},"9":{"start":{"line":121,"column":2},"end":{"line":126,"column":null}}},"fnMap":{"0":{"name":"Dialog","decl":{"start":{"line":7,"column":9},"end":{"line":7,"column":16}},"loc":{"start":{"line":9,"column":54},"end":{"line":11,"column":null}},"line":9},"1":{"name":"DialogTrigger","decl":{"start":{"line":13,"column":9},"end":{"line":13,"column":23}},"loc":{"start":{"line":15,"column":57},"end":{"line":17,"column":null}},"line":15},"2":{"name":"DialogPortal","decl":{"start":{"line":19,"column":9},"end":{"line":19,"column":22}},"loc":{"start":{"line":21,"column":56},"end":{"line":23,"column":null}},"line":21},"3":{"name":"DialogClose","decl":{"start":{"line":25,"column":9},"end":{"line":25,"column":21}},"loc":{"start":{"line":27,"column":55},"end":{"line":29,"column":null}},"line":27},"4":{"name":"DialogOverlay","decl":{"start":{"line":31,"column":9},"end":{"line":31,"column":23}},"loc":{"start":{"line":34,"column":57},"end":{"line":45,"column":null}},"line":34},"5":{"name":"DialogContent","decl":{"start":{"line":47,"column":9},"end":{"line":47,"column":23}},"loc":{"start":{"line":54,"column":3},"end":{"line":79,"column":null}},"line":54},"6":{"name":"DialogHeader","decl":{"start":{"line":81,"column":9},"end":{"line":81,"column":22}},"loc":{"start":{"line":81,"column":76},"end":{"line":89,"column":null}},"line":81},"7":{"name":"DialogFooter","decl":{"start":{"line":91,"column":9},"end":{"line":91,"column":22}},"loc":{"start":{"line":91,"column":76},"end":{"line":102,"column":null}},"line":91},"8":{"name":"DialogTitle","decl":{"start":{"line":104,"column":9},"end":{"line":104,"column":21}},"loc":{"start":{"line":107,"column":55},"end":{"line":115,"column":null}},"line":107},"9":{"name":"DialogDescription","decl":{"start":{"line":117,"column":9},"end":{"line":117,"column":27}},"loc":{"start":{"line":120,"column":61},"end":{"line":128,"column":null}},"line":120}},"branchMap":{"0":{"loc":{"start":{"line":50,"column":2},"end":{"line":50,"column":null}},"type":"default-arg","locations":[{"start":{"line":50,"column":20},"end":{"line":50,"column":null}}],"line":50},"1":{"loc":{"start":{"line":67,"column":9},"end":{"line":74,"column":null}},"type":"binary-expr","locations":[{"start":{"line":67,"column":9},"end":{"line":67,"column":null}},{"start":{"line":68,"column":10},"end":{"line":74,"column":null}}],"line":67}},"s":{"0":0,"1":0,"2":0,"3":0,"4":0,"5":0,"6":0,"7":0,"8":0,"9":0},"f":{"0":0,"1":0,"2":0,"3":0,"4":0,"5":0,"6":0,"7":0,"8":0,"9":0},"b":{"0":[0],"1":[0,0]},"meta":{"lastBranch":2,"lastFunction":10,"lastStatement":10,"seen":{"f:7:9:7:16":0,"s:10:2:10:Infinity":0,"f:13:9:13:23":1,"s:16:2:16:Infinity":1,"f:19:9:19:22":2,"s:22:2:22:Infinity":2,"f:25:9:25:21":3,"s:28:2:28:Infinity":3,"f:31:9:31:23":4,"s:35:2:43:Infinity":4,"f:47:9:47:23":5,"b:50:20:50:Infinity":0,"s:55:2:77:Infinity":5,"b:67:9:67:Infinity:68:10:74:Infinity":1,"f:81:9:81:22":6,"s:82:2:87:Infinity":6,"f:91:9:91:22":7,"s:92:2:100:Infinity":7,"f:104:9:104:21":8,"s:108:2:113:Infinity":8,"f:117:9:117:27":9,"s:121:2:126:Infinity":9}}}
,"/Users/admin/agile_test/client/src/components/ui/input.tsx": {"path":"/Users/admin/agile_test/client/src/components/ui/input.tsx","statementMap":{"0":{"start":{"line":6,"column":2},"end":{"line":17,"column":null}}},"fnMap":{"0":{"name":"Input","decl":{"start":{"line":5,"column":9},"end":{"line":5,"column":15}},"loc":{"start":{"line":5,"column":77},"end":{"line":19,"column":null}},"line":5}},"branchMap":{},"s":{"0":393},"f":{"0":393},"b":{},"meta":{"lastBranch":0,"lastFunction":1,"lastStatement":1,"seen":{"f:5:9:5:15":0,"s:6:2:17:Infinity":0}}}
,"/Users/admin/agile_test/client/src/components/ui/label.tsx": {"path":"/Users/admin/agile_test/client/src/components/ui/label.tsx","statementMap":{"0":{"start":{"line":10,"column":2},"end":{"line":18,"column":null}}},"fnMap":{"0":{"name":"Label","decl":{"start":{"line":6,"column":9},"end":{"line":6,"column":15}},"loc":{"start":{"line":9,"column":53},"end":{"line":20,"column":null}},"line":9}},"branchMap":{},"s":{"0":393},"f":{"0":393},"b":{},"meta":{"lastBranch":0,"lastFunction":1,"lastStatement":1,"seen":{"f:6:9:6:15":0,"s:10:2:18:Infinity":0}}}
,"/Users/admin/agile_test/client/src/components/ui/sonner.tsx": {"path":"/Users/admin/agile_test/client/src/components/ui/sonner.tsx","statementMap":{"0":{"start":{"line":11,"column":16},"end":{"line":36,"column":null}},"1":{"start":{"line":12,"column":27},"end":{"line":12,"column":null}},"2":{"start":{"line":14,"column":2},"end":{"line":34,"column":null}}},"fnMap":{"0":{"name":"(anonymous_0)","decl":{"start":{"line":11,"column":16},"end":{"line":11,"column":17}},"loc":{"start":{"line":11,"column":48},"end":{"line":36,"column":null}},"line":11}},"branchMap":{"0":{"loc":{"start":{"line":12,"column":10},"end":{"line":12,"column":27}},"type":"default-arg","locations":[{"start":{"line":12,"column":18},"end":{"line":12,"column":27}}],"line":12}},"s":{"0":3,"1":7,"2":7},"f":{"0":7},"b":{"0":[7]},"meta":{"lastBranch":1,"lastFunction":1,"lastStatement":3,"seen":{"s:11:16:36:Infinity":0,"f:11:16:11:17":0,"s:12:27:12:Infinity":1,"b:12:18:12:27":0,"s:14:2:34:Infinity":2}}}
,"/Users/admin/agile_test/client/src/context/AuthContext.tsx": {"path":"/Users/admin/agile_test/client/src/context/AuthContext.tsx","statementMap":{"0":{"start":{"line":12,"column":13},"end":{"line":14,"column":null}},"1":{"start":{"line":16,"column":28},"end":{"line":43,"column":null}},"2":{"start":{"line":17,"column":22},"end":{"line":17,"column":null}},"3":{"start":{"line":18,"column":28},"end":{"line":18,"column":null}},"4":{"start":{"line":20,"column":2},"end":{"line":27,"column":null}},"5":{"start":{"line":21,"column":10},"end":{"line":24,"column":null}},"6":{"start":{"line":22,"column":6},"end":{"line":22,"column":null}},"7":{"start":{"line":23,"column":6},"end":{"line":23,"column":null}},"8":{"start":{"line":26,"column":4},"end":{"line":26,"column":null}},"9":{"start":{"line":26,"column":17},"end":{"line":26,"column":null}},"10":{"start":{"line":29,"column":17},"end":{"line":32,"column":null}},"11":{"start":{"line":30,"column":4},"end":{"line":30,"column":null}},"12":{"start":{"line":31,"column":4},"end":{"line":31,"column":null}},"13":{"start":{"line":34,"column":27},"end":{"line":36,"column":null}},"14":{"start":{"line":35,"column":4},"end":{"line":35,"column":null}},"15":{"start":{"line":38,"column":2},"end":{"line":41,"column":null}},"16":{"start":{"line":45,"column":23},"end":{"line":51,"column":null}},"17":{"start":{"line":46,"column":8},"end":{"line":46,"column":null}},"18":{"start":{"line":47,"column":2},"end":{"line":49,"column":null}},"19":{"start":{"line":48,"column":4},"end":{"line":48,"column":null}},"20":{"start":{"line":50,"column":2},"end":{"line":50,"column":null}}},"fnMap":{"0":{"name":"(anonymous_0)","decl":{"start":{"line":16,"column":28},"end":{"line":16,"column":29}},"loc":{"start":{"line":16,"column":67},"end":{"line":43,"column":null}},"line":16},"1":{"name":"(anonymous_1)","decl":{"start":{"line":20,"column":12},"end":{"line":20,"column":18}},"loc":{"start":{"line":20,"column":18},"end":{"line":27,"column":5}},"line":20},"2":{"name":"(anonymous_2)","decl":{"start":{"line":21,"column":43},"end":{"line":21,"column":44}},"loc":{"start":{"line":21,"column":61},"end":{"line":24,"column":5}},"line":21},"3":{"name":"(anonymous_3)","decl":{"start":{"line":26,"column":11},"end":{"line":26,"column":17}},"loc":{"start":{"line":26,"column":17},"end":{"line":26,"column":null}},"line":26},"4":{"name":"(anonymous_4)","decl":{"start":{"line":29,"column":17},"end":{"line":29,"column":29}},"loc":{"start":{"line":29,"column":29},"end":{"line":32,"column":null}},"line":29},"5":{"name":"(anonymous_5)","decl":{"start":{"line":34,"column":27},"end":{"line":34,"column":28}},"loc":{"start":{"line":34,"column":58},"end":{"line":36,"column":null}},"line":34},"6":{"name":"(anonymous_6)","decl":{"start":{"line":45,"column":23},"end":{"line":45,"column":46}},"loc":{"start":{"line":45,"column":46},"end":{"line":51,"column":null}},"line":45}},"branchMap":{"0":{"loc":{"start":{"line":47,"column":2},"end":{"line":49,"column":null}},"type":"if","locations":[{"start":{"line":47,"column":2},"end":{"line":49,"column":null}},{"start":{},"end":{}}],"line":47}},"s":{"0":3,"1":3,"2":15,"3":15,"4":15,"5":7,"6":5,"7":5,"8":7,"9":7,"10":15,"11":2,"12":2,"13":15,"14":3,"15":15,"16":3,"17":169,"18":169,"19":0,"20":169},"f":{"0":15,"1":7,"2":5,"3":7,"4":2,"5":3,"6":169},"b":{"0":[0,169]},"meta":{"lastBranch":1,"lastFunction":7,"lastStatement":21,"seen":{"s:12:13:14:Infinity":0,"s:16:28:43:Infinity":1,"f:16:28:16:29":0,"s:17:22:17:Infinity":2,"s:18:28:18:Infinity":3,"s:20:2:27:Infinity":4,"f:20:12:20:18":1,"s:21:10:24:Infinity":5,"f:21:43:21:44":2,"s:22:6:22:Infinity":6,"s:23:6:23:Infinity":7,"s:26:4:26:Infinity":8,"f:26:11:26:17":3,"s:26:17:26:Infinity":9,"s:29:17:32:Infinity":10,"f:29:17:29:29":4,"s:30:4:30:Infinity":11,"s:31:4:31:Infinity":12,"s:34:27:36:Infinity":13,"f:34:27:34:28":5,"s:35:4:35:Infinity":14,"s:38:2:41:Infinity":15,"s:45:23:51:Infinity":16,"f:45:23:45:46":6,"s:46:8:46:Infinity":17,"b:47:2:49:Infinity:undefined:undefined:undefined:undefined":0,"s:47:2:49:Infinity":18,"s:48:4:48:Infinity":19,"s:50:2:50:Infinity":20}}}
,"/Users/admin/agile_test/client/src/lib/utils.ts": {"path":"/Users/admin/agile_test/client/src/lib/utils.ts","statementMap":{"0":{"start":{"line":5,"column":2},"end":{"line":5,"column":null}}},"fnMap":{"0":{"name":"cn","decl":{"start":{"line":4,"column":16},"end":{"line":4,"column":22}},"loc":{"start":{"line":4,"column":44},"end":{"line":6,"column":null}},"line":4}},"branchMap":{},"s":{"0":2062},"f":{"0":2062},"b":{},"meta":{"lastBranch":0,"lastFunction":1,"lastStatement":1,"seen":{"f:4:16:4:22":0,"s:5:2:5:Infinity":0}}}
,"/Users/admin/agile_test/client/src/pages/Dashboard.tsx": {"path":"/Users/admin/agile_test/client/src/pages/Dashboard.tsx","statementMap":{"0":{"start":{"line":55,"column":19},"end":{"line":58,"column":null}},"1":{"start":{"line":56,"column":2},"end":{"line":56,"column":null}},"2":{"start":{"line":56,"column":13},"end":{"line":56,"column":null}},"3":{"start":{"line":57,"column":2},"end":{"line":57,"column":null}},"4":{"start":{"line":60,"column":18},"end":{"line":311,"column":null}},"5":{"start":{"line":61,"column":13},"end":{"line":61,"column":null}},"6":{"start":{"line":62,"column":2},"end":{"line":62,"column":null}},"7":{"start":{"line":63,"column":8},"end":{"line":63,"column":null}},"8":{"start":{"line":64,"column":44},"end":{"line":64,"column":null}},"9":{"start":{"line":65,"column":28},"end":{"line":65,"column":null}},"10":{"start":{"line":67,"column":40},"end":{"line":67,"column":null}},"11":{"start":{"line":68,"column":36},"end":{"line":68,"column":null}},"12":{"start":{"line":70,"column":25},"end":{"line":73,"column":null}},"13":{"start":{"line":71,"column":4},"end":{"line":71,"column":null}},"14":{"start":{"line":72,"column":4},"end":{"line":72,"column":null}},"15":{"start":{"line":75,"column":2},"end":{"line":110,"column":null}},"16":{"start":{"line":76,"column":4},"end":{"line":76,"column":null}},"17":{"start":{"line":76,"column":15},"end":{"line":76,"column":null}},"18":{"start":{"line":79,"column":10},"end":{"line":84,"column":null}},"19":{"start":{"line":85,"column":10},"end":{"line":85,"column":null}},"20":{"start":{"line":87,"column":10},"end":{"line":107,"column":null}},"21":{"start":{"line":90,"column":39},"end":{"line":90,"column":null}},"22":{"start":{"line":91,"column":8},"end":{"line":96,"column":null}},"23":{"start":{"line":92,"column":10},"end":{"line":95,"column":null}},"24":{"start":{"line":97,"column":8},"end":{"line":97,"column":null}},"25":{"start":{"line":98,"column":8},"end":{"line":98,"column":null}},"26":{"start":{"line":101,"column":8},"end":{"line":101,"column":null}},"27":{"start":{"line":102,"column":8},"end":{"line":104,"column":null}},"28":{"start":{"line":105,"column":8},"end":{"line":105,"column":null}},"29":{"start":{"line":109,"column":4},"end":{"line":109,"column":null}},"30":{"start":{"line":109,"column":17},"end":{"line":109,"column":null}},"31":{"start":{"line":112,"column":30},"end":{"line":114,"column":null}},"32":{"start":{"line":113,"column":4},"end":{"line":113,"column":null}},"33":{"start":{"line":116,"column":37},"end":{"line":130,"column":null}},"34":{"start":{"line":117,"column":4},"end":{"line":117,"column":null}},"35":{"start":{"line":117,"column":15},"end":{"line":117,"column":null}},"36":{"start":{"line":119,"column":4},"end":{"line":129,"column":null}},"37":{"start":{"line":120,"column":6},"end":{"line":120,"column":null}},"38":{"start":{"line":121,"column":6},"end":{"line":123,"column":null}},"39":{"start":{"line":125,"column":6},"end":{"line":125,"column":null}},"40":{"start":{"line":126,"column":6},"end":{"line":128,"column":null}},"41":{"start":{"line":132,"column":21},"end":{"line":143,"column":null}},"42":{"start":{"line":133,"column":4},"end":{"line":133,"column":null}},"43":{"start":{"line":133,"column":20},"end":{"line":133,"column":null}},"44":{"start":{"line":134,"column":17},"end":{"line":134,"column":null}},"45":{"start":{"line":135,"column":4},"end":{"line":142,"column":null}},"46":{"start":{"line":145,"column":2},"end":{"line":147,"column":null}},"47":{"start":{"line":146,"column":4},"end":{"line":146,"column":null}},"48":{"start":{"line":149,"column":2},"end":{"line":309,"column":null}},"49":{"start":{"line":196,"column":14},"end":{"line":299,"column":null}},"50":{"start":{"line":233,"column":37},"end":{"line":233,"column":null}},"51":{"start":{"line":242,"column":22},"end":{"line":295,"column":null}},"52":{"start":{"line":245,"column":39},"end":{"line":245,"column":null}},"53":{"start":{"line":262,"column":30},"end":{"line":267,"column":null}},"54":{"start":{"line":285,"column":32},"end":{"line":290,"column":null}}},"fnMap":{"0":{"name":"(anonymous_0)","decl":{"start":{"line":55,"column":19},"end":{"line":55,"column":20}},"loc":{"start":{"line":55,"column":37},"end":{"line":58,"column":null}},"line":55},"1":{"name":"(anonymous_1)","decl":{"start":{"line":60,"column":18},"end":{"line":60,"column":24}},"loc":{"start":{"line":60,"column":24},"end":{"line":311,"column":null}},"line":60},"2":{"name":"(anonymous_2)","decl":{"start":{"line":70,"column":25},"end":{"line":70,"column":26}},"loc":{"start":{"line":70,"column":43},"end":{"line":73,"column":null}},"line":70},"3":{"name":"(anonymous_3)","decl":{"start":{"line":75,"column":12},"end":{"line":75,"column":18}},"loc":{"start":{"line":75,"column":18},"end":{"line":110,"column":5}},"line":75},"4":{"name":"(anonymous_4)","decl":{"start":{"line":89,"column":6},"end":{"line":89,"column":7}},"loc":{"start":{"line":89,"column":20},"end":{"line":99,"column":null}},"line":89},"5":{"name":"(anonymous_5)","decl":{"start":{"line":91,"column":25},"end":{"line":91,"column":26}},"loc":{"start":{"line":91,"column":34},"end":{"line":96,"column":9}},"line":91},"6":{"name":"(anonymous_6)","decl":{"start":{"line":100,"column":6},"end":{"line":100,"column":7}},"loc":{"start":{"line":100,"column":17},"end":{"line":106,"column":null}},"line":100},"7":{"name":"(anonymous_7)","decl":{"start":{"line":109,"column":11},"end":{"line":109,"column":17}},"loc":{"start":{"line":109,"column":17},"end":{"line":109,"column":null}},"line":109},"8":{"name":"(anonymous_8)","decl":{"start":{"line":112,"column":30},"end":{"line":112,"column":36}},"loc":{"start":{"line":112,"column":36},"end":{"line":114,"column":null}},"line":112},"9":{"name":"(anonymous_9)","decl":{"start":{"line":116,"column":37},"end":{"line":116,"column":44}},"loc":{"start":{"line":116,"column":62},"end":{"line":130,"column":null}},"line":116},"10":{"name":"(anonymous_10)","decl":{"start":{"line":132,"column":21},"end":{"line":132,"column":22}},"loc":{"start":{"line":132,"column":47},"end":{"line":143,"column":null}},"line":132},"11":{"name":"(anonymous_11)","decl":{"start":{"line":195,"column":33},"end":{"line":195,"column":34}},"loc":{"start":{"line":196,"column":14},"end":{"line":299,"column":null}},"line":196},"12":{"name":"(anonymous_12)","decl":{"start":{"line":233,"column":31},"end":{"line":233,"column":37}},"loc":{"start":{"line":233,"column":37},"end":{"line":233,"column":null}},"line":233},"13":{"name":"(anonymous_13)","decl":{"start":{"line":241,"column":36},"end":{"line":241,"column":37}},"loc":{"start":{"line":242,"column":22},"end":{"line":295,"column":null}},"line":242},"14":{"name":"(anonymous_14)","decl":{"start":{"line":245,"column":33},"end":{"line":245,"column":39}},"loc":{"start":{"line":245,"column":39},"end":{"line":245,"column":null}},"line":245},"15":{"name":"(anonymous_15)","decl":{"start":{"line":261,"column":46},"end":{"line":261,"column":47}},"loc":{"start":{"line":262,"column":30},"end":{"line":267,"column":null}},"line":262},"16":{"name":"(anonymous_16)","decl":{"start":{"line":284,"column":52},"end":{"line":284,"column":53}},"loc":{"start":{"line":285,"column":32},"end":{"line":290,"column":null}},"line":285}},"branchMap":{"0":{"loc":{"start":{"line":56,"column":2},"end":{"line":56,"column":null}},"type":"if","locations":[{"start":{"line":56,"column":2},"end":{"line":56,"column":null}},{"start":{},"end":{}}],"line":56},"1":{"loc":{"start":{"line":76,"column":4},"end":{"line":76,"column":null}},"type":"if","locations":[{"start":{"line":76,"column":4},"end":{"line":76,"column":null}},{"start":{},"end":{}}],"line":76},"2":{"loc":{"start":{"line":117,"column":4},"end":{"line":117,"column":null}},"type":"if","locations":[{"start":{"line":117,"column":4},"end":{"line":117,"column":null}},{"start":{},"end":{}}],"line":117},"3":{"loc":{"start":{"line":133,"column":4},"end":{"line":133,"column":null}},"type":"if","locations":[{"start":{"line":133,"column":4},"end":{"line":133,"column":null}},{"start":{},"end":{}}],"line":133},"4":{"loc":{"start":{"line":145,"column":2},"end":{"line":147,"column":null}},"type":"if","locations":[{"start":{"line":145,"column":2},"end":{"line":147,"column":null}},{"start":{},"end":{}}],"line":145},"5":{"loc":{"start":{"line":176,"column":9},"end":{"line":301,"column":null}},"type":"cond-expr","locations":[{"start":{"line":177,"column":10},"end":{"line":192,"column":null}},{"start":{"line":194,"column":10},"end":{"line":301,"column":null}}],"line":176},"6":{"loc":{"start":{"line":216,"column":25},"end":{"line":221,"column":null}},"type":"cond-expr","locations":[{"start":{"line":217,"column":26},"end":{"line":217,"column":null}},{"start":{"line":219,"column":26},"end":{"line":221,"column":null}}],"line":216}},"s":{"0":3,"1":0,"2":0,"3":0,"4":3,"5":6,"6":6,"7":6,"8":6,"9":6,"10":6,"11":6,"12":6,"13":0,"14":0,"15":6,"16":3,"17":0,"18":3,"19":3,"20":3,"21":3,"22":3,"23":0,"24":3,"25":3,"26":0,"27":0,"28":0,"29":3,"30":3,"31":6,"32":1,"33":6,"34":0,"35":0,"36":0,"37":0,"38":0,"39":0,"40":0,"41":6,"42":0,"43":0,"44":0,"45":0,"46":6,"47":3,"48":3,"49":0,"50":0,"51":0,"52":0,"53":0,"54":0},"f":{"0":0,"1":6,"2":0,"3":3,"4":3,"5":0,"6":0,"7":3,"8":1,"9":0,"10":0,"11":0,"12":0,"13":0,"14":0,"15":0,"16":0},"b":{"0":[0,0],"1":[0,3],"2":[0,0],"3":[0,0],"4":[3,3],"5":[3,0],"6":[0,0]},"meta":{"lastBranch":7,"lastFunction":17,"lastStatement":55,"seen":{"s:55:19:58:Infinity":0,"f:55:19:55:20":0,"b:56:2:56:Infinity:undefined:undefined:undefined:undefined":0,"s:56:2:56:Infinity":1,"s:56:13:56:Infinity":2,"s:57:2:57:Infinity":3,"s:60:18:311:Infinity":4,"f:60:18:60:24":1,"s:61:13:61:Infinity":5,"s:62:2:62:Infinity":6,"s:63:8:63:Infinity":7,"s:64:44:64:Infinity":8,"s:65:28:65:Infinity":9,"s:67:40:67:Infinity":10,"s:68:36:68:Infinity":11,"s:70:25:73:Infinity":12,"f:70:25:70:26":2,"s:71:4:71:Infinity":13,"s:72:4:72:Infinity":14,"s:75:2:110:Infinity":15,"f:75:12:75:18":3,"b:76:4:76:Infinity:undefined:undefined:undefined:undefined":1,"s:76:4:76:Infinity":16,"s:76:15:76:Infinity":17,"s:79:10:84:Infinity":18,"s:85:10:85:Infinity":19,"s:87:10:107:Infinity":20,"f:89:6:89:7":4,"s:90:39:90:Infinity":21,"s:91:8:96:Infinity":22,"f:91:25:91:26":5,"s:92:10:95:Infinity":23,"s:97:8:97:Infinity":24,"s:98:8:98:Infinity":25,"f:100:6:100:7":6,"s:101:8:101:Infinity":26,"s:102:8:104:Infinity":27,"s:105:8:105:Infinity":28,"s:109:4:109:Infinity":29,"f:109:11:109:17":7,"s:109:17:109:Infinity":30,"s:112:30:114:Infinity":31,"f:112:30:112:36":8,"s:113:4:113:Infinity":32,"s:116:37:130:Infinity":33,"f:116:37:116:44":9,"b:117:4:117:Infinity:undefined:undefined:undefined:undefined":2,"s:117:4:117:Infinity":34,"s:117:15:117:Infinity":35,"s:119:4:129:Infinity":36,"s:120:6:120:Infinity":37,"s:121:6:123:Infinity":38,"s:125:6:125:Infinity":39,"s:126:6:128:Infinity":40,"s:132:21:143:Infinity":41,"f:132:21:132:22":10,"b:133:4:133:Infinity:undefined:undefined:undefined:undefined":3,"s:133:4:133:Infinity":42,"s:133:20:133:Infinity":43,"s:134:17:134:Infinity":44,"s:135:4:142:Infinity":45,"b:145:2:147:Infinity:undefined:undefined:undefined:undefined":4,"s:145:2:147:Infinity":46,"s:146:4:146:Infinity":47,"s:149:2:309:Infinity":48,"b:177:10:192:Infinity:194:10:301:Infinity":5,"f:195:33:195:34":11,"s:196:14:299:Infinity":49,"b:217:26:217:Infinity:219:26:221:Infinity":6,"f:233:31:233:37":12,"s:233:37:233:Infinity":50,"f:241:36:241:37":13,"s:242:22:295:Infinity":51,"f:245:33:245:39":14,"s:245:39:245:Infinity":52,"f:261:46:261:47":15,"s:262:30:267:Infinity":53,"f:284:52:284:53":16,"s:285:32:290:Infinity":54}}}
,"/Users/admin/agile_test/client/src/pages/Login.tsx": {"path":"/Users/admin/agile_test/client/src/pages/Login.tsx","statementMap":{"0":{"start":{"line":22,"column":14},"end":{"line":145,"column":null}},"1":{"start":{"line":23,"column":8},"end":{"line":23,"column":null}},"2":{"start":{"line":24,"column":8},"end":{"line":24,"column":null}},"3":{"start":{"line":25,"column":25},"end":{"line":25,"column":null}},"4":{"start":{"line":27,"column":30},"end":{"line":30,"column":null}},"5":{"start":{"line":32,"column":26},"end":{"line":32,"column":null}},"6":{"start":{"line":33,"column":32},"end":{"line":33,"column":null}},"7":{"start":{"line":35,"column":23},"end":{"line":41,"column":null}},"8":{"start":{"line":36,"column":17},"end":{"line":36,"column":null}},"9":{"start":{"line":37,"column":18},"end":{"line":37,"column":null}},"10":{"start":{"line":39,"column":4},"end":{"line":39,"column":null}},"11":{"start":{"line":39,"column":27},"end":{"line":39,"column":52}},"12":{"start":{"line":40,"column":4},"end":{"line":40,"column":null}},"13":{"start":{"line":40,"column":25},"end":{"line":40,"column":54}},"14":{"start":{"line":43,"column":23},"end":{"line":85,"column":null}},"15":{"start":{"line":44,"column":4},"end":{"line":44,"column":null}},"16":{"start":{"line":45,"column":4},"end":{"line":45,"column":null}},"17":{"start":{"line":47,"column":19},"end":{"line":47,"column":null}},"18":{"start":{"line":48,"column":4},"end":{"line":57,"column":null}},"19":{"start":{"line":49,"column":51},"end":{"line":49,"column":null}},"20":{"start":{"line":50,"column":6},"end":{"line":54,"column":null}},"21":{"start":{"line":51,"column":8},"end":{"line":53,"column":null}},"22":{"start":{"line":52,"column":10},"end":{"line":52,"column":null}},"23":{"start":{"line":55,"column":6},"end":{"line":55,"column":null}},"24":{"start":{"line":56,"column":6},"end":{"line":56,"column":null}},"25":{"start":{"line":59,"column":30},"end":{"line":59,"column":null}},"26":{"start":{"line":61,"column":4},"end":{"line":84,"column":null}},"27":{"start":{"line":62,"column":6},"end":{"line":62,"column":null}},"28":{"start":{"line":63,"column":19},"end":{"line":63,"column":null}},"29":{"start":{"line":64,"column":6},"end":{"line":64,"column":null}},"30":{"start":{"line":66,"column":6},"end":{"line":68,"column":null}},"31":{"start":{"line":70,"column":20},"end":{"line":70,"column":null}},"32":{"start":{"line":71,"column":6},"end":{"line":71,"column":null}},"33":{"start":{"line":73,"column":18},"end":{"line":73,"column":null}},"34":{"start":{"line":74,"column":6},"end":{"line":81,"column":null}},"35":{"start":{"line":83,"column":6},"end":{"line":83,"column":null}},"36":{"start":{"line":87,"column":2},"end":{"line":143,"column":null}}},"fnMap":{"0":{"name":"(anonymous_0)","decl":{"start":{"line":22,"column":14},"end":{"line":22,"column":20}},"loc":{"start":{"line":22,"column":20},"end":{"line":145,"column":null}},"line":22},"1":{"name":"(anonymous_1)","decl":{"start":{"line":35,"column":23},"end":{"line":35,"column":24}},"loc":{"start":{"line":35,"column":67},"end":{"line":41,"column":null}},"line":35},"2":{"name":"(anonymous_2)","decl":{"start":{"line":39,"column":16},"end":{"line":39,"column":17}},"loc":{"start":{"line":39,"column":27},"end":{"line":39,"column":52}},"line":39},"3":{"name":"(anonymous_3)","decl":{"start":{"line":40,"column":14},"end":{"line":40,"column":15}},"loc":{"start":{"line":40,"column":25},"end":{"line":40,"column":54}},"line":40},"4":{"name":"(anonymous_4)","decl":{"start":{"line":43,"column":23},"end":{"line":43,"column":30}},"loc":{"start":{"line":43,"column":53},"end":{"line":85,"column":null}},"line":43},"5":{"name":"(anonymous_5)","decl":{"start":{"line":50,"column":34},"end":{"line":50,"column":35}},"loc":{"start":{"line":50,"column":45},"end":{"line":54,"column":7}},"line":50}},"branchMap":{"0":{"loc":{"start":{"line":48,"column":4},"end":{"line":57,"column":null}},"type":"if","locations":[{"start":{"line":48,"column":4},"end":{"line":57,"column":null}},{"start":{},"end":{}}],"line":48},"1":{"loc":{"start":{"line":51,"column":8},"end":{"line":53,"column":null}},"type":"if","locations":[{"start":{"line":51,"column":8},"end":{"line":53,"column":null}},{"start":{},"end":{}}],"line":51},"2":{"loc":{"start":{"line":51,"column":12},"end":{"line":51,"column":41}},"type":"binary-expr","locations":[{"start":{"line":51,"column":12},"end":{"line":51,"column":26}},{"start":{"line":51,"column":26},"end":{"line":51,"column":41}}],"line":51},"3":{"loc":{"start":{"line":70,"column":20},"end":{"line":70,"column":null}},"type":"binary-expr","locations":[{"start":{"line":70,"column":20},"end":{"line":70,"column":62}},{"start":{"line":70,"column":62},"end":{"line":70,"column":null}}],"line":70},"4":{"loc":{"start":{"line":76,"column":10},"end":{"line":79,"column":null}},"type":"cond-expr","locations":[{"start":{"line":77,"column":12},"end":{"line":77,"column":null}},{"start":{"line":79,"column":12},"end":{"line":79,"column":null}}],"line":76},"5":{"loc":{"start":{"line":129,"column":15},"end":{"line":129,"column":null}},"type":"cond-expr","locations":[{"start":{"line":129,"column":27},"end":{"line":129,"column":45}},{"start":{"line":129,"column":45},"end":{"line":129,"column":null}}],"line":129}},"s":{"0":3,"1":81,"2":81,"3":81,"4":81,"5":81,"6":81,"7":81,"8":61,"9":61,"10":61,"11":61,"12":61,"13":61,"14":81,"15":5,"16":5,"17":5,"18":5,"19":1,"20":1,"21":2,"22":2,"23":1,"24":1,"25":4,"26":4,"27":4,"28":4,"29":2,"30":2,"31":2,"32":5,"33":2,"34":2,"35":4,"36":81},"f":{"0":81,"1":61,"2":61,"3":61,"4":5,"5":2},"b":{"0":[1,4],"1":[2,0],"2":[2,2],"3":[2,2],"4":[2,0],"5":[4,77]},"meta":{"lastBranch":6,"lastFunction":6,"lastStatement":37,"seen":{"s:22:14:145:Infinity":0,"f:22:14:22:20":0,"s:23:8:23:Infinity":1,"s:24:8:24:Infinity":2,"s:25:25:25:Infinity":3,"s:27:30:30:Infinity":4,"s:32:26:32:Infinity":5,"s:33:32:33:Infinity":6,"s:35:23:41:Infinity":7,"f:35:23:35:24":1,"s:36:17:36:Infinity":8,"s:37:18:37:Infinity":9,"s:39:4:39:Infinity":10,"f:39:16:39:17":2,"s:39:27:39:52":11,"s:40:4:40:Infinity":12,"f:40:14:40:15":3,"s:40:25:40:54":13,"s:43:23:85:Infinity":14,"f:43:23:43:30":4,"s:44:4:44:Infinity":15,"s:45:4:45:Infinity":16,"s:47:19:47:Infinity":17,"b:48:4:57:Infinity:undefined:undefined:undefined:undefined":0,"s:48:4:57:Infinity":18,"s:49:51:49:Infinity":19,"s:50:6:54:Infinity":20,"f:50:34:50:35":5,"b:51:8:53:Infinity:undefined:undefined:undefined:undefined":1,"s:51:8:53:Infinity":21,"b:51:12:51:26:51:26:51:41":2,"s:52:10:52:Infinity":22,"s:55:6:55:Infinity":23,"s:56:6:56:Infinity":24,"s:59:30:59:Infinity":25,"s:61:4:84:Infinity":26,"s:62:6:62:Infinity":27,"s:63:19:63:Infinity":28,"s:64:6:64:Infinity":29,"s:66:6:68:Infinity":30,"s:70:20:70:Infinity":31,"b:70:20:70:62:70:62:70:Infinity":3,"s:71:6:71:Infinity":32,"s:73:18:73:Infinity":33,"s:74:6:81:Infinity":34,"b:77:12:77:Infinity:79:12:79:Infinity":4,"s:83:6:83:Infinity":35,"s:87:2:143:Infinity":36,"b:129:27:129:45:129:45:129:Infinity":5}}}
,"/Users/admin/agile_test/client/src/pages/Preferences.tsx": {"path":"/Users/admin/agile_test/client/src/pages/Preferences.tsx","statementMap":{"0":{"start":{"line":14,"column":21},"end":{"line":28,"column":null}},"1":{"start":{"line":30,"column":20},"end":{"line":41,"column":null}},"2":{"start":{"line":43,"column":37},"end":{"line":711,"column":null}},"3":{"start":{"line":44,"column":8},"end":{"line":44,"column":null}},"4":{"start":{"line":46,"column":38},"end":{"line":46,"column":null}},"5":{"start":{"line":47,"column":30},"end":{"line":47,"column":null}},"6":{"start":{"line":48,"column":30},"end":{"line":48,"column":null}},"7":{"start":{"line":49,"column":28},"end":{"line":49,"column":null}},"8":{"start":{"line":50,"column":20},"end":{"line":50,"column":null}},"9":{"start":{"line":51,"column":34},"end":{"line":51,"column":null}},"10":{"start":{"line":52,"column":26},"end":{"line":52,"column":null}},"11":{"start":{"line":53,"column":34},"end":{"line":53,"column":null}},"12":{"start":{"line":54,"column":26},"end":{"line":54,"column":null}},"13":{"start":{"line":55,"column":30},"end":{"line":55,"column":null}},"14":{"start":{"line":57,"column":32},"end":{"line":57,"column":null}},"15":{"start":{"line":59,"column":22},"end":{"line":71,"column":null}},"16":{"start":{"line":60,"column":4},"end":{"line":70,"column":null}},"17":{"start":{"line":61,"column":19},"end":{"line":63,"column":null}},"18":{"start":{"line":62,"column":29},"end":{"line":62,"column":40}},"19":{"start":{"line":65,"column":6},"end":{"line":67,"column":null}},"20":{"start":{"line":66,"column":8},"end":{"line":66,"column":null}},"21":{"start":{"line":66,"column":32},"end":{"line":66,"column":64}},"22":{"start":{"line":69,"column":6},"end":{"line":69,"column":null}},"23":{"start":{"line":73,"column":35},"end":{"line":161,"column":null}},"24":{"start":{"line":74,"column":4},"end":{"line":74,"column":null}},"25":{"start":{"line":76,"column":42},"end":{"line":85,"column":null}},"26":{"start":{"line":87,"column":24},"end":{"line":87,"column":null}},"27":{"start":{"line":89,"column":4},"end":{"line":103,"column":null}},"28":{"start":{"line":90,"column":45},"end":{"line":90,"column":null}},"29":{"start":{"line":92,"column":6},"end":{"line":99,"column":null}},"30":{"start":{"line":93,"column":22},"end":{"line":93,"column":null}},"31":{"start":{"line":94,"column":8},"end":{"line":94,"column":null}},"32":{"start":{"line":94,"column":20},"end":{"line":94,"column":null}},"33":{"start":{"line":96,"column":8},"end":{"line":98,"column":null}},"34":{"start":{"line":97,"column":10},"end":{"line":97,"column":null}},"35":{"start":{"line":101,"column":6},"end":{"line":101,"column":null}},"36":{"start":{"line":102,"column":6},"end":{"line":102,"column":null}},"37":{"start":{"line":105,"column":18},"end":{"line":105,"column":null}},"38":{"start":{"line":107,"column":4},"end":{"line":107,"column":null}},"39":{"start":{"line":108,"column":4},"end":{"line":160,"column":null}},"40":{"start":{"line":109,"column":23},"end":{"line":129,"column":null}},"41":{"start":{"line":131,"column":21},"end":{"line":131,"column":null}},"42":{"start":{"line":133,"column":6},"end":{"line":157,"column":null}},"43":{"start":{"line":134,"column":8},"end":{"line":134,"column":null}},"44":{"start":{"line":135,"column":8},"end":{"line":135,"column":null}},"45":{"start":{"line":136,"column":8},"end":{"line":146,"column":null}},"46":{"start":{"line":148,"column":8},"end":{"line":148,"column":null}},"47":{"start":{"line":149,"column":8},"end":{"line":149,"column":null}},"48":{"start":{"line":151,"column":8},"end":{"line":156,"column":null}},"49":{"start":{"line":159,"column":6},"end":{"line":159,"column":null}},"50":{"start":{"line":163,"column":2},"end":{"line":165,"column":null}},"51":{"start":{"line":164,"column":4},"end":{"line":164,"column":null}},"52":{"start":{"line":167,"column":2},"end":{"line":709,"column":null}},"53":{"start":{"line":195,"column":18},"end":{"line":195,"column":null}},"54":{"start":{"line":196,"column":18},"end":{"line":199,"column":null}},"55":{"start":{"line":196,"column":39},"end":{"line":199,"column":20}},"56":{"start":{"line":205,"column":18},"end":{"line":207,"column":null}},"57":{"start":{"line":228,"column":33},"end":{"line":228,"column":null}},"58":{"start":{"line":250,"column":33},"end":{"line":250,"column":null}},"59":{"start":{"line":307,"column":33},"end":{"line":307,"column":null}},"60":{"start":{"line":607,"column":33},"end":{"line":607,"column":null}},"61":{"start":{"line":628,"column":33},"end":{"line":628,"column":null}},"62":{"start":{"line":647,"column":18},"end":{"line":662,"column":null}},"63":{"start":{"line":656,"column":38},"end":{"line":656,"column":null}},"64":{"start":{"line":683,"column":18},"end":{"line":683,"column":null}},"65":{"start":{"line":684,"column":18},"end":{"line":687,"column":null}},"66":{"start":{"line":684,"column":39},"end":{"line":687,"column":20}}},"fnMap":{"0":{"name":"(anonymous_0)","decl":{"start":{"line":43,"column":37},"end":{"line":43,"column":43}},"loc":{"start":{"line":43,"column":43},"end":{"line":711,"column":null}},"line":43},"1":{"name":"(anonymous_1)","decl":{"start":{"line":59,"column":22},"end":{"line":59,"column":23}},"loc":{"start":{"line":59,"column":41},"end":{"line":71,"column":null}},"line":59},"2":{"name":"(anonymous_2)","decl":{"start":{"line":60,"column":14},"end":{"line":60,"column":15}},"loc":{"start":{"line":60,"column":24},"end":{"line":70,"column":5}},"line":60},"3":{"name":"(anonymous_3)","decl":{"start":{"line":62,"column":22},"end":{"line":62,"column":23}},"loc":{"start":{"line":62,"column":29},"end":{"line":62,"column":40}},"line":62},"4":{"name":"(anonymous_4)","decl":{"start":{"line":66,"column":18},"end":{"line":66,"column":19}},"loc":{"start":{"line":66,"column":32},"end":{"line":66,"column":64}},"line":66},"5":{"name":"(anonymous_5)","decl":{"start":{"line":73,"column":35},"end":{"line":73,"column":47}},"loc":{"start":{"line":73,"column":47},"end":{"line":161,"column":null}},"line":73},"6":{"name":"(anonymous_6)","decl":{"start":{"line":92,"column":39},"end":{"line":92,"column":40}},"loc":{"start":{"line":92,"column":55},"end":{"line":99,"column":7}},"line":92},"7":{"name":"(anonymous_7)","decl":{"start":{"line":194,"column":26},"end":{"line":194,"column":27}},"loc":{"start":{"line":194,"column":33},"end":{"line":200,"column":null}},"line":194},"8":{"name":"(anonymous_8)","decl":{"start":{"line":196,"column":28},"end":{"line":196,"column":29}},"loc":{"start":{"line":196,"column":39},"end":{"line":199,"column":20}},"line":196},"9":{"name":"(anonymous_9)","decl":{"start":{"line":204,"column":33},"end":{"line":204,"column":34}},"loc":{"start":{"line":205,"column":18},"end":{"line":207,"column":null}},"line":205},"10":{"name":"(anonymous_10)","decl":{"start":{"line":228,"column":26},"end":{"line":228,"column":27}},"loc":{"start":{"line":228,"column":33},"end":{"line":228,"column":null}},"line":228},"11":{"name":"(anonymous_11)","decl":{"start":{"line":250,"column":26},"end":{"line":250,"column":27}},"loc":{"start":{"line":250,"column":33},"end":{"line":250,"column":null}},"line":250},"12":{"name":"(anonymous_12)","decl":{"start":{"line":307,"column":26},"end":{"line":307,"column":27}},"loc":{"start":{"line":307,"column":33},"end":{"line":307,"column":null}},"line":307},"13":{"name":"(anonymous_13)","decl":{"start":{"line":607,"column":26},"end":{"line":607,"column":27}},"loc":{"start":{"line":607,"column":33},"end":{"line":607,"column":null}},"line":607},"14":{"name":"(anonymous_14)","decl":{"start":{"line":628,"column":26},"end":{"line":628,"column":27}},"loc":{"start":{"line":628,"column":33},"end":{"line":628,"column":null}},"line":628},"15":{"name":"(anonymous_15)","decl":{"start":{"line":646,"column":34},"end":{"line":646,"column":35}},"loc":{"start":{"line":647,"column":18},"end":{"line":662,"column":null}},"line":647},"16":{"name":"(anonymous_16)","decl":{"start":{"line":656,"column":32},"end":{"line":656,"column":38}},"loc":{"start":{"line":656,"column":38},"end":{"line":656,"column":null}},"line":656},"17":{"name":"(anonymous_17)","decl":{"start":{"line":682,"column":26},"end":{"line":682,"column":27}},"loc":{"start":{"line":682,"column":33},"end":{"line":688,"column":null}},"line":682},"18":{"name":"(anonymous_18)","decl":{"start":{"line":684,"column":28},"end":{"line":684,"column":29}},"loc":{"start":{"line":684,"column":39},"end":{"line":687,"column":20}},"line":684}},"branchMap":{"0":{"loc":{"start":{"line":61,"column":19},"end":{"line":63,"column":null}},"type":"cond-expr","locations":[{"start":{"line":62,"column":10},"end":{"line":62,"column":null}},{"start":{"line":63,"column":10},"end":{"line":63,"column":null}}],"line":61},"1":{"loc":{"start":{"line":65,"column":6},"end":{"line":67,"column":null}},"type":"if","locations":[{"start":{"line":65,"column":6},"end":{"line":67,"column":null}},{"start":{},"end":{}}],"line":65},"2":{"loc":{"start":{"line":65,"column":10},"end":{"line":65,"column":44}},"type":"binary-expr","locations":[{"start":{"line":65,"column":10},"end":{"line":65,"column":29}},{"start":{"line":65,"column":29},"end":{"line":65,"column":44}}],"line":65},"3":{"loc":{"start":{"line":89,"column":4},"end":{"line":103,"column":null}},"type":"if","locations":[{"start":{"line":89,"column":4},"end":{"line":103,"column":null}},{"start":{},"end":{}}],"line":89},"4":{"loc":{"start":{"line":94,"column":8},"end":{"line":94,"column":null}},"type":"if","locations":[{"start":{"line":94,"column":8},"end":{"line":94,"column":null}},{"start":{},"end":{}}],"line":94},"5":{"loc":{"start":{"line":96,"column":8},"end":{"line":98,"column":null}},"type":"if","locations":[{"start":{"line":96,"column":8},"end":{"line":98,"column":null}},{"start":{},"end":{}}],"line":96},"6":{"loc":{"start":{"line":117,"column":20},"end":{"line":117,"column":null}},"type":"cond-expr","locations":[{"start":{"line":117,"column":47},"end":{"line":117,"column":54}},{"start":{"line":117,"column":54},"end":{"line":117,"column":null}}],"line":117},"7":{"loc":{"start":{"line":118,"column":19},"end":{"line":118,"column":null}},"type":"cond-expr","locations":[{"start":{"line":118,"column":45},"end":{"line":118,"column":52}},{"start":{"line":118,"column":52},"end":{"line":118,"column":null}}],"line":118},"8":{"loc":{"start":{"line":119,"column":15},"end":{"line":119,"column":null}},"type":"cond-expr","locations":[{"start":{"line":119,"column":37},"end":{"line":119,"column":44}},{"start":{"line":119,"column":44},"end":{"line":119,"column":null}}],"line":119},"9":{"loc":{"start":{"line":121,"column":12},"end":{"line":125,"column":null}},"type":"cond-expr","locations":[{"start":{"line":122,"column":16},"end":{"line":122,"column":null}},{"start":{"line":123,"column":16},"end":{"line":125,"column":null}}],"line":121},"10":{"loc":{"start":{"line":123,"column":16},"end":{"line":125,"column":null}},"type":"cond-expr","locations":[{"start":{"line":124,"column":16},"end":{"line":124,"column":null}},{"start":{"line":125,"column":16},"end":{"line":125,"column":null}}],"line":123},"11":{"loc":{"start":{"line":133,"column":6},"end":{"line":157,"column":null}},"type":"if","locations":[{"start":{"line":133,"column":6},"end":{"line":157,"column":null}},{"start":{"line":147,"column":13},"end":{"line":157,"column":null}}],"line":133},"12":{"loc":{"start":{"line":163,"column":2},"end":{"line":165,"column":null}},"type":"if","locations":[{"start":{"line":163,"column":2},"end":{"line":165,"column":null}},{"start":{},"end":{}}],"line":163},"13":{"loc":{"start":{"line":210,"column":15},"end":{"line":213,"column":null}},"type":"binary-expr","locations":[{"start":{"line":210,"column":15},"end":{"line":210,"column":null}},{"start":{"line":211,"column":16},"end":{"line":213,"column":null}}],"line":210},"14":{"loc":{"start":{"line":665,"column":15},"end":{"line":666,"column":null}},"type":"binary-expr","locations":[{"start":{"line":665,"column":15},"end":{"line":665,"column":null}},{"start":{"line":666,"column":16},"end":{"line":666,"column":null}}],"line":665},"15":{"loc":{"start":{"line":693,"column":15},"end":{"line":694,"column":null}},"type":"binary-expr","locations":[{"start":{"line":693,"column":15},"end":{"line":693,"column":null}},{"start":{"line":694,"column":16},"end":{"line":694,"column":null}}],"line":693}},"s":{"0":3,"1":3,"2":3,"3":13,"4":13,"5":13,"6":13,"7":13,"8":13,"9":13,"10":13,"11":13,"12":13,"13":13,"14":13,"15":13,"16":2,"17":2,"18":0,"19":2,"20":0,"21":0,"22":2,"23":13,"24":1,"25":1,"26":1,"27":1,"28":0,"29":0,"30":0,"31":0,"32":0,"33":0,"34":0,"35":0,"36":0,"37":1,"38":1,"39":1,"40":1,"41":1,"42":1,"43":0,"44":0,"45":0,"46":1,"47":1,"48":1,"49":0,"50":13,"51":1,"52":12,"53":1,"54":1,"55":1,"56":120,"57":1,"58":1,"59":1,"60":1,"61":1,"62":156,"63":2,"64":2,"65":2,"66":2},"f":{"0":13,"1":2,"2":2,"3":0,"4":0,"5":1,"6":0,"7":1,"8":1,"9":120,"10":1,"11":1,"12":1,"13":1,"14":1,"15":156,"16":2,"17":2,"18":2},"b":{"0":[0,2],"1":[0,2],"2":[2,2],"3":[0,1],"4":[0,0],"5":[0,0],"6":[0,1],"7":[0,1],"8":[0,1],"9":[1,0],"10":[0,0],"11":[0,1],"12":[1,12],"13":[12,0],"14":[13,0],"15":[13,0]},"meta":{"lastBranch":16,"lastFunction":19,"lastStatement":67,"seen":{"s:14:21:28:Infinity":0,"s:30:20:41:Infinity":1,"s:43:37:711:Infinity":2,"f:43:37:43:43":0,"s:44:8:44:Infinity":3,"s:46:38:46:Infinity":4,"s:47:30:47:Infinity":5,"s:48:30:48:Infinity":6,"s:49:28:49:Infinity":7,"s:50:20:50:Infinity":8,"s:51:34:51:Infinity":9,"s:52:26:52:Infinity":10,"s:53:34:53:Infinity":11,"s:54:26:54:Infinity":12,"s:55:30:55:Infinity":13,"s:57:32:57:Infinity":14,"s:59:22:71:Infinity":15,"f:59:22:59:23":1,"s:60:4:70:Infinity":16,"f:60:14:60:15":2,"s:61:19:63:Infinity":17,"b:62:10:62:Infinity:63:10:63:Infinity":0,"f:62:22:62:23":3,"s:62:29:62:40":18,"b:65:6:67:Infinity:undefined:undefined:undefined:undefined":1,"s:65:6:67:Infinity":19,"b:65:10:65:29:65:29:65:44":2,"s:66:8:66:Infinity":20,"f:66:18:66:19":4,"s:66:32:66:64":21,"s:69:6:69:Infinity":22,"s:73:35:161:Infinity":23,"f:73:35:73:47":5,"s:74:4:74:Infinity":24,"s:76:42:85:Infinity":25,"s:87:24:87:Infinity":26,"b:89:4:103:Infinity:undefined:undefined:undefined:undefined":3,"s:89:4:103:Infinity":27,"s:90:45:90:Infinity":28,"s:92:6:99:Infinity":29,"f:92:39:92:40":6,"s:93:22:93:Infinity":30,"b:94:8:94:Infinity:undefined:undefined:undefined:undefined":4,"s:94:8:94:Infinity":31,"s:94:20:94:Infinity":32,"b:96:8:98:Infinity:undefined:undefined:undefined:undefined":5,"s:96:8:98:Infinity":33,"s:97:10:97:Infinity":34,"s:101:6:101:Infinity":35,"s:102:6:102:Infinity":36,"s:105:18:105:Infinity":37,"s:107:4:107:Infinity":38,"s:108:4:160:Infinity":39,"s:109:23:129:Infinity":40,"b:117:47:117:54:117:54:117:Infinity":6,"b:118:45:118:52:118:52:118:Infinity":7,"b:119:37:119:44:119:44:119:Infinity":8,"b:122:16:122:Infinity:123:16:125:Infinity":9,"b:124:16:124:Infinity:125:16:125:Infinity":10,"s:131:21:131:Infinity":41,"b:133:6:157:Infinity:147:13:157:Infinity":11,"s:133:6:157:Infinity":42,"s:134:8:134:Infinity":43,"s:135:8:135:Infinity":44,"s:136:8:146:Infinity":45,"s:148:8:148:Infinity":46,"s:149:8:149:Infinity":47,"s:151:8:156:Infinity":48,"s:159:6:159:Infinity":49,"b:163:2:165:Infinity:undefined:undefined:undefined:undefined":12,"s:163:2:165:Infinity":50,"s:164:4:164:Infinity":51,"s:167:2:709:Infinity":52,"f:194:26:194:27":7,"s:195:18:195:Infinity":53,"s:196:18:199:Infinity":54,"f:196:28:196:29":8,"s:196:39:199:20":55,"f:204:33:204:34":9,"s:205:18:207:Infinity":56,"b:210:15:210:Infinity:211:16:213:Infinity":13,"f:228:26:228:27":10,"s:228:33:228:Infinity":57,"f:250:26:250:27":11,"s:250:33:250:Infinity":58,"f:307:26:307:27":12,"s:307:33:307:Infinity":59,"f:607:26:607:27":13,"s:607:33:607:Infinity":60,"f:628:26:628:27":14,"s:628:33:628:Infinity":61,"f:646:34:646:35":15,"s:647:18:662:Infinity":62,"f:656:32:656:38":16,"s:656:38:656:Infinity":63,"b:665:15:665:Infinity:666:16:666:Infinity":14,"f:682:26:682:27":17,"s:683:18:683:Infinity":64,"s:684:18:687:Infinity":65,"f:684:28:684:29":18,"s:684:39:687:20":66,"b:693:15:693:Infinity:694:16:694:Infinity":15}}}
,"/Users/admin/agile_test/client/src/pages/Results.tsx": {"path":"/Users/admin/agile_test/client/src/pages/Results.tsx","statementMap":{"0":{"start":{"line":41,"column":16},"end":{"line":306,"column":null}},"1":{"start":{"line":42,"column":8},"end":{"line":42,"column":null}},"2":{"start":{"line":43,"column":8},"end":{"line":43,"column":null}},"3":{"start":{"line":44,"column":13},"end":{"line":44,"column":null}},"4":{"start":{"line":45,"column":30},"end":{"line":45,"column":null}},"5":{"start":{"line":46,"column":30},"end":{"line":46,"column":null}},"6":{"start":{"line":47,"column":32},"end":{"line":47,"column":null}},"7":{"start":{"line":48,"column":29},"end":{"line":48,"column":null}},"8":{"start":{"line":49,"column":26},"end":{"line":53,"column":null}},"9":{"start":{"line":49,"column":48},"end":{"line":52,"column":null}},"10":{"start":{"line":50,"column":40},"end":{"line":51,"column":null}},"11":{"start":{"line":55,"column":2},"end":{"line":62,"column":null}},"12":{"start":{"line":56,"column":4},"end":{"line":56,"column":null}},"13":{"start":{"line":56,"column":33},"end":{"line":56,"column":null}},"14":{"start":{"line":58,"column":4},"end":{"line":61,"column":null}},"15":{"start":{"line":58,"column":25},"end":{"line":61,"column":5}},"16":{"start":{"line":60,"column":57},"end":{"line":60,"column":61}},"17":{"start":{"line":65,"column":22},"end":{"line":65,"column":null}},"18":{"start":{"line":69,"column":30},"end":{"line":143,"column":null}},"19":{"start":{"line":70,"column":4},"end":{"line":75,"column":null}},"20":{"start":{"line":71,"column":6},"end":{"line":73,"column":null}},"21":{"start":{"line":74,"column":6},"end":{"line":74,"column":null}},"22":{"start":{"line":77,"column":4},"end":{"line":82,"column":null}},"23":{"start":{"line":78,"column":6},"end":{"line":80,"column":null}},"24":{"start":{"line":81,"column":6},"end":{"line":81,"column":null}},"25":{"start":{"line":84,"column":4},"end":{"line":84,"column":null}},"26":{"start":{"line":86,"column":4},"end":{"line":142,"column":null}},"27":{"start":{"line":88,"column":12},"end":{"line":93,"column":null}},"28":{"start":{"line":96,"column":33},"end":{"line":122,"column":null}},"29":{"start":{"line":108,"column":39},"end":{"line":120,"column":10}},"30":{"start":{"line":124,"column":6},"end":{"line":124,"column":null}},"31":{"start":{"line":127,"column":6},"end":{"line":127,"column":null}},"32":{"start":{"line":129,"column":6},"end":{"line":131,"column":null}},"33":{"start":{"line":133,"column":6},"end":{"line":133,"column":null}},"34":{"start":{"line":134,"column":6},"end":{"line":139,"column":null}},"35":{"start":{"line":141,"column":6},"end":{"line":141,"column":null}},"36":{"start":{"line":149,"column":38},"end":{"line":209,"column":null}},"37":{"start":{"line":150,"column":4},"end":{"line":150,"column":null}},"38":{"start":{"line":151,"column":4},"end":{"line":208,"column":null}},"39":{"start":{"line":152,"column":23},"end":{"line":174,"column":null}},"40":{"start":{"line":176,"column":6},"end":{"line":176,"column":null}},"41":{"start":{"line":178,"column":21},"end":{"line":178,"column":null}},"42":{"start":{"line":180,"column":6},"end":{"line":205,"column":null}},"43":{"start":{"line":181,"column":8},"end":{"line":181,"column":null}},"44":{"start":{"line":182,"column":8},"end":{"line":192,"column":null}},"45":{"start":{"line":194,"column":8},"end":{"line":194,"column":null}},"46":{"start":{"line":196,"column":26},"end":{"line":198,"column":null}},"47":{"start":{"line":196,"column":57},"end":{"line":197,"column":null}},"48":{"start":{"line":199,"column":8},"end":{"line":199,"column":null}},"49":{"start":{"line":199,"column":28},"end":{"line":199,"column":51}},"50":{"start":{"line":201,"column":8},"end":{"line":204,"column":null}},"51":{"start":{"line":201,"column":29},"end":{"line":204,"column":9}},"52":{"start":{"line":203,"column":65},"end":{"line":203,"column":69}},"53":{"start":{"line":207,"column":6},"end":{"line":207,"column":null}},"54":{"start":{"line":211,"column":2},"end":{"line":304,"column":null}},"55":{"start":{"line":257,"column":29},"end":{"line":257,"column":null}},"56":{"start":{"line":270,"column":29},"end":{"line":270,"column":null}},"57":{"start":{"line":309,"column":18},"end":{"line":376,"column":null}},"58":{"start":{"line":310,"column":2},"end":{"line":374,"column":null}},"59":{"start":{"line":313,"column":8},"end":{"line":372,"column":null}},"60":{"start":{"line":334,"column":16},"end":{"line":339,"column":null}},"61":{"start":{"line":362,"column":18},"end":{"line":367,"column":null}},"62":{"start":{"line":379,"column":18},"end":{"line":449,"column":null}},"63":{"start":{"line":380,"column":2},"end":{"line":447,"column":null}},"64":{"start":{"line":411,"column":14},"end":{"line":442,"column":null}},"65":{"start":{"line":423,"column":22},"end":{"line":428,"column":null}}},"fnMap":{"0":{"name":"(anonymous_0)","decl":{"start":{"line":41,"column":16},"end":{"line":41,"column":22}},"loc":{"start":{"line":41,"column":22},"end":{"line":306,"column":null}},"line":41},"1":{"name":"(anonymous_1)","decl":{"start":{"line":49,"column":48},"end":{"line":49,"column":null}},"loc":{"start":{"line":49,"column":48},"end":{"line":52,"column":null}},"line":49},"2":{"name":"(anonymous_2)","decl":{"start":{"line":50,"column":39},"end":{"line":50,"column":40}},"loc":{"start":{"line":50,"column":40},"end":{"line":51,"column":null}},"line":50},"3":{"name":"(anonymous_3)","decl":{"start":{"line":55,"column":12},"end":{"line":55,"column":18}},"loc":{"start":{"line":55,"column":18},"end":{"line":62,"column":5}},"line":55},"4":{"name":"(anonymous_4)","decl":{"start":{"line":58,"column":15},"end":{"line":58,"column":16}},"loc":{"start":{"line":58,"column":25},"end":{"line":61,"column":5}},"line":58},"5":{"name":"(anonymous_5)","decl":{"start":{"line":60,"column":35},"end":{"line":60,"column":36}},"loc":{"start":{"line":60,"column":57},"end":{"line":60,"column":61}},"line":60},"6":{"name":"(anonymous_6)","decl":{"start":{"line":69,"column":30},"end":{"line":69,"column":42}},"loc":{"start":{"line":69,"column":42},"end":{"line":143,"column":null}},"line":69},"7":{"name":"(anonymous_7)","decl":{"start":{"line":108,"column":27},"end":{"line":108,"column":28}},"loc":{"start":{"line":108,"column":39},"end":{"line":120,"column":10}},"line":108},"8":{"name":"(anonymous_8)","decl":{"start":{"line":149,"column":38},"end":{"line":149,"column":50}},"loc":{"start":{"line":149,"column":50},"end":{"line":209,"column":null}},"line":149},"9":{"name":"(anonymous_9)","decl":{"start":{"line":196,"column":56},"end":{"line":196,"column":57}},"loc":{"start":{"line":196,"column":57},"end":{"line":197,"column":null}},"line":196},"10":{"name":"(anonymous_10)","decl":{"start":{"line":199,"column":18},"end":{"line":199,"column":19}},"loc":{"start":{"line":199,"column":28},"end":{"line":199,"column":51}},"line":199},"11":{"name":"(anonymous_11)","decl":{"start":{"line":201,"column":19},"end":{"line":201,"column":20}},"loc":{"start":{"line":201,"column":29},"end":{"line":204,"column":9}},"line":201},"12":{"name":"(anonymous_12)","decl":{"start":{"line":203,"column":43},"end":{"line":203,"column":44}},"loc":{"start":{"line":203,"column":65},"end":{"line":203,"column":69}},"line":203},"13":{"name":"(anonymous_13)","decl":{"start":{"line":257,"column":23},"end":{"line":257,"column":29}},"loc":{"start":{"line":257,"column":29},"end":{"line":257,"column":null}},"line":257},"14":{"name":"(anonymous_14)","decl":{"start":{"line":270,"column":23},"end":{"line":270,"column":29}},"loc":{"start":{"line":270,"column":29},"end":{"line":270,"column":null}},"line":270},"15":{"name":"(anonymous_15)","decl":{"start":{"line":309,"column":18},"end":{"line":309,"column":19}},"loc":{"start":{"line":309,"column":68},"end":{"line":376,"column":null}},"line":309},"16":{"name":"(anonymous_16)","decl":{"start":{"line":312,"column":18},"end":{"line":312,"column":19}},"loc":{"start":{"line":313,"column":8},"end":{"line":372,"column":null}},"line":313},"17":{"name":"(anonymous_17)","decl":{"start":{"line":333,"column":32},"end":{"line":333,"column":33}},"loc":{"start":{"line":334,"column":16},"end":{"line":339,"column":null}},"line":334},"18":{"name":"(anonymous_18)","decl":{"start":{"line":361,"column":37},"end":{"line":361,"column":38}},"loc":{"start":{"line":362,"column":18},"end":{"line":367,"column":null}},"line":362},"19":{"name":"(anonymous_19)","decl":{"start":{"line":379,"column":18},"end":{"line":379,"column":19}},"loc":{"start":{"line":379,"column":68},"end":{"line":449,"column":null}},"line":379},"20":{"name":"(anonymous_20)","decl":{"start":{"line":410,"column":24},"end":{"line":410,"column":25}},"loc":{"start":{"line":411,"column":14},"end":{"line":442,"column":null}},"line":411},"21":{"name":"(anonymous_21)","decl":{"start":{"line":422,"column":38},"end":{"line":422,"column":39}},"loc":{"start":{"line":423,"column":22},"end":{"line":428,"column":null}},"line":423}},"branchMap":{"0":{"loc":{"start":{"line":50,"column":5},"end":{"line":50,"column":35}},"type":"binary-expr","locations":[{"start":{"line":50,"column":5},"end":{"line":50,"column":31}},{"start":{"line":50,"column":31},"end":{"line":50,"column":35}}],"line":50},"1":{"loc":{"start":{"line":56,"column":4},"end":{"line":56,"column":null}},"type":"if","locations":[{"start":{"line":56,"column":4},"end":{"line":56,"column":null}},{"start":{},"end":{}}],"line":56},"2":{"loc":{"start":{"line":70,"column":4},"end":{"line":75,"column":null}},"type":"if","locations":[{"start":{"line":70,"column":4},"end":{"line":75,"column":null}},{"start":{},"end":{}}],"line":70},"3":{"loc":{"start":{"line":77,"column":4},"end":{"line":82,"column":null}},"type":"if","locations":[{"start":{"line":77,"column":4},"end":{"line":82,"column":null}},{"start":{},"end":{}}],"line":77},"4":{"loc":{"start":{"line":99,"column":16},"end":{"line":99,"column":null}},"type":"binary-expr","locations":[{"start":{"line":99,"column":16},"end":{"line":99,"column":44}},{"start":{"line":99,"column":44},"end":{"line":99,"column":null}}],"line":99},"5":{"loc":{"start":{"line":100,"column":20},"end":{"line":100,"column":null}},"type":"binary-expr","locations":[{"start":{"line":100,"column":20},"end":{"line":100,"column":44}},{"start":{"line":100,"column":44},"end":{"line":100,"column":null}}],"line":100},"6":{"loc":{"start":{"line":101,"column":20},"end":{"line":101,"column":null}},"type":"binary-expr","locations":[{"start":{"line":101,"column":20},"end":{"line":101,"column":44}},{"start":{"line":101,"column":44},"end":{"line":101,"column":null}}],"line":101},"7":{"loc":{"start":{"line":102,"column":19},"end":{"line":102,"column":null}},"type":"binary-expr","locations":[{"start":{"line":102,"column":19},"end":{"line":102,"column":42}},{"start":{"line":102,"column":42},"end":{"line":102,"column":null}}],"line":102},"8":{"loc":{"start":{"line":103,"column":15},"end":{"line":103,"column":null}},"type":"binary-expr","locations":[{"start":{"line":103,"column":15},"end":{"line":103,"column":34}},{"start":{"line":103,"column":34},"end":{"line":103,"column":null}}],"line":103},"9":{"loc":{"start":{"line":104,"column":22},"end":{"line":104,"column":null}},"type":"binary-expr","locations":[{"start":{"line":104,"column":22},"end":{"line":104,"column":48}},{"start":{"line":104,"column":48},"end":{"line":104,"column":null}}],"line":104},"10":{"loc":{"start":{"line":105,"column":18},"end":{"line":105,"column":null}},"type":"binary-expr","locations":[{"start":{"line":105,"column":18},"end":{"line":105,"column":40}},{"start":{"line":105,"column":40},"end":{"line":105,"column":null}}],"line":105},"11":{"loc":{"start":{"line":106,"column":22},"end":{"line":106,"column":null}},"type":"binary-expr","locations":[{"start":{"line":106,"column":22},"end":{"line":106,"column":48}},{"start":{"line":106,"column":48},"end":{"line":106,"column":null}}],"line":106},"12":{"loc":{"start":{"line":136,"column":10},"end":{"line":138,"column":null}},"type":"cond-expr","locations":[{"start":{"line":137,"column":14},"end":{"line":137,"column":null}},{"start":{"line":138,"column":14},"end":{"line":138,"column":null}}],"line":136},"13":{"loc":{"start":{"line":161,"column":12},"end":{"line":161,"column":null}},"type":"cond-expr","locations":[{"start":{"line":161,"column":45},"end":{"line":161,"column":52}},{"start":{"line":161,"column":52},"end":{"line":161,"column":null}}],"line":161},"14":{"loc":{"start":{"line":162,"column":19},"end":{"line":162,"column":null}},"type":"cond-expr","locations":[{"start":{"line":162,"column":51},"end":{"line":162,"column":58}},{"start":{"line":162,"column":58},"end":{"line":162,"column":null}}],"line":162},"15":{"loc":{"start":{"line":163,"column":15},"end":{"line":163,"column":null}},"type":"cond-expr","locations":[{"start":{"line":163,"column":43},"end":{"line":163,"column":50}},{"start":{"line":163,"column":50},"end":{"line":163,"column":null}}],"line":163},"16":{"loc":{"start":{"line":165,"column":12},"end":{"line":169,"column":null}},"type":"cond-expr","locations":[{"start":{"line":166,"column":16},"end":{"line":166,"column":null}},{"start":{"line":167,"column":16},"end":{"line":169,"column":null}}],"line":165},"17":{"loc":{"start":{"line":167,"column":16},"end":{"line":169,"column":null}},"type":"cond-expr","locations":[{"start":{"line":168,"column":16},"end":{"line":168,"column":null}},{"start":{"line":169,"column":16},"end":{"line":169,"column":null}}],"line":167},"18":{"loc":{"start":{"line":180,"column":6},"end":{"line":205,"column":null}},"type":"if","locations":[{"start":{"line":180,"column":6},"end":{"line":205,"column":null}},{"start":{"line":193,"column":13},"end":{"line":205,"column":null}}],"line":180},"19":{"loc":{"start":{"line":221,"column":11},"end":{"line":228,"column":null}},"type":"binary-expr","locations":[{"start":{"line":221,"column":11},"end":{"line":221,"column":null}},{"start":{"line":222,"column":12},"end":{"line":228,"column":null}}],"line":221},"20":{"loc":{"start":{"line":225,"column":17},"end":{"line":225,"column":null}},"type":"binary-expr","locations":[{"start":{"line":225,"column":17},"end":{"line":225,"column":45}},{"start":{"line":225,"column":45},"end":{"line":225,"column":null}}],"line":225},"21":{"loc":{"start":{"line":241,"column":15},"end":{"line":241,"column":null}},"type":"cond-expr","locations":[{"start":{"line":241,"column":26},"end":{"line":241,"column":40}},{"start":{"line":241,"column":40},"end":{"line":241,"column":null}}],"line":241},"22":{"loc":{"start":{"line":258,"column":23},"end":{"line":258,"column":null}},"type":"cond-expr","locations":[{"start":{"line":258,"column":46},"end":{"line":258,"column":58}},{"start":{"line":258,"column":58},"end":{"line":258,"column":null}}],"line":258},"23":{"loc":{"start":{"line":261,"column":16},"end":{"line":263,"column":null}},"type":"cond-expr","locations":[{"start":{"line":262,"column":20},"end":{"line":262,"column":null}},{"start":{"line":263,"column":20},"end":{"line":263,"column":null}}],"line":261},"24":{"loc":{"start":{"line":271,"column":23},"end":{"line":271,"column":null}},"type":"cond-expr","locations":[{"start":{"line":271,"column":46},"end":{"line":271,"column":58}},{"start":{"line":271,"column":58},"end":{"line":271,"column":null}}],"line":271},"25":{"loc":{"start":{"line":274,"column":16},"end":{"line":276,"column":null}},"type":"cond-expr","locations":[{"start":{"line":275,"column":20},"end":{"line":275,"column":null}},{"start":{"line":276,"column":20},"end":{"line":276,"column":null}}],"line":274},"26":{"loc":{"start":{"line":288,"column":26},"end":{"line":288,"column":null}},"type":"cond-expr","locations":[{"start":{"line":288,"column":38},"end":{"line":288,"column":73}},{"start":{"line":288,"column":73},"end":{"line":288,"column":null}}],"line":288},"27":{"loc":{"start":{"line":289,"column":13},"end":{"line":292,"column":null}},"type":"cond-expr","locations":[{"start":{"line":290,"column":14},"end":{"line":290,"column":null}},{"start":{"line":292,"column":14},"end":{"line":292,"column":null}}],"line":289},"28":{"loc":{"start":{"line":297,"column":11},"end":{"line":300,"column":null}},"type":"binary-expr","locations":[{"start":{"line":297,"column":11},"end":{"line":297,"column":null}},{"start":{"line":298,"column":12},"end":{"line":300,"column":null}}],"line":297},"29":{"loc":{"start":{"line":360,"column":17},"end":{"line":360,"column":65}},"type":"binary-expr","locations":[{"start":{"line":360,"column":17},"end":{"line":360,"column":50}},{"start":{"line":360,"column":50},"end":{"line":360,"column":65}}],"line":360}},"s":{"0":3,"1":2,"2":2,"3":2,"4":2,"5":2,"6":2,"7":2,"8":2,"9":1,"10":4,"11":2,"12":1,"13":0,"14":1,"15":1,"16":4,"17":2,"18":2,"19":0,"20":0,"21":0,"22":0,"23":0,"24":0,"25":0,"26":0,"27":0,"28":0,"29":0,"30":0,"31":0,"32":0,"33":0,"34":0,"35":0,"36":2,"37":0,"38":0,"39":0,"40":0,"41":0,"42":0,"43":0,"44":0,"45":0,"46":0,"47":0,"48":0,"49":0,"50":0,"51":0,"52":0,"53":0,"54":2,"55":0,"56":0,"57":3,"58":2,"59":8,"60":24,"61":8,"62":3,"63":0,"64":0,"65":0},"f":{"0":2,"1":1,"2":4,"3":1,"4":1,"5":4,"6":0,"7":0,"8":0,"9":0,"10":0,"11":0,"12":0,"13":0,"14":0,"15":2,"16":8,"17":24,"18":8,"19":0,"20":0,"21":0},"b":{"0":[1,0],"1":[0,1],"2":[0,0],"3":[0,0],"4":[0,0],"5":[0,0],"6":[0,0],"7":[0,0],"8":[0,0],"9":[0,0],"10":[0,0],"11":[0,0],"12":[0,0],"13":[0,0],"14":[0,0],"15":[0,0],"16":[0,0],"17":[0,0],"18":[0,0],"19":[2,2],"20":[2,0],"21":[0,2],"22":[2,0],"23":[2,0],"24":[0,2],"25":[0,2],"26":[0,2],"27":[2,0],"28":[2,0],"29":[8,0]},"meta":{"lastBranch":30,"lastFunction":22,"lastStatement":66,"seen":{"s:41:16:306:Infinity":0,"f:41:16:41:22":0,"s:42:8:42:Infinity":1,"s:43:8:43:Infinity":2,"s:44:13:44:Infinity":3,"s:45:30:45:Infinity":4,"s:46:30:46:Infinity":5,"s:47:32:47:Infinity":6,"s:48:29:48:Infinity":7,"s:49:26:53:Infinity":8,"f:49:48:49:Infinity":1,"s:49:48:52:Infinity":9,"b:50:5:50:31:50:31:50:35":0,"f:50:39:50:40":2,"s:50:40:51:Infinity":10,"s:55:2:62:Infinity":11,"f:55:12:55:18":3,"b:56:4:56:Infinity:undefined:undefined:undefined:undefined":1,"s:56:4:56:Infinity":12,"s:56:33:56:Infinity":13,"s:58:4:61:Infinity":14,"f:58:15:58:16":4,"s:58:25:61:5":15,"f:60:35:60:36":5,"s:60:57:60:61":16,"s:65:22:65:Infinity":17,"s:69:30:143:Infinity":18,"f:69:30:69:42":6,"b:70:4:75:Infinity:undefined:undefined:undefined:undefined":2,"s:70:4:75:Infinity":19,"s:71:6:73:Infinity":20,"s:74:6:74:Infinity":21,"b:77:4:82:Infinity:undefined:undefined:undefined:undefined":3,"s:77:4:82:Infinity":22,"s:78:6:80:Infinity":23,"s:81:6:81:Infinity":24,"s:84:4:84:Infinity":25,"s:86:4:142:Infinity":26,"s:88:12:93:Infinity":27,"s:96:33:122:Infinity":28,"b:99:16:99:44:99:44:99:Infinity":4,"b:100:20:100:44:100:44:100:Infinity":5,"b:101:20:101:44:101:44:101:Infinity":6,"b:102:19:102:42:102:42:102:Infinity":7,"b:103:15:103:34:103:34:103:Infinity":8,"b:104:22:104:48:104:48:104:Infinity":9,"b:105:18:105:40:105:40:105:Infinity":10,"b:106:22:106:48:106:48:106:Infinity":11,"f:108:27:108:28":7,"s:108:39:120:10":29,"s:124:6:124:Infinity":30,"s:127:6:127:Infinity":31,"s:129:6:131:Infinity":32,"s:133:6:133:Infinity":33,"s:134:6:139:Infinity":34,"b:137:14:137:Infinity:138:14:138:Infinity":12,"s:141:6:141:Infinity":35,"s:149:38:209:Infinity":36,"f:149:38:149:50":8,"s:150:4:150:Infinity":37,"s:151:4:208:Infinity":38,"s:152:23:174:Infinity":39,"b:161:45:161:52:161:52:161:Infinity":13,"b:162:51:162:58:162:58:162:Infinity":14,"b:163:43:163:50:163:50:163:Infinity":15,"b:166:16:166:Infinity:167:16:169:Infinity":16,"b:168:16:168:Infinity:169:16:169:Infinity":17,"s:176:6:176:Infinity":40,"s:178:21:178:Infinity":41,"b:180:6:205:Infinity:193:13:205:Infinity":18,"s:180:6:205:Infinity":42,"s:181:8:181:Infinity":43,"s:182:8:192:Infinity":44,"s:194:8:194:Infinity":45,"s:196:26:198:Infinity":46,"f:196:56:196:57":9,"s:196:57:197:Infinity":47,"s:199:8:199:Infinity":48,"f:199:18:199:19":10,"s:199:28:199:51":49,"s:201:8:204:Infinity":50,"f:201:19:201:20":11,"s:201:29:204:9":51,"f:203:43:203:44":12,"s:203:65:203:69":52,"s:207:6:207:Infinity":53,"s:211:2:304:Infinity":54,"b:221:11:221:Infinity:222:12:228:Infinity":19,"b:225:17:225:45:225:45:225:Infinity":20,"b:241:26:241:40:241:40:241:Infinity":21,"f:257:23:257:29":13,"s:257:29:257:Infinity":55,"b:258:46:258:58:258:58:258:Infinity":22,"b:262:20:262:Infinity:263:20:263:Infinity":23,"f:270:23:270:29":14,"s:270:29:270:Infinity":56,"b:271:46:271:58:271:58:271:Infinity":24,"b:275:20:275:Infinity:276:20:276:Infinity":25,"b:288:38:288:73:288:73:288:Infinity":26,"b:290:14:290:Infinity:292:14:292:Infinity":27,"b:297:11:297:Infinity:298:12:300:Infinity":28,"s:309:18:376:Infinity":57,"f:309:18:309:19":15,"s:310:2:374:Infinity":58,"f:312:18:312:19":16,"s:313:8:372:Infinity":59,"f:333:32:333:33":17,"s:334:16:339:Infinity":60,"b:360:17:360:50:360:50:360:65":29,"f:361:37:361:38":18,"s:362:18:367:Infinity":61,"s:379:18:449:Infinity":62,"f:379:18:379:19":19,"s:380:2:447:Infinity":63,"f:410:24:410:25":20,"s:411:14:442:Infinity":64,"f:422:38:422:39":21,"s:423:22:428:Infinity":65}}}
,"/Users/admin/agile_test/client/src/pages/SignUp.tsx": {"path":"/Users/admin/agile_test/client/src/pages/SignUp.tsx","statementMap":{"0":{"start":{"line":21,"column":15},"end":{"line":156,"column":null}},"1":{"start":{"line":22,"column":8},"end":{"line":22,"column":null}},"2":{"start":{"line":23,"column":25},"end":{"line":23,"column":null}},"3":{"start":{"line":24,"column":30},"end":{"line":29,"column":null}},"4":{"start":{"line":30,"column":26},"end":{"line":30,"column":null}},"5":{"start":{"line":31,"column":32},"end":{"line":31,"column":null}},"6":{"start":{"line":33,"column":23},"end":{"line":41,"column":null}},"7":{"start":{"line":34,"column":17},"end":{"line":34,"column":null}},"8":{"start":{"line":35,"column":18},"end":{"line":35,"column":null}},"9":{"start":{"line":36,"column":4},"end":{"line":36,"column":null}},"10":{"start":{"line":36,"column":43},"end":{"line":36,"column":68}},"11":{"start":{"line":37,"column":4},"end":{"line":40,"column":null}},"12":{"start":{"line":37,"column":50},"end":{"line":40,"column":6}},"13":{"start":{"line":43,"column":23},"end":{"line":88,"column":null}},"14":{"start":{"line":44,"column":4},"end":{"line":44,"column":null}},"15":{"start":{"line":45,"column":4},"end":{"line":45,"column":null}},"16":{"start":{"line":47,"column":19},"end":{"line":47,"column":null}},"17":{"start":{"line":48,"column":4},"end":{"line":57,"column":null}},"18":{"start":{"line":49,"column":51},"end":{"line":49,"column":null}},"19":{"start":{"line":50,"column":6},"end":{"line":54,"column":null}},"20":{"start":{"line":51,"column":8},"end":{"line":53,"column":null}},"21":{"start":{"line":52,"column":10},"end":{"line":52,"column":null}},"22":{"start":{"line":55,"column":6},"end":{"line":55,"column":null}},"23":{"start":{"line":56,"column":6},"end":{"line":56,"column":null}},"24":{"start":{"line":59,"column":43},"end":{"line":59,"column":null}},"25":{"start":{"line":61,"column":4},"end":{"line":61,"column":null}},"26":{"start":{"line":62,"column":4},"end":{"line":87,"column":null}},"27":{"start":{"line":63,"column":19},"end":{"line":63,"column":null}},"28":{"start":{"line":65,"column":6},"end":{"line":65,"column":null}},"29":{"start":{"line":67,"column":6},"end":{"line":72,"column":null}},"30":{"start":{"line":74,"column":6},"end":{"line":74,"column":null}},"31":{"start":{"line":76,"column":6},"end":{"line":78,"column":null}},"32":{"start":{"line":79,"column":6},"end":{"line":79,"column":null}},"33":{"start":{"line":81,"column":18},"end":{"line":81,"column":null}},"34":{"start":{"line":82,"column":6},"end":{"line":84,"column":null}},"35":{"start":{"line":86,"column":6},"end":{"line":86,"column":null}},"36":{"start":{"line":90,"column":2},"end":{"line":154,"column":null}}},"fnMap":{"0":{"name":"(anonymous_0)","decl":{"start":{"line":21,"column":15},"end":{"line":21,"column":21}},"loc":{"start":{"line":21,"column":21},"end":{"line":156,"column":null}},"line":21},"1":{"name":"(anonymous_1)","decl":{"start":{"line":33,"column":23},"end":{"line":33,"column":24}},"loc":{"start":{"line":33,"column":67},"end":{"line":41,"column":null}},"line":33},"2":{"name":"(anonymous_2)","decl":{"start":{"line":36,"column":16},"end":{"line":36,"column":17}},"loc":{"start":{"line":36,"column":43},"end":{"line":36,"column":68}},"line":36},"3":{"name":"(anonymous_3)","decl":{"start":{"line":37,"column":14},"end":{"line":37,"column":15}},"loc":{"start":{"line":37,"column":50},"end":{"line":40,"column":6}},"line":37},"4":{"name":"(anonymous_4)","decl":{"start":{"line":43,"column":23},"end":{"line":43,"column":30}},"loc":{"start":{"line":43,"column":53},"end":{"line":88,"column":null}},"line":43},"5":{"name":"(anonymous_5)","decl":{"start":{"line":50,"column":34},"end":{"line":50,"column":35}},"loc":{"start":{"line":50,"column":43},"end":{"line":54,"column":7}},"line":50}},"branchMap":{"0":{"loc":{"start":{"line":48,"column":4},"end":{"line":57,"column":null}},"type":"if","locations":[{"start":{"line":48,"column":4},"end":{"line":57,"column":null}},{"start":{},"end":{}}],"line":48},"1":{"loc":{"start":{"line":51,"column":8},"end":{"line":53,"column":null}},"type":"if","locations":[{"start":{"line":51,"column":8},"end":{"line":53,"column":null}},{"start":{},"end":{}}],"line":51},"2":{"loc":{"start":{"line":51,"column":12},"end":{"line":51,"column":37}},"type":"binary-expr","locations":[{"start":{"line":51,"column":12},"end":{"line":51,"column":24}},{"start":{"line":51,"column":24},"end":{"line":51,"column":37}}],"line":51},"3":{"loc":{"start":{"line":140,"column":15},"end":{"line":140,"column":null}},"type":"cond-expr","locations":[{"start":{"line":140,"column":27},"end":{"line":140,"column":43}},{"start":{"line":140,"column":43},"end":{"line":140,"column":null}}],"line":140}},"s":{"0":3,"1":57,"2":57,"3":57,"4":57,"5":57,"6":57,"7":54,"8":54,"9":54,"10":54,"11":54,"12":54,"13":57,"14":1,"15":1,"16":1,"17":1,"18":0,"19":0,"20":0,"21":0,"22":0,"23":0,"24":1,"25":1,"26":1,"27":1,"28":1,"29":1,"30":1,"31":1,"32":1,"33":0,"34":0,"35":1,"36":57},"f":{"0":57,"1":54,"2":54,"3":54,"4":1,"5":0},"b":{"0":[0,1],"1":[0,0],"2":[0,0],"3":[1,56]},"meta":{"lastBranch":4,"lastFunction":6,"lastStatement":37,"seen":{"s:21:15:156:Infinity":0,"f:21:15:21:21":0,"s:22:8:22:Infinity":1,"s:23:25:23:Infinity":2,"s:24:30:29:Infinity":3,"s:30:26:30:Infinity":4,"s:31:32:31:Infinity":5,"s:33:23:41:Infinity":6,"f:33:23:33:24":1,"s:34:17:34:Infinity":7,"s:35:18:35:Infinity":8,"s:36:4:36:Infinity":9,"f:36:16:36:17":2,"s:36:43:36:68":10,"s:37:4:40:Infinity":11,"f:37:14:37:15":3,"s:37:50:40:6":12,"s:43:23:88:Infinity":13,"f:43:23:43:30":4,"s:44:4:44:Infinity":14,"s:45:4:45:Infinity":15,"s:47:19:47:Infinity":16,"b:48:4:57:Infinity:undefined:undefined:undefined:undefined":0,"s:48:4:57:Infinity":17,"s:49:51:49:Infinity":18,"s:50:6:54:Infinity":19,"f:50:34:50:35":5,"b:51:8:53:Infinity:undefined:undefined:undefined:undefined":1,"s:51:8:53:Infinity":20,"b:51:12:51:24:51:24:51:37":2,"s:52:10:52:Infinity":21,"s:55:6:55:Infinity":22,"s:56:6:56:Infinity":23,"s:59:43:59:Infinity":24,"s:61:4:61:Infinity":25,"s:62:4:87:Infinity":26,"s:63:19:63:Infinity":27,"s:65:6:65:Infinity":28,"s:67:6:72:Infinity":29,"s:74:6:74:Infinity":30,"s:76:6:78:Infinity":31,"s:79:6:79:Infinity":32,"s:81:18:81:Infinity":33,"s:82:6:84:Infinity":34,"s:86:6:86:Infinity":35,"s:90:2:154:Infinity":36,"b:140:27:140:43:140:43:140:Infinity":3}}}
,"/Users/admin/agile_test/client/src/routes/ProtectedRoute.tsx": {"path":"/Users/admin/agile_test/client/src/routes/ProtectedRoute.tsx","statementMap":{"0":{"start":{"line":10,"column":30},"end":{"line":23,"column":null}},"1":{"start":{"line":11,"column":22},"end":{"line":11,"column":null}},"2":{"start":{"line":12,"column":8},"end":{"line":12,"column":null}},"3":{"start":{"line":14,"column":2},"end":{"line":16,"column":null}},"4":{"start":{"line":15,"column":4},"end":{"line":15,"column":null}},"5":{"start":{"line":18,"column":2},"end":{"line":20,"column":null}},"6":{"start":{"line":19,"column":4},"end":{"line":19,"column":null}},"7":{"start":{"line":22,"column":2},"end":{"line":22,"column":null}}},"fnMap":{"0":{"name":"(anonymous_0)","decl":{"start":{"line":10,"column":30},"end":{"line":10,"column":31}},"loc":{"start":{"line":10,"column":67},"end":{"line":23,"column":null}},"line":10}},"branchMap":{"0":{"loc":{"start":{"line":14,"column":2},"end":{"line":16,"column":null}},"type":"if","locations":[{"start":{"line":14,"column":2},"end":{"line":16,"column":null}},{"start":{},"end":{}}],"line":14},"1":{"loc":{"start":{"line":18,"column":2},"end":{"line":20,"column":null}},"type":"if","locations":[{"start":{"line":18,"column":2},"end":{"line":20,"column":null}},{"start":{},"end":{}}],"line":18}},"s":{"0":3,"1":7,"2":7,"3":7,"4":0,"5":7,"6":2,"7":5},"f":{"0":7},"b":{"0":[0,7],"1":[2,5]},"meta":{"lastBranch":2,"lastFunction":1,"lastStatement":8,"seen":{"s:10:30:23:Infinity":0,"f:10:30:10:31":0,"s:11:22:11:Infinity":1,"s:12:8:12:Infinity":2,"b:14:2:16:Infinity:undefined:undefined:undefined:undefined":0,"s:14:2:16:Infinity":3,"s:15:4:15:Infinity":4,"b:18:2:20:Infinity:undefined:undefined:undefined:undefined":1,"s:18:2:20:Infinity":5,"s:19:4:19:Infinity":6,"s:22:2:22:Infinity":7}}}
,"/Users/admin/agile_test/client/src/schemas/auth.ts": {"path":"/Users/admin/agile_test/client/src/schemas/auth.ts","statementMap":{"0":{"start":{"line":3,"column":28},"end":{"line":11,"column":null}},"1":{"start":{"line":8,"column":20},"end":{"line":8,"column":60}},"2":{"start":{"line":13,"column":28},"end":{"line":16,"column":null}}},"fnMap":{"0":{"name":"(anonymous_0)","decl":{"start":{"line":8,"column":10},"end":{"line":8,"column":11}},"loc":{"start":{"line":8,"column":20},"end":{"line":8,"column":60}},"line":8}},"branchMap":{},"s":{"0":3,"1":1,"2":3},"f":{"0":1},"b":{},"meta":{"lastBranch":0,"lastFunction":1,"lastStatement":3,"seen":{"s:3:28:11:Infinity":0,"f:8:10:8:11":0,"s:8:20:8:60":1,"s:13:28:16:Infinity":2}}}
,"/Users/admin/agile_test/client/src/schemas/preferencesSchema.ts": {"path":"/Users/admin/agile_test/client/src/schemas/preferencesSchema.ts","statementMap":{"0":{"start":{"line":3,"column":33},"end":{"line":20,"column":null}}},"fnMap":{},"branchMap":{},"s":{"0":3},"f":{},"b":{},"meta":{"lastBranch":0,"lastFunction":0,"lastStatement":1,"seen":{"s:3:33:20:Infinity":0}}}
}
